{"error":{"diagnosticText":"src/entity/User.ts(35,23): error TS1005: ';' expected.\nsrc/entity/User.ts(35,26): error TS1005: '=>' expected.\nsrc/entity/User.ts(45,1): error TS1128: Declaration or statement expected.\n","diagnosticCodes":[1005,1005,1128]},"level":"error","message":"uncaughtException: ⨯ Unable to compile TypeScript:\nsrc/entity/User.ts(35,23): error TS1005: ';' expected.\nsrc/entity/User.ts(35,26): error TS1005: '=>' expected.\nsrc/entity/User.ts(45,1): error TS1128: Declaration or statement expected.\n\nTSError: ⨯ Unable to compile TypeScript:\nsrc/entity/User.ts(35,23): error TS1005: ';' expected.\nsrc/entity/User.ts(35,26): error TS1005: '=>' expected.\nsrc/entity/User.ts(45,1): error TS1128: Declaration or statement expected.\n\n    at createTSError (/usr/local/lib/node_modules/pm2/node_modules/ts-node/src/index.ts:261:12)\n    at getOutput (/usr/local/lib/node_modules/pm2/node_modules/ts-node/src/index.ts:367:40)\n    at Object.compile (/usr/local/lib/node_modules/pm2/node_modules/ts-node/src/index.ts:558:11)\n    at Module.m._compile (/usr/local/lib/node_modules/pm2/node_modules/ts-node/src/index.ts:439:43)\n    at Module._extensions..js (module.js:664:10)\n    at Object.require.extensions.(anonymous function) [as .ts] (/usr/local/lib/node_modules/pm2/node_modules/ts-node/src/index.ts:442:12)\n    at Module.load (module.js:566:32)\n    at tryModuleLoad (module.js:506:12)\n    at Function.Module._load (module.js:498:3)\n    at Module.require (module.js:597:17)","stack":"TSError: ⨯ Unable to compile TypeScript:\nsrc/entity/User.ts(35,23): error TS1005: ';' expected.\nsrc/entity/User.ts(35,26): error TS1005: '=>' expected.\nsrc/entity/User.ts(45,1): error TS1128: Declaration or statement expected.\n\n    at createTSError (/usr/local/lib/node_modules/pm2/node_modules/ts-node/src/index.ts:261:12)\n    at getOutput (/usr/local/lib/node_modules/pm2/node_modules/ts-node/src/index.ts:367:40)\n    at Object.compile (/usr/local/lib/node_modules/pm2/node_modules/ts-node/src/index.ts:558:11)\n    at Module.m._compile (/usr/local/lib/node_modules/pm2/node_modules/ts-node/src/index.ts:439:43)\n    at Module._extensions..js (module.js:664:10)\n    at Object.require.extensions.(anonymous function) [as .ts] (/usr/local/lib/node_modules/pm2/node_modules/ts-node/src/index.ts:442:12)\n    at Module.load (module.js:566:32)\n    at tryModuleLoad (module.js:506:12)\n    at Function.Module._load (module.js:498:3)\n    at Module.require (module.js:597:17)","exception":true,"date":"Sun Jan 20 2019 03:37:10 GMT+0000 (UTC)","process":{"pid":647,"uid":0,"gid":0,"cwd":"/usr/src/app/doodoo-todo-api2","execPath":"/usr/local/bin/node","version":"v8.15.0","argv":["node","/usr/local/lib/node_modules/pm2/lib/ProcessContainerFork.js"],"memoryUsage":{"rss":165240832,"heapTotal":111915008,"heapUsed":79871256,"external":72206}},"os":{"loadavg":[0.33203125,0.130859375,0.08203125],"uptime":27675},"trace":[{"column":12,"file":"/usr/local/lib/node_modules/pm2/node_modules/ts-node/src/index.ts","function":"createTSError","line":261,"method":null,"native":false},{"column":40,"file":"/usr/local/lib/node_modules/pm2/node_modules/ts-node/src/index.ts","function":"getOutput","line":367,"method":null,"native":false},{"column":11,"file":"/usr/local/lib/node_modules/pm2/node_modules/ts-node/src/index.ts","function":"Object.compile","line":558,"method":"compile","native":false},{"column":43,"file":"/usr/local/lib/node_modules/pm2/node_modules/ts-node/src/index.ts","function":"Module.m._compile","line":439,"method":"_compile","native":false},{"column":10,"file":"module.js","function":"Module._extensions..js","line":664,"method":".js","native":false},{"column":12,"file":"/usr/local/lib/node_modules/pm2/node_modules/ts-node/src/index.ts","function":"Object.require.extensions.(anonymous function) [as .ts]","line":442,"method":"ts]","native":false},{"column":32,"file":"module.js","function":"Module.load","line":566,"method":"load","native":false},{"column":12,"file":"module.js","function":"tryModuleLoad","line":506,"method":null,"native":false},{"column":3,"file":"module.js","function":"Module._load","line":498,"method":"_load","native":false},{"column":17,"file":"module.js","function":"Module.require","line":597,"method":"require","native":false}]}
{"error":{"diagnosticText":"src/service/AuthService.ts(7,11): error TS6133: 'authentication' is declared but its value is never read.\n","diagnosticCodes":[6133]},"level":"error","message":"uncaughtException: ⨯ Unable to compile TypeScript:\nsrc/service/AuthService.ts(7,11): error TS6133: 'authentication' is declared but its value is never read.\n\nTSError: ⨯ Unable to compile TypeScript:\nsrc/service/AuthService.ts(7,11): error TS6133: 'authentication' is declared but its value is never read.\n\n    at createTSError (/usr/local/lib/node_modules/pm2/node_modules/ts-node/src/index.ts:261:12)\n    at getOutput (/usr/local/lib/node_modules/pm2/node_modules/ts-node/src/index.ts:367:40)\n    at Object.compile (/usr/local/lib/node_modules/pm2/node_modules/ts-node/src/index.ts:558:11)\n    at Module.m._compile (/usr/local/lib/node_modules/pm2/node_modules/ts-node/src/index.ts:439:43)\n    at Module._extensions..js (module.js:664:10)\n    at Object.require.extensions.(anonymous function) [as .ts] (/usr/local/lib/node_modules/pm2/node_modules/ts-node/src/index.ts:442:12)\n    at Module.load (module.js:566:32)\n    at tryModuleLoad (module.js:506:12)\n    at Function.Module._load (module.js:498:3)\n    at Module.require (module.js:597:17)","stack":"TSError: ⨯ Unable to compile TypeScript:\nsrc/service/AuthService.ts(7,11): error TS6133: 'authentication' is declared but its value is never read.\n\n    at createTSError (/usr/local/lib/node_modules/pm2/node_modules/ts-node/src/index.ts:261:12)\n    at getOutput (/usr/local/lib/node_modules/pm2/node_modules/ts-node/src/index.ts:367:40)\n    at Object.compile (/usr/local/lib/node_modules/pm2/node_modules/ts-node/src/index.ts:558:11)\n    at Module.m._compile (/usr/local/lib/node_modules/pm2/node_modules/ts-node/src/index.ts:439:43)\n    at Module._extensions..js (module.js:664:10)\n    at Object.require.extensions.(anonymous function) [as .ts] (/usr/local/lib/node_modules/pm2/node_modules/ts-node/src/index.ts:442:12)\n    at Module.load (module.js:566:32)\n    at tryModuleLoad (module.js:506:12)\n    at Function.Module._load (module.js:498:3)\n    at Module.require (module.js:597:17)","exception":true,"date":"Sun Jan 20 2019 03:56:50 GMT+0000 (UTC)","process":{"pid":859,"uid":0,"gid":0,"cwd":"/usr/src/app/doodoo-todo-api2","execPath":"/usr/local/bin/node","version":"v8.15.0","argv":["node","/usr/local/lib/node_modules/pm2/lib/ProcessContainerFork.js"],"memoryUsage":{"rss":169345024,"heapTotal":115060736,"heapUsed":84939744,"external":126715}},"os":{"loadavg":[0.2451171875,0.18408203125,0.130859375],"uptime":28857},"trace":[{"column":12,"file":"/usr/local/lib/node_modules/pm2/node_modules/ts-node/src/index.ts","function":"createTSError","line":261,"method":null,"native":false},{"column":40,"file":"/usr/local/lib/node_modules/pm2/node_modules/ts-node/src/index.ts","function":"getOutput","line":367,"method":null,"native":false},{"column":11,"file":"/usr/local/lib/node_modules/pm2/node_modules/ts-node/src/index.ts","function":"Object.compile","line":558,"method":"compile","native":false},{"column":43,"file":"/usr/local/lib/node_modules/pm2/node_modules/ts-node/src/index.ts","function":"Module.m._compile","line":439,"method":"_compile","native":false},{"column":10,"file":"module.js","function":"Module._extensions..js","line":664,"method":".js","native":false},{"column":12,"file":"/usr/local/lib/node_modules/pm2/node_modules/ts-node/src/index.ts","function":"Object.require.extensions.(anonymous function) [as .ts]","line":442,"method":"ts]","native":false},{"column":32,"file":"module.js","function":"Module.load","line":566,"method":"load","native":false},{"column":12,"file":"module.js","function":"tryModuleLoad","line":506,"method":null,"native":false},{"column":3,"file":"module.js","function":"Module._load","line":498,"method":"_load","native":false},{"column":17,"file":"module.js","function":"Module.require","line":597,"method":"require","native":false}]}
{"error":{"diagnosticText":"src/service/AuthService.ts(7,11): error TS6133: 'authentication' is declared but its value is never read.\n","diagnosticCodes":[6133]},"level":"error","message":"uncaughtException: ⨯ Unable to compile TypeScript:\nsrc/service/AuthService.ts(7,11): error TS6133: 'authentication' is declared but its value is never read.\n\nTSError: ⨯ Unable to compile TypeScript:\nsrc/service/AuthService.ts(7,11): error TS6133: 'authentication' is declared but its value is never read.\n\n    at createTSError (/usr/local/lib/node_modules/pm2/node_modules/ts-node/src/index.ts:261:12)\n    at getOutput (/usr/local/lib/node_modules/pm2/node_modules/ts-node/src/index.ts:367:40)\n    at Object.compile (/usr/local/lib/node_modules/pm2/node_modules/ts-node/src/index.ts:558:11)\n    at Module.m._compile (/usr/local/lib/node_modules/pm2/node_modules/ts-node/src/index.ts:439:43)\n    at Module._extensions..js (module.js:664:10)\n    at Object.require.extensions.(anonymous function) [as .ts] (/usr/local/lib/node_modules/pm2/node_modules/ts-node/src/index.ts:442:12)\n    at Module.load (module.js:566:32)\n    at tryModuleLoad (module.js:506:12)\n    at Function.Module._load (module.js:498:3)\n    at Module.require (module.js:597:17)","stack":"TSError: ⨯ Unable to compile TypeScript:\nsrc/service/AuthService.ts(7,11): error TS6133: 'authentication' is declared but its value is never read.\n\n    at createTSError (/usr/local/lib/node_modules/pm2/node_modules/ts-node/src/index.ts:261:12)\n    at getOutput (/usr/local/lib/node_modules/pm2/node_modules/ts-node/src/index.ts:367:40)\n    at Object.compile (/usr/local/lib/node_modules/pm2/node_modules/ts-node/src/index.ts:558:11)\n    at Module.m._compile (/usr/local/lib/node_modules/pm2/node_modules/ts-node/src/index.ts:439:43)\n    at Module._extensions..js (module.js:664:10)\n    at Object.require.extensions.(anonymous function) [as .ts] (/usr/local/lib/node_modules/pm2/node_modules/ts-node/src/index.ts:442:12)\n    at Module.load (module.js:566:32)\n    at tryModuleLoad (module.js:506:12)\n    at Function.Module._load (module.js:498:3)\n    at Module.require (module.js:597:17)","exception":true,"date":"Sun Jan 20 2019 03:57:03 GMT+0000 (UTC)","process":{"pid":869,"uid":0,"gid":0,"cwd":"/usr/src/app/doodoo-todo-api2","execPath":"/usr/local/bin/node","version":"v8.15.0","argv":["node","/usr/local/lib/node_modules/pm2/lib/ProcessContainerFork.js"],"memoryUsage":{"rss":169041920,"heapTotal":116109312,"heapUsed":84945128,"external":126715}},"os":{"loadavg":[0.35107421875,0.20751953125,0.13916015625],"uptime":28870},"trace":[{"column":12,"file":"/usr/local/lib/node_modules/pm2/node_modules/ts-node/src/index.ts","function":"createTSError","line":261,"method":null,"native":false},{"column":40,"file":"/usr/local/lib/node_modules/pm2/node_modules/ts-node/src/index.ts","function":"getOutput","line":367,"method":null,"native":false},{"column":11,"file":"/usr/local/lib/node_modules/pm2/node_modules/ts-node/src/index.ts","function":"Object.compile","line":558,"method":"compile","native":false},{"column":43,"file":"/usr/local/lib/node_modules/pm2/node_modules/ts-node/src/index.ts","function":"Module.m._compile","line":439,"method":"_compile","native":false},{"column":10,"file":"module.js","function":"Module._extensions..js","line":664,"method":".js","native":false},{"column":12,"file":"/usr/local/lib/node_modules/pm2/node_modules/ts-node/src/index.ts","function":"Object.require.extensions.(anonymous function) [as .ts]","line":442,"method":"ts]","native":false},{"column":32,"file":"module.js","function":"Module.load","line":566,"method":"load","native":false},{"column":12,"file":"module.js","function":"tryModuleLoad","line":506,"method":null,"native":false},{"column":3,"file":"module.js","function":"Module._load","line":498,"method":"_load","native":false},{"column":17,"file":"module.js","function":"Module.require","line":597,"method":"require","native":false}]}
{"error":{"diagnosticText":"src/service/AuthService.ts(7,11): error TS6133: 'authentication' is declared but its value is never read.\n","diagnosticCodes":[6133]},"level":"error","message":"uncaughtException: ⨯ Unable to compile TypeScript:\nsrc/service/AuthService.ts(7,11): error TS6133: 'authentication' is declared but its value is never read.\n\nTSError: ⨯ Unable to compile TypeScript:\nsrc/service/AuthService.ts(7,11): error TS6133: 'authentication' is declared but its value is never read.\n\n    at createTSError (/usr/local/lib/node_modules/pm2/node_modules/ts-node/src/index.ts:261:12)\n    at getOutput (/usr/local/lib/node_modules/pm2/node_modules/ts-node/src/index.ts:367:40)\n    at Object.compile (/usr/local/lib/node_modules/pm2/node_modules/ts-node/src/index.ts:558:11)\n    at Module.m._compile (/usr/local/lib/node_modules/pm2/node_modules/ts-node/src/index.ts:439:43)\n    at Module._extensions..js (module.js:664:10)\n    at Object.require.extensions.(anonymous function) [as .ts] (/usr/local/lib/node_modules/pm2/node_modules/ts-node/src/index.ts:442:12)\n    at Module.load (module.js:566:32)\n    at tryModuleLoad (module.js:506:12)\n    at Function.Module._load (module.js:498:3)\n    at Module.require (module.js:597:17)","stack":"TSError: ⨯ Unable to compile TypeScript:\nsrc/service/AuthService.ts(7,11): error TS6133: 'authentication' is declared but its value is never read.\n\n    at createTSError (/usr/local/lib/node_modules/pm2/node_modules/ts-node/src/index.ts:261:12)\n    at getOutput (/usr/local/lib/node_modules/pm2/node_modules/ts-node/src/index.ts:367:40)\n    at Object.compile (/usr/local/lib/node_modules/pm2/node_modules/ts-node/src/index.ts:558:11)\n    at Module.m._compile (/usr/local/lib/node_modules/pm2/node_modules/ts-node/src/index.ts:439:43)\n    at Module._extensions..js (module.js:664:10)\n    at Object.require.extensions.(anonymous function) [as .ts] (/usr/local/lib/node_modules/pm2/node_modules/ts-node/src/index.ts:442:12)\n    at Module.load (module.js:566:32)\n    at tryModuleLoad (module.js:506:12)\n    at Function.Module._load (module.js:498:3)\n    at Module.require (module.js:597:17)","exception":true,"date":"Sun Jan 20 2019 03:57:16 GMT+0000 (UTC)","process":{"pid":879,"uid":0,"gid":0,"cwd":"/usr/src/app/doodoo-todo-api2","execPath":"/usr/local/bin/node","version":"v8.15.0","argv":["node","/usr/local/lib/node_modules/pm2/lib/ProcessContainerFork.js"],"memoryUsage":{"rss":168271872,"heapTotal":114536448,"heapUsed":84884824,"external":126715}},"os":{"loadavg":[0.57568359375,0.263671875,0.1591796875],"uptime":28883},"trace":[{"column":12,"file":"/usr/local/lib/node_modules/pm2/node_modules/ts-node/src/index.ts","function":"createTSError","line":261,"method":null,"native":false},{"column":40,"file":"/usr/local/lib/node_modules/pm2/node_modules/ts-node/src/index.ts","function":"getOutput","line":367,"method":null,"native":false},{"column":11,"file":"/usr/local/lib/node_modules/pm2/node_modules/ts-node/src/index.ts","function":"Object.compile","line":558,"method":"compile","native":false},{"column":43,"file":"/usr/local/lib/node_modules/pm2/node_modules/ts-node/src/index.ts","function":"Module.m._compile","line":439,"method":"_compile","native":false},{"column":10,"file":"module.js","function":"Module._extensions..js","line":664,"method":".js","native":false},{"column":12,"file":"/usr/local/lib/node_modules/pm2/node_modules/ts-node/src/index.ts","function":"Object.require.extensions.(anonymous function) [as .ts]","line":442,"method":"ts]","native":false},{"column":32,"file":"module.js","function":"Module.load","line":566,"method":"load","native":false},{"column":12,"file":"module.js","function":"tryModuleLoad","line":506,"method":null,"native":false},{"column":3,"file":"module.js","function":"Module._load","line":498,"method":"_load","native":false},{"column":17,"file":"module.js","function":"Module.require","line":597,"method":"require","native":false}]}
{"error":{"diagnosticText":"src/service/AuthService.ts(7,11): error TS6133: 'authentication' is declared but its value is never read.\n","diagnosticCodes":[6133]},"level":"error","message":"uncaughtException: ⨯ Unable to compile TypeScript:\nsrc/service/AuthService.ts(7,11): error TS6133: 'authentication' is declared but its value is never read.\n\nTSError: ⨯ Unable to compile TypeScript:\nsrc/service/AuthService.ts(7,11): error TS6133: 'authentication' is declared but its value is never read.\n\n    at createTSError (/usr/local/lib/node_modules/pm2/node_modules/ts-node/src/index.ts:261:12)\n    at getOutput (/usr/local/lib/node_modules/pm2/node_modules/ts-node/src/index.ts:367:40)\n    at Object.compile (/usr/local/lib/node_modules/pm2/node_modules/ts-node/src/index.ts:558:11)\n    at Module.m._compile (/usr/local/lib/node_modules/pm2/node_modules/ts-node/src/index.ts:439:43)\n    at Module._extensions..js (module.js:664:10)\n    at Object.require.extensions.(anonymous function) [as .ts] (/usr/local/lib/node_modules/pm2/node_modules/ts-node/src/index.ts:442:12)\n    at Module.load (module.js:566:32)\n    at tryModuleLoad (module.js:506:12)\n    at Function.Module._load (module.js:498:3)\n    at Module.require (module.js:597:17)","stack":"TSError: ⨯ Unable to compile TypeScript:\nsrc/service/AuthService.ts(7,11): error TS6133: 'authentication' is declared but its value is never read.\n\n    at createTSError (/usr/local/lib/node_modules/pm2/node_modules/ts-node/src/index.ts:261:12)\n    at getOutput (/usr/local/lib/node_modules/pm2/node_modules/ts-node/src/index.ts:367:40)\n    at Object.compile (/usr/local/lib/node_modules/pm2/node_modules/ts-node/src/index.ts:558:11)\n    at Module.m._compile (/usr/local/lib/node_modules/pm2/node_modules/ts-node/src/index.ts:439:43)\n    at Module._extensions..js (module.js:664:10)\n    at Object.require.extensions.(anonymous function) [as .ts] (/usr/local/lib/node_modules/pm2/node_modules/ts-node/src/index.ts:442:12)\n    at Module.load (module.js:566:32)\n    at tryModuleLoad (module.js:506:12)\n    at Function.Module._load (module.js:498:3)\n    at Module.require (module.js:597:17)","exception":true,"date":"Sun Jan 20 2019 03:57:28 GMT+0000 (UTC)","process":{"pid":889,"uid":0,"gid":0,"cwd":"/usr/src/app/doodoo-todo-api2","execPath":"/usr/local/bin/node","version":"v8.15.0","argv":["node","/usr/local/lib/node_modules/pm2/lib/ProcessContainerFork.js"],"memoryUsage":{"rss":168898560,"heapTotal":112439296,"heapUsed":86672472,"external":134907}},"os":{"loadavg":[0.72119140625,0.30517578125,0.17431640625],"uptime":28895},"trace":[{"column":12,"file":"/usr/local/lib/node_modules/pm2/node_modules/ts-node/src/index.ts","function":"createTSError","line":261,"method":null,"native":false},{"column":40,"file":"/usr/local/lib/node_modules/pm2/node_modules/ts-node/src/index.ts","function":"getOutput","line":367,"method":null,"native":false},{"column":11,"file":"/usr/local/lib/node_modules/pm2/node_modules/ts-node/src/index.ts","function":"Object.compile","line":558,"method":"compile","native":false},{"column":43,"file":"/usr/local/lib/node_modules/pm2/node_modules/ts-node/src/index.ts","function":"Module.m._compile","line":439,"method":"_compile","native":false},{"column":10,"file":"module.js","function":"Module._extensions..js","line":664,"method":".js","native":false},{"column":12,"file":"/usr/local/lib/node_modules/pm2/node_modules/ts-node/src/index.ts","function":"Object.require.extensions.(anonymous function) [as .ts]","line":442,"method":"ts]","native":false},{"column":32,"file":"module.js","function":"Module.load","line":566,"method":"load","native":false},{"column":12,"file":"module.js","function":"tryModuleLoad","line":506,"method":null,"native":false},{"column":3,"file":"module.js","function":"Module._load","line":498,"method":"_load","native":false},{"column":17,"file":"module.js","function":"Module.require","line":597,"method":"require","native":false}]}
{"error":{"diagnosticText":"src/service/AuthService.ts(7,11): error TS6133: 'authentication' is declared but its value is never read.\n","diagnosticCodes":[6133]},"level":"error","message":"uncaughtException: ⨯ Unable to compile TypeScript:\nsrc/service/AuthService.ts(7,11): error TS6133: 'authentication' is declared but its value is never read.\n\nTSError: ⨯ Unable to compile TypeScript:\nsrc/service/AuthService.ts(7,11): error TS6133: 'authentication' is declared but its value is never read.\n\n    at createTSError (/usr/local/lib/node_modules/pm2/node_modules/ts-node/src/index.ts:261:12)\n    at getOutput (/usr/local/lib/node_modules/pm2/node_modules/ts-node/src/index.ts:367:40)\n    at Object.compile (/usr/local/lib/node_modules/pm2/node_modules/ts-node/src/index.ts:558:11)\n    at Module.m._compile (/usr/local/lib/node_modules/pm2/node_modules/ts-node/src/index.ts:439:43)\n    at Module._extensions..js (module.js:664:10)\n    at Object.require.extensions.(anonymous function) [as .ts] (/usr/local/lib/node_modules/pm2/node_modules/ts-node/src/index.ts:442:12)\n    at Module.load (module.js:566:32)\n    at tryModuleLoad (module.js:506:12)\n    at Function.Module._load (module.js:498:3)\n    at Module.require (module.js:597:17)","stack":"TSError: ⨯ Unable to compile TypeScript:\nsrc/service/AuthService.ts(7,11): error TS6133: 'authentication' is declared but its value is never read.\n\n    at createTSError (/usr/local/lib/node_modules/pm2/node_modules/ts-node/src/index.ts:261:12)\n    at getOutput (/usr/local/lib/node_modules/pm2/node_modules/ts-node/src/index.ts:367:40)\n    at Object.compile (/usr/local/lib/node_modules/pm2/node_modules/ts-node/src/index.ts:558:11)\n    at Module.m._compile (/usr/local/lib/node_modules/pm2/node_modules/ts-node/src/index.ts:439:43)\n    at Module._extensions..js (module.js:664:10)\n    at Object.require.extensions.(anonymous function) [as .ts] (/usr/local/lib/node_modules/pm2/node_modules/ts-node/src/index.ts:442:12)\n    at Module.load (module.js:566:32)\n    at tryModuleLoad (module.js:506:12)\n    at Function.Module._load (module.js:498:3)\n    at Module.require (module.js:597:17)","exception":true,"date":"Sun Jan 20 2019 03:57:41 GMT+0000 (UTC)","process":{"pid":899,"uid":0,"gid":0,"cwd":"/usr/src/app/doodoo-todo-api2","execPath":"/usr/local/bin/node","version":"v8.15.0","argv":["node","/usr/local/lib/node_modules/pm2/lib/ProcessContainerFork.js"],"memoryUsage":{"rss":169930752,"heapTotal":114536448,"heapUsed":84897400,"external":126715}},"os":{"loadavg":[0.86962890625,0.3564453125,0.19384765625],"uptime":28908},"trace":[{"column":12,"file":"/usr/local/lib/node_modules/pm2/node_modules/ts-node/src/index.ts","function":"createTSError","line":261,"method":null,"native":false},{"column":40,"file":"/usr/local/lib/node_modules/pm2/node_modules/ts-node/src/index.ts","function":"getOutput","line":367,"method":null,"native":false},{"column":11,"file":"/usr/local/lib/node_modules/pm2/node_modules/ts-node/src/index.ts","function":"Object.compile","line":558,"method":"compile","native":false},{"column":43,"file":"/usr/local/lib/node_modules/pm2/node_modules/ts-node/src/index.ts","function":"Module.m._compile","line":439,"method":"_compile","native":false},{"column":10,"file":"module.js","function":"Module._extensions..js","line":664,"method":".js","native":false},{"column":12,"file":"/usr/local/lib/node_modules/pm2/node_modules/ts-node/src/index.ts","function":"Object.require.extensions.(anonymous function) [as .ts]","line":442,"method":"ts]","native":false},{"column":32,"file":"module.js","function":"Module.load","line":566,"method":"load","native":false},{"column":12,"file":"module.js","function":"tryModuleLoad","line":506,"method":null,"native":false},{"column":3,"file":"module.js","function":"Module._load","line":498,"method":"_load","native":false},{"column":17,"file":"module.js","function":"Module.require","line":597,"method":"require","native":false}]}
{"error":{"diagnosticText":"src/service/AuthService.ts(7,11): error TS6133: 'authentication' is declared but its value is never read.\n","diagnosticCodes":[6133]},"level":"error","message":"uncaughtException: ⨯ Unable to compile TypeScript:\nsrc/service/AuthService.ts(7,11): error TS6133: 'authentication' is declared but its value is never read.\n\nTSError: ⨯ Unable to compile TypeScript:\nsrc/service/AuthService.ts(7,11): error TS6133: 'authentication' is declared but its value is never read.\n\n    at createTSError (/usr/local/lib/node_modules/pm2/node_modules/ts-node/src/index.ts:261:12)\n    at getOutput (/usr/local/lib/node_modules/pm2/node_modules/ts-node/src/index.ts:367:40)\n    at Object.compile (/usr/local/lib/node_modules/pm2/node_modules/ts-node/src/index.ts:558:11)\n    at Module.m._compile (/usr/local/lib/node_modules/pm2/node_modules/ts-node/src/index.ts:439:43)\n    at Module._extensions..js (module.js:664:10)\n    at Object.require.extensions.(anonymous function) [as .ts] (/usr/local/lib/node_modules/pm2/node_modules/ts-node/src/index.ts:442:12)\n    at Module.load (module.js:566:32)\n    at tryModuleLoad (module.js:506:12)\n    at Function.Module._load (module.js:498:3)\n    at Module.require (module.js:597:17)","stack":"TSError: ⨯ Unable to compile TypeScript:\nsrc/service/AuthService.ts(7,11): error TS6133: 'authentication' is declared but its value is never read.\n\n    at createTSError (/usr/local/lib/node_modules/pm2/node_modules/ts-node/src/index.ts:261:12)\n    at getOutput (/usr/local/lib/node_modules/pm2/node_modules/ts-node/src/index.ts:367:40)\n    at Object.compile (/usr/local/lib/node_modules/pm2/node_modules/ts-node/src/index.ts:558:11)\n    at Module.m._compile (/usr/local/lib/node_modules/pm2/node_modules/ts-node/src/index.ts:439:43)\n    at Module._extensions..js (module.js:664:10)\n    at Object.require.extensions.(anonymous function) [as .ts] (/usr/local/lib/node_modules/pm2/node_modules/ts-node/src/index.ts:442:12)\n    at Module.load (module.js:566:32)\n    at tryModuleLoad (module.js:506:12)\n    at Function.Module._load (module.js:498:3)\n    at Module.require (module.js:597:17)","exception":true,"date":"Sun Jan 20 2019 03:57:54 GMT+0000 (UTC)","process":{"pid":909,"uid":0,"gid":0,"cwd":"/usr/src/app/doodoo-todo-api2","execPath":"/usr/local/bin/node","version":"v8.15.0","argv":["node","/usr/local/lib/node_modules/pm2/lib/ProcessContainerFork.js"],"memoryUsage":{"rss":169250816,"heapTotal":112439296,"heapUsed":86499240,"external":134907}},"os":{"loadavg":[0.81591796875,0.361328125,0.19677734375],"uptime":28921},"trace":[{"column":12,"file":"/usr/local/lib/node_modules/pm2/node_modules/ts-node/src/index.ts","function":"createTSError","line":261,"method":null,"native":false},{"column":40,"file":"/usr/local/lib/node_modules/pm2/node_modules/ts-node/src/index.ts","function":"getOutput","line":367,"method":null,"native":false},{"column":11,"file":"/usr/local/lib/node_modules/pm2/node_modules/ts-node/src/index.ts","function":"Object.compile","line":558,"method":"compile","native":false},{"column":43,"file":"/usr/local/lib/node_modules/pm2/node_modules/ts-node/src/index.ts","function":"Module.m._compile","line":439,"method":"_compile","native":false},{"column":10,"file":"module.js","function":"Module._extensions..js","line":664,"method":".js","native":false},{"column":12,"file":"/usr/local/lib/node_modules/pm2/node_modules/ts-node/src/index.ts","function":"Object.require.extensions.(anonymous function) [as .ts]","line":442,"method":"ts]","native":false},{"column":32,"file":"module.js","function":"Module.load","line":566,"method":"load","native":false},{"column":12,"file":"module.js","function":"tryModuleLoad","line":506,"method":null,"native":false},{"column":3,"file":"module.js","function":"Module._load","line":498,"method":"_load","native":false},{"column":17,"file":"module.js","function":"Module.require","line":597,"method":"require","native":false}]}
{"error":{"diagnosticText":"src/service/AuthService.ts(7,11): error TS6133: 'authentication' is declared but its value is never read.\n","diagnosticCodes":[6133]},"level":"error","message":"uncaughtException: ⨯ Unable to compile TypeScript:\nsrc/service/AuthService.ts(7,11): error TS6133: 'authentication' is declared but its value is never read.\n\nTSError: ⨯ Unable to compile TypeScript:\nsrc/service/AuthService.ts(7,11): error TS6133: 'authentication' is declared but its value is never read.\n\n    at createTSError (/usr/local/lib/node_modules/pm2/node_modules/ts-node/src/index.ts:261:12)\n    at getOutput (/usr/local/lib/node_modules/pm2/node_modules/ts-node/src/index.ts:367:40)\n    at Object.compile (/usr/local/lib/node_modules/pm2/node_modules/ts-node/src/index.ts:558:11)\n    at Module.m._compile (/usr/local/lib/node_modules/pm2/node_modules/ts-node/src/index.ts:439:43)\n    at Module._extensions..js (module.js:664:10)\n    at Object.require.extensions.(anonymous function) [as .ts] (/usr/local/lib/node_modules/pm2/node_modules/ts-node/src/index.ts:442:12)\n    at Module.load (module.js:566:32)\n    at tryModuleLoad (module.js:506:12)\n    at Function.Module._load (module.js:498:3)\n    at Module.require (module.js:597:17)","stack":"TSError: ⨯ Unable to compile TypeScript:\nsrc/service/AuthService.ts(7,11): error TS6133: 'authentication' is declared but its value is never read.\n\n    at createTSError (/usr/local/lib/node_modules/pm2/node_modules/ts-node/src/index.ts:261:12)\n    at getOutput (/usr/local/lib/node_modules/pm2/node_modules/ts-node/src/index.ts:367:40)\n    at Object.compile (/usr/local/lib/node_modules/pm2/node_modules/ts-node/src/index.ts:558:11)\n    at Module.m._compile (/usr/local/lib/node_modules/pm2/node_modules/ts-node/src/index.ts:439:43)\n    at Module._extensions..js (module.js:664:10)\n    at Object.require.extensions.(anonymous function) [as .ts] (/usr/local/lib/node_modules/pm2/node_modules/ts-node/src/index.ts:442:12)\n    at Module.load (module.js:566:32)\n    at tryModuleLoad (module.js:506:12)\n    at Function.Module._load (module.js:498:3)\n    at Module.require (module.js:597:17)","exception":true,"date":"Sun Jan 20 2019 03:58:05 GMT+0000 (UTC)","process":{"pid":919,"uid":0,"gid":0,"cwd":"/usr/src/app/doodoo-todo-api2","execPath":"/usr/local/bin/node","version":"v8.15.0","argv":["node","/usr/local/lib/node_modules/pm2/lib/ProcessContainerFork.js"],"memoryUsage":{"rss":168632320,"heapTotal":112963584,"heapUsed":86326272,"external":126715}},"os":{"loadavg":[0.9248046875,0.3994140625,0.2109375],"uptime":28932},"trace":[{"column":12,"file":"/usr/local/lib/node_modules/pm2/node_modules/ts-node/src/index.ts","function":"createTSError","line":261,"method":null,"native":false},{"column":40,"file":"/usr/local/lib/node_modules/pm2/node_modules/ts-node/src/index.ts","function":"getOutput","line":367,"method":null,"native":false},{"column":11,"file":"/usr/local/lib/node_modules/pm2/node_modules/ts-node/src/index.ts","function":"Object.compile","line":558,"method":"compile","native":false},{"column":43,"file":"/usr/local/lib/node_modules/pm2/node_modules/ts-node/src/index.ts","function":"Module.m._compile","line":439,"method":"_compile","native":false},{"column":10,"file":"module.js","function":"Module._extensions..js","line":664,"method":".js","native":false},{"column":12,"file":"/usr/local/lib/node_modules/pm2/node_modules/ts-node/src/index.ts","function":"Object.require.extensions.(anonymous function) [as .ts]","line":442,"method":"ts]","native":false},{"column":32,"file":"module.js","function":"Module.load","line":566,"method":"load","native":false},{"column":12,"file":"module.js","function":"tryModuleLoad","line":506,"method":null,"native":false},{"column":3,"file":"module.js","function":"Module._load","line":498,"method":"_load","native":false},{"column":17,"file":"module.js","function":"Module.require","line":597,"method":"require","native":false}]}
{"error":{"diagnosticText":"src/service/AuthService.ts(7,11): error TS6133: 'authentication' is declared but its value is never read.\n","diagnosticCodes":[6133]},"level":"error","message":"uncaughtException: ⨯ Unable to compile TypeScript:\nsrc/service/AuthService.ts(7,11): error TS6133: 'authentication' is declared but its value is never read.\n\nTSError: ⨯ Unable to compile TypeScript:\nsrc/service/AuthService.ts(7,11): error TS6133: 'authentication' is declared but its value is never read.\n\n    at createTSError (/usr/local/lib/node_modules/pm2/node_modules/ts-node/src/index.ts:261:12)\n    at getOutput (/usr/local/lib/node_modules/pm2/node_modules/ts-node/src/index.ts:367:40)\n    at Object.compile (/usr/local/lib/node_modules/pm2/node_modules/ts-node/src/index.ts:558:11)\n    at Module.m._compile (/usr/local/lib/node_modules/pm2/node_modules/ts-node/src/index.ts:439:43)\n    at Module._extensions..js (module.js:664:10)\n    at Object.require.extensions.(anonymous function) [as .ts] (/usr/local/lib/node_modules/pm2/node_modules/ts-node/src/index.ts:442:12)\n    at Module.load (module.js:566:32)\n    at tryModuleLoad (module.js:506:12)\n    at Function.Module._load (module.js:498:3)\n    at Module.require (module.js:597:17)","stack":"TSError: ⨯ Unable to compile TypeScript:\nsrc/service/AuthService.ts(7,11): error TS6133: 'authentication' is declared but its value is never read.\n\n    at createTSError (/usr/local/lib/node_modules/pm2/node_modules/ts-node/src/index.ts:261:12)\n    at getOutput (/usr/local/lib/node_modules/pm2/node_modules/ts-node/src/index.ts:367:40)\n    at Object.compile (/usr/local/lib/node_modules/pm2/node_modules/ts-node/src/index.ts:558:11)\n    at Module.m._compile (/usr/local/lib/node_modules/pm2/node_modules/ts-node/src/index.ts:439:43)\n    at Module._extensions..js (module.js:664:10)\n    at Object.require.extensions.(anonymous function) [as .ts] (/usr/local/lib/node_modules/pm2/node_modules/ts-node/src/index.ts:442:12)\n    at Module.load (module.js:566:32)\n    at tryModuleLoad (module.js:506:12)\n    at Function.Module._load (module.js:498:3)\n    at Module.require (module.js:597:17)","exception":true,"date":"Sun Jan 20 2019 03:58:17 GMT+0000 (UTC)","process":{"pid":929,"uid":0,"gid":0,"cwd":"/usr/src/app/doodoo-todo-api2","execPath":"/usr/local/bin/node","version":"v8.15.0","argv":["node","/usr/local/lib/node_modules/pm2/lib/ProcessContainerFork.js"],"memoryUsage":{"rss":170397696,"heapTotal":115060736,"heapUsed":84913984,"external":126715}},"os":{"loadavg":[0.7998046875,0.39599609375,0.21240234375],"uptime":28944},"trace":[{"column":12,"file":"/usr/local/lib/node_modules/pm2/node_modules/ts-node/src/index.ts","function":"createTSError","line":261,"method":null,"native":false},{"column":40,"file":"/usr/local/lib/node_modules/pm2/node_modules/ts-node/src/index.ts","function":"getOutput","line":367,"method":null,"native":false},{"column":11,"file":"/usr/local/lib/node_modules/pm2/node_modules/ts-node/src/index.ts","function":"Object.compile","line":558,"method":"compile","native":false},{"column":43,"file":"/usr/local/lib/node_modules/pm2/node_modules/ts-node/src/index.ts","function":"Module.m._compile","line":439,"method":"_compile","native":false},{"column":10,"file":"module.js","function":"Module._extensions..js","line":664,"method":".js","native":false},{"column":12,"file":"/usr/local/lib/node_modules/pm2/node_modules/ts-node/src/index.ts","function":"Object.require.extensions.(anonymous function) [as .ts]","line":442,"method":"ts]","native":false},{"column":32,"file":"module.js","function":"Module.load","line":566,"method":"load","native":false},{"column":12,"file":"module.js","function":"tryModuleLoad","line":506,"method":null,"native":false},{"column":3,"file":"module.js","function":"Module._load","line":498,"method":"_load","native":false},{"column":17,"file":"module.js","function":"Module.require","line":597,"method":"require","native":false}]}
{"error":{"diagnosticText":"src/service/AuthService.ts(7,11): error TS6133: 'authentication' is declared but its value is never read.\n","diagnosticCodes":[6133]},"level":"error","message":"uncaughtException: ⨯ Unable to compile TypeScript:\nsrc/service/AuthService.ts(7,11): error TS6133: 'authentication' is declared but its value is never read.\n\nTSError: ⨯ Unable to compile TypeScript:\nsrc/service/AuthService.ts(7,11): error TS6133: 'authentication' is declared but its value is never read.\n\n    at createTSError (/usr/local/lib/node_modules/pm2/node_modules/ts-node/src/index.ts:261:12)\n    at getOutput (/usr/local/lib/node_modules/pm2/node_modules/ts-node/src/index.ts:367:40)\n    at Object.compile (/usr/local/lib/node_modules/pm2/node_modules/ts-node/src/index.ts:558:11)\n    at Module.m._compile (/usr/local/lib/node_modules/pm2/node_modules/ts-node/src/index.ts:439:43)\n    at Module._extensions..js (module.js:664:10)\n    at Object.require.extensions.(anonymous function) [as .ts] (/usr/local/lib/node_modules/pm2/node_modules/ts-node/src/index.ts:442:12)\n    at Module.load (module.js:566:32)\n    at tryModuleLoad (module.js:506:12)\n    at Function.Module._load (module.js:498:3)\n    at Module.require (module.js:597:17)","stack":"TSError: ⨯ Unable to compile TypeScript:\nsrc/service/AuthService.ts(7,11): error TS6133: 'authentication' is declared but its value is never read.\n\n    at createTSError (/usr/local/lib/node_modules/pm2/node_modules/ts-node/src/index.ts:261:12)\n    at getOutput (/usr/local/lib/node_modules/pm2/node_modules/ts-node/src/index.ts:367:40)\n    at Object.compile (/usr/local/lib/node_modules/pm2/node_modules/ts-node/src/index.ts:558:11)\n    at Module.m._compile (/usr/local/lib/node_modules/pm2/node_modules/ts-node/src/index.ts:439:43)\n    at Module._extensions..js (module.js:664:10)\n    at Object.require.extensions.(anonymous function) [as .ts] (/usr/local/lib/node_modules/pm2/node_modules/ts-node/src/index.ts:442:12)\n    at Module.load (module.js:566:32)\n    at tryModuleLoad (module.js:506:12)\n    at Function.Module._load (module.js:498:3)\n    at Module.require (module.js:597:17)","exception":true,"date":"Sun Jan 20 2019 03:58:29 GMT+0000 (UTC)","process":{"pid":939,"uid":0,"gid":0,"cwd":"/usr/src/app/doodoo-todo-api2","execPath":"/usr/local/bin/node","version":"v8.15.0","argv":["node","/usr/local/lib/node_modules/pm2/lib/ProcessContainerFork.js"],"memoryUsage":{"rss":168804352,"heapTotal":114536448,"heapUsed":85254416,"external":126715}},"os":{"loadavg":[0.7568359375,0.3994140625,0.21533203125],"uptime":28956},"trace":[{"column":12,"file":"/usr/local/lib/node_modules/pm2/node_modules/ts-node/src/index.ts","function":"createTSError","line":261,"method":null,"native":false},{"column":40,"file":"/usr/local/lib/node_modules/pm2/node_modules/ts-node/src/index.ts","function":"getOutput","line":367,"method":null,"native":false},{"column":11,"file":"/usr/local/lib/node_modules/pm2/node_modules/ts-node/src/index.ts","function":"Object.compile","line":558,"method":"compile","native":false},{"column":43,"file":"/usr/local/lib/node_modules/pm2/node_modules/ts-node/src/index.ts","function":"Module.m._compile","line":439,"method":"_compile","native":false},{"column":10,"file":"module.js","function":"Module._extensions..js","line":664,"method":".js","native":false},{"column":12,"file":"/usr/local/lib/node_modules/pm2/node_modules/ts-node/src/index.ts","function":"Object.require.extensions.(anonymous function) [as .ts]","line":442,"method":"ts]","native":false},{"column":32,"file":"module.js","function":"Module.load","line":566,"method":"load","native":false},{"column":12,"file":"module.js","function":"tryModuleLoad","line":506,"method":null,"native":false},{"column":3,"file":"module.js","function":"Module._load","line":498,"method":"_load","native":false},{"column":17,"file":"module.js","function":"Module.require","line":597,"method":"require","native":false}]}
{"error":{"diagnosticText":"src/service/AuthService.ts(7,11): error TS6133: 'authentication' is declared but its value is never read.\n","diagnosticCodes":[6133]},"level":"error","message":"uncaughtException: ⨯ Unable to compile TypeScript:\nsrc/service/AuthService.ts(7,11): error TS6133: 'authentication' is declared but its value is never read.\n\nTSError: ⨯ Unable to compile TypeScript:\nsrc/service/AuthService.ts(7,11): error TS6133: 'authentication' is declared but its value is never read.\n\n    at createTSError (/usr/local/lib/node_modules/pm2/node_modules/ts-node/src/index.ts:261:12)\n    at getOutput (/usr/local/lib/node_modules/pm2/node_modules/ts-node/src/index.ts:367:40)\n    at Object.compile (/usr/local/lib/node_modules/pm2/node_modules/ts-node/src/index.ts:558:11)\n    at Module.m._compile (/usr/local/lib/node_modules/pm2/node_modules/ts-node/src/index.ts:439:43)\n    at Module._extensions..js (module.js:664:10)\n    at Object.require.extensions.(anonymous function) [as .ts] (/usr/local/lib/node_modules/pm2/node_modules/ts-node/src/index.ts:442:12)\n    at Module.load (module.js:566:32)\n    at tryModuleLoad (module.js:506:12)\n    at Function.Module._load (module.js:498:3)\n    at Module.require (module.js:597:17)","stack":"TSError: ⨯ Unable to compile TypeScript:\nsrc/service/AuthService.ts(7,11): error TS6133: 'authentication' is declared but its value is never read.\n\n    at createTSError (/usr/local/lib/node_modules/pm2/node_modules/ts-node/src/index.ts:261:12)\n    at getOutput (/usr/local/lib/node_modules/pm2/node_modules/ts-node/src/index.ts:367:40)\n    at Object.compile (/usr/local/lib/node_modules/pm2/node_modules/ts-node/src/index.ts:558:11)\n    at Module.m._compile (/usr/local/lib/node_modules/pm2/node_modules/ts-node/src/index.ts:439:43)\n    at Module._extensions..js (module.js:664:10)\n    at Object.require.extensions.(anonymous function) [as .ts] (/usr/local/lib/node_modules/pm2/node_modules/ts-node/src/index.ts:442:12)\n    at Module.load (module.js:566:32)\n    at tryModuleLoad (module.js:506:12)\n    at Function.Module._load (module.js:498:3)\n    at Module.require (module.js:597:17)","exception":true,"date":"Sun Jan 20 2019 03:58:41 GMT+0000 (UTC)","process":{"pid":949,"uid":0,"gid":0,"cwd":"/usr/src/app/doodoo-todo-api2","execPath":"/usr/local/bin/node","version":"v8.15.0","argv":["node","/usr/local/lib/node_modules/pm2/lib/ProcessContainerFork.js"],"memoryUsage":{"rss":165576704,"heapTotal":115585024,"heapUsed":84788944,"external":126715}},"os":{"loadavg":[0.79833984375,0.4287109375,0.22802734375],"uptime":28968},"trace":[{"column":12,"file":"/usr/local/lib/node_modules/pm2/node_modules/ts-node/src/index.ts","function":"createTSError","line":261,"method":null,"native":false},{"column":40,"file":"/usr/local/lib/node_modules/pm2/node_modules/ts-node/src/index.ts","function":"getOutput","line":367,"method":null,"native":false},{"column":11,"file":"/usr/local/lib/node_modules/pm2/node_modules/ts-node/src/index.ts","function":"Object.compile","line":558,"method":"compile","native":false},{"column":43,"file":"/usr/local/lib/node_modules/pm2/node_modules/ts-node/src/index.ts","function":"Module.m._compile","line":439,"method":"_compile","native":false},{"column":10,"file":"module.js","function":"Module._extensions..js","line":664,"method":".js","native":false},{"column":12,"file":"/usr/local/lib/node_modules/pm2/node_modules/ts-node/src/index.ts","function":"Object.require.extensions.(anonymous function) [as .ts]","line":442,"method":"ts]","native":false},{"column":32,"file":"module.js","function":"Module.load","line":566,"method":"load","native":false},{"column":12,"file":"module.js","function":"tryModuleLoad","line":506,"method":null,"native":false},{"column":3,"file":"module.js","function":"Module._load","line":498,"method":"_load","native":false},{"column":17,"file":"module.js","function":"Module.require","line":597,"method":"require","native":false}]}
{"error":{"diagnosticText":"src/service/AuthService.ts(7,11): error TS6133: 'authentication' is declared but its value is never read.\n","diagnosticCodes":[6133]},"level":"error","message":"uncaughtException: ⨯ Unable to compile TypeScript:\nsrc/service/AuthService.ts(7,11): error TS6133: 'authentication' is declared but its value is never read.\n\nTSError: ⨯ Unable to compile TypeScript:\nsrc/service/AuthService.ts(7,11): error TS6133: 'authentication' is declared but its value is never read.\n\n    at createTSError (/usr/local/lib/node_modules/pm2/node_modules/ts-node/src/index.ts:261:12)\n    at getOutput (/usr/local/lib/node_modules/pm2/node_modules/ts-node/src/index.ts:367:40)\n    at Object.compile (/usr/local/lib/node_modules/pm2/node_modules/ts-node/src/index.ts:558:11)\n    at Module.m._compile (/usr/local/lib/node_modules/pm2/node_modules/ts-node/src/index.ts:439:43)\n    at Module._extensions..js (module.js:664:10)\n    at Object.require.extensions.(anonymous function) [as .ts] (/usr/local/lib/node_modules/pm2/node_modules/ts-node/src/index.ts:442:12)\n    at Module.load (module.js:566:32)\n    at tryModuleLoad (module.js:506:12)\n    at Function.Module._load (module.js:498:3)\n    at Module.require (module.js:597:17)","stack":"TSError: ⨯ Unable to compile TypeScript:\nsrc/service/AuthService.ts(7,11): error TS6133: 'authentication' is declared but its value is never read.\n\n    at createTSError (/usr/local/lib/node_modules/pm2/node_modules/ts-node/src/index.ts:261:12)\n    at getOutput (/usr/local/lib/node_modules/pm2/node_modules/ts-node/src/index.ts:367:40)\n    at Object.compile (/usr/local/lib/node_modules/pm2/node_modules/ts-node/src/index.ts:558:11)\n    at Module.m._compile (/usr/local/lib/node_modules/pm2/node_modules/ts-node/src/index.ts:439:43)\n    at Module._extensions..js (module.js:664:10)\n    at Object.require.extensions.(anonymous function) [as .ts] (/usr/local/lib/node_modules/pm2/node_modules/ts-node/src/index.ts:442:12)\n    at Module.load (module.js:566:32)\n    at tryModuleLoad (module.js:506:12)\n    at Function.Module._load (module.js:498:3)\n    at Module.require (module.js:597:17)","exception":true,"date":"Sun Jan 20 2019 03:58:56 GMT+0000 (UTC)","process":{"pid":959,"uid":0,"gid":0,"cwd":"/usr/src/app/doodoo-todo-api2","execPath":"/usr/local/bin/node","version":"v8.15.0","argv":["node","/usr/local/lib/node_modules/pm2/lib/ProcessContainerFork.js"],"memoryUsage":{"rss":170278912,"heapTotal":115060736,"heapUsed":84997560,"external":126715}},"os":{"loadavg":[0.923828125,0.47412109375,0.24658203125],"uptime":28983},"trace":[{"column":12,"file":"/usr/local/lib/node_modules/pm2/node_modules/ts-node/src/index.ts","function":"createTSError","line":261,"method":null,"native":false},{"column":40,"file":"/usr/local/lib/node_modules/pm2/node_modules/ts-node/src/index.ts","function":"getOutput","line":367,"method":null,"native":false},{"column":11,"file":"/usr/local/lib/node_modules/pm2/node_modules/ts-node/src/index.ts","function":"Object.compile","line":558,"method":"compile","native":false},{"column":43,"file":"/usr/local/lib/node_modules/pm2/node_modules/ts-node/src/index.ts","function":"Module.m._compile","line":439,"method":"_compile","native":false},{"column":10,"file":"module.js","function":"Module._extensions..js","line":664,"method":".js","native":false},{"column":12,"file":"/usr/local/lib/node_modules/pm2/node_modules/ts-node/src/index.ts","function":"Object.require.extensions.(anonymous function) [as .ts]","line":442,"method":"ts]","native":false},{"column":32,"file":"module.js","function":"Module.load","line":566,"method":"load","native":false},{"column":12,"file":"module.js","function":"tryModuleLoad","line":506,"method":null,"native":false},{"column":3,"file":"module.js","function":"Module._load","line":498,"method":"_load","native":false},{"column":17,"file":"module.js","function":"Module.require","line":597,"method":"require","native":false}]}
{"error":{"diagnosticText":"src/service/AuthService.ts(52,61): error TS1016: A required parameter cannot follow an optional parameter.\n","diagnosticCodes":[1016]},"level":"error","message":"uncaughtException: ⨯ Unable to compile TypeScript:\nsrc/service/AuthService.ts(52,61): error TS1016: A required parameter cannot follow an optional parameter.\n\nTSError: ⨯ Unable to compile TypeScript:\nsrc/service/AuthService.ts(52,61): error TS1016: A required parameter cannot follow an optional parameter.\n\n    at createTSError (/usr/local/lib/node_modules/pm2/node_modules/ts-node/src/index.ts:261:12)\n    at getOutput (/usr/local/lib/node_modules/pm2/node_modules/ts-node/src/index.ts:367:40)\n    at Object.compile (/usr/local/lib/node_modules/pm2/node_modules/ts-node/src/index.ts:558:11)\n    at Module.m._compile (/usr/local/lib/node_modules/pm2/node_modules/ts-node/src/index.ts:439:43)\n    at Module._extensions..js (module.js:664:10)\n    at Object.require.extensions.(anonymous function) [as .ts] (/usr/local/lib/node_modules/pm2/node_modules/ts-node/src/index.ts:442:12)\n    at Module.load (module.js:566:32)\n    at tryModuleLoad (module.js:506:12)\n    at Function.Module._load (module.js:498:3)\n    at Module.require (module.js:597:17)","stack":"TSError: ⨯ Unable to compile TypeScript:\nsrc/service/AuthService.ts(52,61): error TS1016: A required parameter cannot follow an optional parameter.\n\n    at createTSError (/usr/local/lib/node_modules/pm2/node_modules/ts-node/src/index.ts:261:12)\n    at getOutput (/usr/local/lib/node_modules/pm2/node_modules/ts-node/src/index.ts:367:40)\n    at Object.compile (/usr/local/lib/node_modules/pm2/node_modules/ts-node/src/index.ts:558:11)\n    at Module.m._compile (/usr/local/lib/node_modules/pm2/node_modules/ts-node/src/index.ts:439:43)\n    at Module._extensions..js (module.js:664:10)\n    at Object.require.extensions.(anonymous function) [as .ts] (/usr/local/lib/node_modules/pm2/node_modules/ts-node/src/index.ts:442:12)\n    at Module.load (module.js:566:32)\n    at tryModuleLoad (module.js:506:12)\n    at Function.Module._load (module.js:498:3)\n    at Module.require (module.js:597:17)","exception":true,"date":"Sun Jan 20 2019 04:14:45 GMT+0000 (UTC)","process":{"pid":1064,"uid":0,"gid":0,"cwd":"/usr/src/app/doodoo-todo-api2","execPath":"/usr/local/bin/node","version":"v8.15.0","argv":["node","/usr/local/lib/node_modules/pm2/lib/ProcessContainerFork.js"],"memoryUsage":{"rss":169377792,"heapTotal":114536448,"heapUsed":85244248,"external":126715}},"os":{"loadavg":[0.08203125,0.10888671875,0.1474609375],"uptime":29933},"trace":[{"column":12,"file":"/usr/local/lib/node_modules/pm2/node_modules/ts-node/src/index.ts","function":"createTSError","line":261,"method":null,"native":false},{"column":40,"file":"/usr/local/lib/node_modules/pm2/node_modules/ts-node/src/index.ts","function":"getOutput","line":367,"method":null,"native":false},{"column":11,"file":"/usr/local/lib/node_modules/pm2/node_modules/ts-node/src/index.ts","function":"Object.compile","line":558,"method":"compile","native":false},{"column":43,"file":"/usr/local/lib/node_modules/pm2/node_modules/ts-node/src/index.ts","function":"Module.m._compile","line":439,"method":"_compile","native":false},{"column":10,"file":"module.js","function":"Module._extensions..js","line":664,"method":".js","native":false},{"column":12,"file":"/usr/local/lib/node_modules/pm2/node_modules/ts-node/src/index.ts","function":"Object.require.extensions.(anonymous function) [as .ts]","line":442,"method":"ts]","native":false},{"column":32,"file":"module.js","function":"Module.load","line":566,"method":"load","native":false},{"column":12,"file":"module.js","function":"tryModuleLoad","line":506,"method":null,"native":false},{"column":3,"file":"module.js","function":"Module._load","line":498,"method":"_load","native":false},{"column":17,"file":"module.js","function":"Module.require","line":597,"method":"require","native":false}]}
{"error":{"diagnosticText":"src/service/AuthService.ts(1,1): error TS6133: 'NotFoundError' is declared but its value is never read.\n","diagnosticCodes":[6133]},"level":"error","message":"uncaughtException: ⨯ Unable to compile TypeScript:\nsrc/service/AuthService.ts(1,1): error TS6133: 'NotFoundError' is declared but its value is never read.\n\nTSError: ⨯ Unable to compile TypeScript:\nsrc/service/AuthService.ts(1,1): error TS6133: 'NotFoundError' is declared but its value is never read.\n\n    at createTSError (/usr/local/lib/node_modules/pm2/node_modules/ts-node/src/index.ts:261:12)\n    at getOutput (/usr/local/lib/node_modules/pm2/node_modules/ts-node/src/index.ts:367:40)\n    at Object.compile (/usr/local/lib/node_modules/pm2/node_modules/ts-node/src/index.ts:558:11)\n    at Module.m._compile (/usr/local/lib/node_modules/pm2/node_modules/ts-node/src/index.ts:439:43)\n    at Module._extensions..js (module.js:664:10)\n    at Object.require.extensions.(anonymous function) [as .ts] (/usr/local/lib/node_modules/pm2/node_modules/ts-node/src/index.ts:442:12)\n    at Module.load (module.js:566:32)\n    at tryModuleLoad (module.js:506:12)\n    at Function.Module._load (module.js:498:3)\n    at Module.require (module.js:597:17)","stack":"TSError: ⨯ Unable to compile TypeScript:\nsrc/service/AuthService.ts(1,1): error TS6133: 'NotFoundError' is declared but its value is never read.\n\n    at createTSError (/usr/local/lib/node_modules/pm2/node_modules/ts-node/src/index.ts:261:12)\n    at getOutput (/usr/local/lib/node_modules/pm2/node_modules/ts-node/src/index.ts:367:40)\n    at Object.compile (/usr/local/lib/node_modules/pm2/node_modules/ts-node/src/index.ts:558:11)\n    at Module.m._compile (/usr/local/lib/node_modules/pm2/node_modules/ts-node/src/index.ts:439:43)\n    at Module._extensions..js (module.js:664:10)\n    at Object.require.extensions.(anonymous function) [as .ts] (/usr/local/lib/node_modules/pm2/node_modules/ts-node/src/index.ts:442:12)\n    at Module.load (module.js:566:32)\n    at tryModuleLoad (module.js:506:12)\n    at Function.Module._load (module.js:498:3)\n    at Module.require (module.js:597:17)","exception":true,"date":"Sun Jan 20 2019 08:06:05 GMT+0000 (UTC)","process":{"pid":2717,"uid":0,"gid":0,"cwd":"/usr/src/app/doodoo-todo-api2","execPath":"/usr/local/bin/node","version":"v8.15.0","argv":["node","/usr/local/lib/node_modules/pm2/lib/ProcessContainerFork.js"],"memoryUsage":{"rss":169512960,"heapTotal":114536448,"heapUsed":87373248,"external":134907}},"os":{"loadavg":[0.2978515625,0.2392578125,0.20068359375],"uptime":39481},"trace":[{"column":12,"file":"/usr/local/lib/node_modules/pm2/node_modules/ts-node/src/index.ts","function":"createTSError","line":261,"method":null,"native":false},{"column":40,"file":"/usr/local/lib/node_modules/pm2/node_modules/ts-node/src/index.ts","function":"getOutput","line":367,"method":null,"native":false},{"column":11,"file":"/usr/local/lib/node_modules/pm2/node_modules/ts-node/src/index.ts","function":"Object.compile","line":558,"method":"compile","native":false},{"column":43,"file":"/usr/local/lib/node_modules/pm2/node_modules/ts-node/src/index.ts","function":"Module.m._compile","line":439,"method":"_compile","native":false},{"column":10,"file":"module.js","function":"Module._extensions..js","line":664,"method":".js","native":false},{"column":12,"file":"/usr/local/lib/node_modules/pm2/node_modules/ts-node/src/index.ts","function":"Object.require.extensions.(anonymous function) [as .ts]","line":442,"method":"ts]","native":false},{"column":32,"file":"module.js","function":"Module.load","line":566,"method":"load","native":false},{"column":12,"file":"module.js","function":"tryModuleLoad","line":506,"method":null,"native":false},{"column":3,"file":"module.js","function":"Module._load","line":498,"method":"_load","native":false},{"column":17,"file":"module.js","function":"Module.require","line":597,"method":"require","native":false}]}
{"error":{"diagnosticText":"src/service/AuthService.ts(76,34): error TS7030: Not all code paths return a value.\n","diagnosticCodes":[7030]},"level":"error","message":"uncaughtException: ⨯ Unable to compile TypeScript:\nsrc/service/AuthService.ts(76,34): error TS7030: Not all code paths return a value.\n\nTSError: ⨯ Unable to compile TypeScript:\nsrc/service/AuthService.ts(76,34): error TS7030: Not all code paths return a value.\n\n    at createTSError (/usr/local/lib/node_modules/pm2/node_modules/ts-node/src/index.ts:261:12)\n    at getOutput (/usr/local/lib/node_modules/pm2/node_modules/ts-node/src/index.ts:367:40)\n    at Object.compile (/usr/local/lib/node_modules/pm2/node_modules/ts-node/src/index.ts:558:11)\n    at Module.m._compile (/usr/local/lib/node_modules/pm2/node_modules/ts-node/src/index.ts:439:43)\n    at Module._extensions..js (module.js:664:10)\n    at Object.require.extensions.(anonymous function) [as .ts] (/usr/local/lib/node_modules/pm2/node_modules/ts-node/src/index.ts:442:12)\n    at Module.load (module.js:566:32)\n    at tryModuleLoad (module.js:506:12)\n    at Function.Module._load (module.js:498:3)\n    at Module.require (module.js:597:17)","stack":"TSError: ⨯ Unable to compile TypeScript:\nsrc/service/AuthService.ts(76,34): error TS7030: Not all code paths return a value.\n\n    at createTSError (/usr/local/lib/node_modules/pm2/node_modules/ts-node/src/index.ts:261:12)\n    at getOutput (/usr/local/lib/node_modules/pm2/node_modules/ts-node/src/index.ts:367:40)\n    at Object.compile (/usr/local/lib/node_modules/pm2/node_modules/ts-node/src/index.ts:558:11)\n    at Module.m._compile (/usr/local/lib/node_modules/pm2/node_modules/ts-node/src/index.ts:439:43)\n    at Module._extensions..js (module.js:664:10)\n    at Object.require.extensions.(anonymous function) [as .ts] (/usr/local/lib/node_modules/pm2/node_modules/ts-node/src/index.ts:442:12)\n    at Module.load (module.js:566:32)\n    at tryModuleLoad (module.js:506:12)\n    at Function.Module._load (module.js:498:3)\n    at Module.require (module.js:597:17)","exception":true,"date":"Sun Jan 20 2019 09:32:59 GMT+0000 (UTC)","process":{"pid":578,"uid":0,"gid":0,"cwd":"/usr/src/app/doodoo-todo-api2","execPath":"/usr/local/bin/node","version":"v8.15.0","argv":["node","/usr/local/lib/node_modules/pm2/lib/ProcessContainerFork.js"],"memoryUsage":{"rss":169529344,"heapTotal":115060736,"heapUsed":86613592,"external":126715}},"os":{"loadavg":[0.15625,0.22216796875,0.16455078125],"uptime":44701},"trace":[{"column":12,"file":"/usr/local/lib/node_modules/pm2/node_modules/ts-node/src/index.ts","function":"createTSError","line":261,"method":null,"native":false},{"column":40,"file":"/usr/local/lib/node_modules/pm2/node_modules/ts-node/src/index.ts","function":"getOutput","line":367,"method":null,"native":false},{"column":11,"file":"/usr/local/lib/node_modules/pm2/node_modules/ts-node/src/index.ts","function":"Object.compile","line":558,"method":"compile","native":false},{"column":43,"file":"/usr/local/lib/node_modules/pm2/node_modules/ts-node/src/index.ts","function":"Module.m._compile","line":439,"method":"_compile","native":false},{"column":10,"file":"module.js","function":"Module._extensions..js","line":664,"method":".js","native":false},{"column":12,"file":"/usr/local/lib/node_modules/pm2/node_modules/ts-node/src/index.ts","function":"Object.require.extensions.(anonymous function) [as .ts]","line":442,"method":"ts]","native":false},{"column":32,"file":"module.js","function":"Module.load","line":566,"method":"load","native":false},{"column":12,"file":"module.js","function":"tryModuleLoad","line":506,"method":null,"native":false},{"column":3,"file":"module.js","function":"Module._load","line":498,"method":"_load","native":false},{"column":17,"file":"module.js","function":"Module.require","line":597,"method":"require","native":false}]}
{"error":{"diagnosticText":"src/service/AuthService.ts(76,34): error TS7030: Not all code paths return a value.\n","diagnosticCodes":[7030]},"level":"error","message":"uncaughtException: ⨯ Unable to compile TypeScript:\nsrc/service/AuthService.ts(76,34): error TS7030: Not all code paths return a value.\n\nTSError: ⨯ Unable to compile TypeScript:\nsrc/service/AuthService.ts(76,34): error TS7030: Not all code paths return a value.\n\n    at createTSError (/usr/local/lib/node_modules/pm2/node_modules/ts-node/src/index.ts:261:12)\n    at getOutput (/usr/local/lib/node_modules/pm2/node_modules/ts-node/src/index.ts:367:40)\n    at Object.compile (/usr/local/lib/node_modules/pm2/node_modules/ts-node/src/index.ts:558:11)\n    at Module.m._compile (/usr/local/lib/node_modules/pm2/node_modules/ts-node/src/index.ts:439:43)\n    at Module._extensions..js (module.js:664:10)\n    at Object.require.extensions.(anonymous function) [as .ts] (/usr/local/lib/node_modules/pm2/node_modules/ts-node/src/index.ts:442:12)\n    at Module.load (module.js:566:32)\n    at tryModuleLoad (module.js:506:12)\n    at Function.Module._load (module.js:498:3)\n    at Module.require (module.js:597:17)","stack":"TSError: ⨯ Unable to compile TypeScript:\nsrc/service/AuthService.ts(76,34): error TS7030: Not all code paths return a value.\n\n    at createTSError (/usr/local/lib/node_modules/pm2/node_modules/ts-node/src/index.ts:261:12)\n    at getOutput (/usr/local/lib/node_modules/pm2/node_modules/ts-node/src/index.ts:367:40)\n    at Object.compile (/usr/local/lib/node_modules/pm2/node_modules/ts-node/src/index.ts:558:11)\n    at Module.m._compile (/usr/local/lib/node_modules/pm2/node_modules/ts-node/src/index.ts:439:43)\n    at Module._extensions..js (module.js:664:10)\n    at Object.require.extensions.(anonymous function) [as .ts] (/usr/local/lib/node_modules/pm2/node_modules/ts-node/src/index.ts:442:12)\n    at Module.load (module.js:566:32)\n    at tryModuleLoad (module.js:506:12)\n    at Function.Module._load (module.js:498:3)\n    at Module.require (module.js:597:17)","exception":true,"date":"Sun Jan 20 2019 09:33:11 GMT+0000 (UTC)","process":{"pid":588,"uid":0,"gid":0,"cwd":"/usr/src/app/doodoo-todo-api2","execPath":"/usr/local/bin/node","version":"v8.15.0","argv":["node","/usr/local/lib/node_modules/pm2/lib/ProcessContainerFork.js"],"memoryUsage":{"rss":169324544,"heapTotal":115060736,"heapUsed":86475784,"external":126715}},"os":{"loadavg":[0.29248046875,0.248046875,0.173828125],"uptime":44713},"trace":[{"column":12,"file":"/usr/local/lib/node_modules/pm2/node_modules/ts-node/src/index.ts","function":"createTSError","line":261,"method":null,"native":false},{"column":40,"file":"/usr/local/lib/node_modules/pm2/node_modules/ts-node/src/index.ts","function":"getOutput","line":367,"method":null,"native":false},{"column":11,"file":"/usr/local/lib/node_modules/pm2/node_modules/ts-node/src/index.ts","function":"Object.compile","line":558,"method":"compile","native":false},{"column":43,"file":"/usr/local/lib/node_modules/pm2/node_modules/ts-node/src/index.ts","function":"Module.m._compile","line":439,"method":"_compile","native":false},{"column":10,"file":"module.js","function":"Module._extensions..js","line":664,"method":".js","native":false},{"column":12,"file":"/usr/local/lib/node_modules/pm2/node_modules/ts-node/src/index.ts","function":"Object.require.extensions.(anonymous function) [as .ts]","line":442,"method":"ts]","native":false},{"column":32,"file":"module.js","function":"Module.load","line":566,"method":"load","native":false},{"column":12,"file":"module.js","function":"tryModuleLoad","line":506,"method":null,"native":false},{"column":3,"file":"module.js","function":"Module._load","line":498,"method":"_load","native":false},{"column":17,"file":"module.js","function":"Module.require","line":597,"method":"require","native":false}]}
{"error":{"diagnosticText":"src/service/AuthService.ts(94,10): error TS2304: Cannot find name 'req'.\nsrc/service/AuthService.ts(94,15): error TS2304: Cannot find name 'res'.\n","diagnosticCodes":[2304,2304]},"level":"error","message":"uncaughtException: ⨯ Unable to compile TypeScript:\nsrc/service/AuthService.ts(94,10): error TS2304: Cannot find name 'req'.\nsrc/service/AuthService.ts(94,15): error TS2304: Cannot find name 'res'.\n\nTSError: ⨯ Unable to compile TypeScript:\nsrc/service/AuthService.ts(94,10): error TS2304: Cannot find name 'req'.\nsrc/service/AuthService.ts(94,15): error TS2304: Cannot find name 'res'.\n\n    at createTSError (/usr/local/lib/node_modules/pm2/node_modules/ts-node/src/index.ts:261:12)\n    at getOutput (/usr/local/lib/node_modules/pm2/node_modules/ts-node/src/index.ts:367:40)\n    at Object.compile (/usr/local/lib/node_modules/pm2/node_modules/ts-node/src/index.ts:558:11)\n    at Module.m._compile (/usr/local/lib/node_modules/pm2/node_modules/ts-node/src/index.ts:439:43)\n    at Module._extensions..js (module.js:664:10)\n    at Object.require.extensions.(anonymous function) [as .ts] (/usr/local/lib/node_modules/pm2/node_modules/ts-node/src/index.ts:442:12)\n    at Module.load (module.js:566:32)\n    at tryModuleLoad (module.js:506:12)\n    at Function.Module._load (module.js:498:3)\n    at Module.require (module.js:597:17)","stack":"TSError: ⨯ Unable to compile TypeScript:\nsrc/service/AuthService.ts(94,10): error TS2304: Cannot find name 'req'.\nsrc/service/AuthService.ts(94,15): error TS2304: Cannot find name 'res'.\n\n    at createTSError (/usr/local/lib/node_modules/pm2/node_modules/ts-node/src/index.ts:261:12)\n    at getOutput (/usr/local/lib/node_modules/pm2/node_modules/ts-node/src/index.ts:367:40)\n    at Object.compile (/usr/local/lib/node_modules/pm2/node_modules/ts-node/src/index.ts:558:11)\n    at Module.m._compile (/usr/local/lib/node_modules/pm2/node_modules/ts-node/src/index.ts:439:43)\n    at Module._extensions..js (module.js:664:10)\n    at Object.require.extensions.(anonymous function) [as .ts] (/usr/local/lib/node_modules/pm2/node_modules/ts-node/src/index.ts:442:12)\n    at Module.load (module.js:566:32)\n    at tryModuleLoad (module.js:506:12)\n    at Function.Module._load (module.js:498:3)\n    at Module.require (module.js:597:17)","exception":true,"date":"Sun Jan 20 2019 09:42:50 GMT+0000 (UTC)","process":{"pid":638,"uid":0,"gid":0,"cwd":"/usr/src/app/doodoo-todo-api2","execPath":"/usr/local/bin/node","version":"v8.15.0","argv":["node","/usr/local/lib/node_modules/pm2/lib/ProcessContainerFork.js"],"memoryUsage":{"rss":168337408,"heapTotal":115585024,"heapUsed":87066848,"external":126715}},"os":{"loadavg":[0.16162109375,0.10791015625,0.12353515625],"uptime":45292},"trace":[{"column":12,"file":"/usr/local/lib/node_modules/pm2/node_modules/ts-node/src/index.ts","function":"createTSError","line":261,"method":null,"native":false},{"column":40,"file":"/usr/local/lib/node_modules/pm2/node_modules/ts-node/src/index.ts","function":"getOutput","line":367,"method":null,"native":false},{"column":11,"file":"/usr/local/lib/node_modules/pm2/node_modules/ts-node/src/index.ts","function":"Object.compile","line":558,"method":"compile","native":false},{"column":43,"file":"/usr/local/lib/node_modules/pm2/node_modules/ts-node/src/index.ts","function":"Module.m._compile","line":439,"method":"_compile","native":false},{"column":10,"file":"module.js","function":"Module._extensions..js","line":664,"method":".js","native":false},{"column":12,"file":"/usr/local/lib/node_modules/pm2/node_modules/ts-node/src/index.ts","function":"Object.require.extensions.(anonymous function) [as .ts]","line":442,"method":"ts]","native":false},{"column":32,"file":"module.js","function":"Module.load","line":566,"method":"load","native":false},{"column":12,"file":"module.js","function":"tryModuleLoad","line":506,"method":null,"native":false},{"column":3,"file":"module.js","function":"Module._load","line":498,"method":"_load","native":false},{"column":17,"file":"module.js","function":"Module.require","line":597,"method":"require","native":false}]}
{"error":{"diagnosticText":"src/service/AuthService.ts(94,10): error TS2304: Cannot find name 'req'.\nsrc/service/AuthService.ts(94,15): error TS2304: Cannot find name 'res'.\n","diagnosticCodes":[2304,2304]},"level":"error","message":"uncaughtException: ⨯ Unable to compile TypeScript:\nsrc/service/AuthService.ts(94,10): error TS2304: Cannot find name 'req'.\nsrc/service/AuthService.ts(94,15): error TS2304: Cannot find name 'res'.\n\nTSError: ⨯ Unable to compile TypeScript:\nsrc/service/AuthService.ts(94,10): error TS2304: Cannot find name 'req'.\nsrc/service/AuthService.ts(94,15): error TS2304: Cannot find name 'res'.\n\n    at createTSError (/usr/local/lib/node_modules/pm2/node_modules/ts-node/src/index.ts:261:12)\n    at getOutput (/usr/local/lib/node_modules/pm2/node_modules/ts-node/src/index.ts:367:40)\n    at Object.compile (/usr/local/lib/node_modules/pm2/node_modules/ts-node/src/index.ts:558:11)\n    at Module.m._compile (/usr/local/lib/node_modules/pm2/node_modules/ts-node/src/index.ts:439:43)\n    at Module._extensions..js (module.js:664:10)\n    at Object.require.extensions.(anonymous function) [as .ts] (/usr/local/lib/node_modules/pm2/node_modules/ts-node/src/index.ts:442:12)\n    at Module.load (module.js:566:32)\n    at tryModuleLoad (module.js:506:12)\n    at Function.Module._load (module.js:498:3)\n    at Module.require (module.js:597:17)","stack":"TSError: ⨯ Unable to compile TypeScript:\nsrc/service/AuthService.ts(94,10): error TS2304: Cannot find name 'req'.\nsrc/service/AuthService.ts(94,15): error TS2304: Cannot find name 'res'.\n\n    at createTSError (/usr/local/lib/node_modules/pm2/node_modules/ts-node/src/index.ts:261:12)\n    at getOutput (/usr/local/lib/node_modules/pm2/node_modules/ts-node/src/index.ts:367:40)\n    at Object.compile (/usr/local/lib/node_modules/pm2/node_modules/ts-node/src/index.ts:558:11)\n    at Module.m._compile (/usr/local/lib/node_modules/pm2/node_modules/ts-node/src/index.ts:439:43)\n    at Module._extensions..js (module.js:664:10)\n    at Object.require.extensions.(anonymous function) [as .ts] (/usr/local/lib/node_modules/pm2/node_modules/ts-node/src/index.ts:442:12)\n    at Module.load (module.js:566:32)\n    at tryModuleLoad (module.js:506:12)\n    at Function.Module._load (module.js:498:3)\n    at Module.require (module.js:597:17)","exception":true,"date":"Sun Jan 20 2019 09:43:02 GMT+0000 (UTC)","process":{"pid":648,"uid":0,"gid":0,"cwd":"/usr/src/app/doodoo-todo-api2","execPath":"/usr/local/bin/node","version":"v8.15.0","argv":["node","/usr/local/lib/node_modules/pm2/lib/ProcessContainerFork.js"],"memoryUsage":{"rss":163008512,"heapTotal":117157888,"heapUsed":90531736,"external":126715}},"os":{"loadavg":[0.44482421875,0.1708984375,0.14404296875],"uptime":45304},"trace":[{"column":12,"file":"/usr/local/lib/node_modules/pm2/node_modules/ts-node/src/index.ts","function":"createTSError","line":261,"method":null,"native":false},{"column":40,"file":"/usr/local/lib/node_modules/pm2/node_modules/ts-node/src/index.ts","function":"getOutput","line":367,"method":null,"native":false},{"column":11,"file":"/usr/local/lib/node_modules/pm2/node_modules/ts-node/src/index.ts","function":"Object.compile","line":558,"method":"compile","native":false},{"column":43,"file":"/usr/local/lib/node_modules/pm2/node_modules/ts-node/src/index.ts","function":"Module.m._compile","line":439,"method":"_compile","native":false},{"column":10,"file":"module.js","function":"Module._extensions..js","line":664,"method":".js","native":false},{"column":12,"file":"/usr/local/lib/node_modules/pm2/node_modules/ts-node/src/index.ts","function":"Object.require.extensions.(anonymous function) [as .ts]","line":442,"method":"ts]","native":false},{"column":32,"file":"module.js","function":"Module.load","line":566,"method":"load","native":false},{"column":12,"file":"module.js","function":"tryModuleLoad","line":506,"method":null,"native":false},{"column":3,"file":"module.js","function":"Module._load","line":498,"method":"_load","native":false},{"column":17,"file":"module.js","function":"Module.require","line":597,"method":"require","native":false}]}
{"error":{"diagnosticText":"src/service/AuthService.ts(94,10): error TS2304: Cannot find name 'req'.\nsrc/service/AuthService.ts(94,15): error TS2304: Cannot find name 'res'.\n","diagnosticCodes":[2304,2304]},"level":"error","message":"uncaughtException: ⨯ Unable to compile TypeScript:\nsrc/service/AuthService.ts(94,10): error TS2304: Cannot find name 'req'.\nsrc/service/AuthService.ts(94,15): error TS2304: Cannot find name 'res'.\n\nTSError: ⨯ Unable to compile TypeScript:\nsrc/service/AuthService.ts(94,10): error TS2304: Cannot find name 'req'.\nsrc/service/AuthService.ts(94,15): error TS2304: Cannot find name 'res'.\n\n    at createTSError (/usr/local/lib/node_modules/pm2/node_modules/ts-node/src/index.ts:261:12)\n    at getOutput (/usr/local/lib/node_modules/pm2/node_modules/ts-node/src/index.ts:367:40)\n    at Object.compile (/usr/local/lib/node_modules/pm2/node_modules/ts-node/src/index.ts:558:11)\n    at Module.m._compile (/usr/local/lib/node_modules/pm2/node_modules/ts-node/src/index.ts:439:43)\n    at Module._extensions..js (module.js:664:10)\n    at Object.require.extensions.(anonymous function) [as .ts] (/usr/local/lib/node_modules/pm2/node_modules/ts-node/src/index.ts:442:12)\n    at Module.load (module.js:566:32)\n    at tryModuleLoad (module.js:506:12)\n    at Function.Module._load (module.js:498:3)\n    at Module.require (module.js:597:17)","stack":"TSError: ⨯ Unable to compile TypeScript:\nsrc/service/AuthService.ts(94,10): error TS2304: Cannot find name 'req'.\nsrc/service/AuthService.ts(94,15): error TS2304: Cannot find name 'res'.\n\n    at createTSError (/usr/local/lib/node_modules/pm2/node_modules/ts-node/src/index.ts:261:12)\n    at getOutput (/usr/local/lib/node_modules/pm2/node_modules/ts-node/src/index.ts:367:40)\n    at Object.compile (/usr/local/lib/node_modules/pm2/node_modules/ts-node/src/index.ts:558:11)\n    at Module.m._compile (/usr/local/lib/node_modules/pm2/node_modules/ts-node/src/index.ts:439:43)\n    at Module._extensions..js (module.js:664:10)\n    at Object.require.extensions.(anonymous function) [as .ts] (/usr/local/lib/node_modules/pm2/node_modules/ts-node/src/index.ts:442:12)\n    at Module.load (module.js:566:32)\n    at tryModuleLoad (module.js:506:12)\n    at Function.Module._load (module.js:498:3)\n    at Module.require (module.js:597:17)","exception":true,"date":"Sun Jan 20 2019 09:43:13 GMT+0000 (UTC)","process":{"pid":658,"uid":0,"gid":0,"cwd":"/usr/src/app/doodoo-todo-api2","execPath":"/usr/local/bin/node","version":"v8.15.0","argv":["node","/usr/local/lib/node_modules/pm2/lib/ProcessContainerFork.js"],"memoryUsage":{"rss":166031360,"heapTotal":115060736,"heapUsed":87258048,"external":126715}},"os":{"loadavg":[0.57373046875,0.21240234375,0.158203125],"uptime":45315},"trace":[{"column":12,"file":"/usr/local/lib/node_modules/pm2/node_modules/ts-node/src/index.ts","function":"createTSError","line":261,"method":null,"native":false},{"column":40,"file":"/usr/local/lib/node_modules/pm2/node_modules/ts-node/src/index.ts","function":"getOutput","line":367,"method":null,"native":false},{"column":11,"file":"/usr/local/lib/node_modules/pm2/node_modules/ts-node/src/index.ts","function":"Object.compile","line":558,"method":"compile","native":false},{"column":43,"file":"/usr/local/lib/node_modules/pm2/node_modules/ts-node/src/index.ts","function":"Module.m._compile","line":439,"method":"_compile","native":false},{"column":10,"file":"module.js","function":"Module._extensions..js","line":664,"method":".js","native":false},{"column":12,"file":"/usr/local/lib/node_modules/pm2/node_modules/ts-node/src/index.ts","function":"Object.require.extensions.(anonymous function) [as .ts]","line":442,"method":"ts]","native":false},{"column":32,"file":"module.js","function":"Module.load","line":566,"method":"load","native":false},{"column":12,"file":"module.js","function":"tryModuleLoad","line":506,"method":null,"native":false},{"column":3,"file":"module.js","function":"Module._load","line":498,"method":"_load","native":false},{"column":17,"file":"module.js","function":"Module.require","line":597,"method":"require","native":false}]}
{"error":{"diagnosticText":"src/service/AuthService.ts(94,10): error TS2304: Cannot find name 'req'.\nsrc/service/AuthService.ts(94,15): error TS2304: Cannot find name 'res'.\n","diagnosticCodes":[2304,2304]},"level":"error","message":"uncaughtException: ⨯ Unable to compile TypeScript:\nsrc/service/AuthService.ts(94,10): error TS2304: Cannot find name 'req'.\nsrc/service/AuthService.ts(94,15): error TS2304: Cannot find name 'res'.\n\nTSError: ⨯ Unable to compile TypeScript:\nsrc/service/AuthService.ts(94,10): error TS2304: Cannot find name 'req'.\nsrc/service/AuthService.ts(94,15): error TS2304: Cannot find name 'res'.\n\n    at createTSError (/usr/local/lib/node_modules/pm2/node_modules/ts-node/src/index.ts:261:12)\n    at getOutput (/usr/local/lib/node_modules/pm2/node_modules/ts-node/src/index.ts:367:40)\n    at Object.compile (/usr/local/lib/node_modules/pm2/node_modules/ts-node/src/index.ts:558:11)\n    at Module.m._compile (/usr/local/lib/node_modules/pm2/node_modules/ts-node/src/index.ts:439:43)\n    at Module._extensions..js (module.js:664:10)\n    at Object.require.extensions.(anonymous function) [as .ts] (/usr/local/lib/node_modules/pm2/node_modules/ts-node/src/index.ts:442:12)\n    at Module.load (module.js:566:32)\n    at tryModuleLoad (module.js:506:12)\n    at Function.Module._load (module.js:498:3)\n    at Module.require (module.js:597:17)","stack":"TSError: ⨯ Unable to compile TypeScript:\nsrc/service/AuthService.ts(94,10): error TS2304: Cannot find name 'req'.\nsrc/service/AuthService.ts(94,15): error TS2304: Cannot find name 'res'.\n\n    at createTSError (/usr/local/lib/node_modules/pm2/node_modules/ts-node/src/index.ts:261:12)\n    at getOutput (/usr/local/lib/node_modules/pm2/node_modules/ts-node/src/index.ts:367:40)\n    at Object.compile (/usr/local/lib/node_modules/pm2/node_modules/ts-node/src/index.ts:558:11)\n    at Module.m._compile (/usr/local/lib/node_modules/pm2/node_modules/ts-node/src/index.ts:439:43)\n    at Module._extensions..js (module.js:664:10)\n    at Object.require.extensions.(anonymous function) [as .ts] (/usr/local/lib/node_modules/pm2/node_modules/ts-node/src/index.ts:442:12)\n    at Module.load (module.js:566:32)\n    at tryModuleLoad (module.js:506:12)\n    at Function.Module._load (module.js:498:3)\n    at Module.require (module.js:597:17)","exception":true,"date":"Sun Jan 20 2019 09:43:25 GMT+0000 (UTC)","process":{"pid":668,"uid":0,"gid":0,"cwd":"/usr/src/app/doodoo-todo-api2","execPath":"/usr/local/bin/node","version":"v8.15.0","argv":["node","/usr/local/lib/node_modules/pm2/lib/ProcessContainerFork.js"],"memoryUsage":{"rss":166633472,"heapTotal":115585024,"heapUsed":87074112,"external":126715}},"os":{"loadavg":[0.6396484375,0.23876953125,0.16796875],"uptime":45327},"trace":[{"column":12,"file":"/usr/local/lib/node_modules/pm2/node_modules/ts-node/src/index.ts","function":"createTSError","line":261,"method":null,"native":false},{"column":40,"file":"/usr/local/lib/node_modules/pm2/node_modules/ts-node/src/index.ts","function":"getOutput","line":367,"method":null,"native":false},{"column":11,"file":"/usr/local/lib/node_modules/pm2/node_modules/ts-node/src/index.ts","function":"Object.compile","line":558,"method":"compile","native":false},{"column":43,"file":"/usr/local/lib/node_modules/pm2/node_modules/ts-node/src/index.ts","function":"Module.m._compile","line":439,"method":"_compile","native":false},{"column":10,"file":"module.js","function":"Module._extensions..js","line":664,"method":".js","native":false},{"column":12,"file":"/usr/local/lib/node_modules/pm2/node_modules/ts-node/src/index.ts","function":"Object.require.extensions.(anonymous function) [as .ts]","line":442,"method":"ts]","native":false},{"column":32,"file":"module.js","function":"Module.load","line":566,"method":"load","native":false},{"column":12,"file":"module.js","function":"tryModuleLoad","line":506,"method":null,"native":false},{"column":3,"file":"module.js","function":"Module._load","line":498,"method":"_load","native":false},{"column":17,"file":"module.js","function":"Module.require","line":597,"method":"require","native":false}]}
{"error":{"diagnosticText":"src/service/AuthService.ts(3,1): error TS6133: 'promisify' is declared but its value is never read.\n","diagnosticCodes":[6133]},"level":"error","message":"uncaughtException: ⨯ Unable to compile TypeScript:\nsrc/service/AuthService.ts(3,1): error TS6133: 'promisify' is declared but its value is never read.\n\nTSError: ⨯ Unable to compile TypeScript:\nsrc/service/AuthService.ts(3,1): error TS6133: 'promisify' is declared but its value is never read.\n\n    at createTSError (/usr/local/lib/node_modules/pm2/node_modules/ts-node/src/index.ts:261:12)\n    at getOutput (/usr/local/lib/node_modules/pm2/node_modules/ts-node/src/index.ts:367:40)\n    at Object.compile (/usr/local/lib/node_modules/pm2/node_modules/ts-node/src/index.ts:558:11)\n    at Module.m._compile (/usr/local/lib/node_modules/pm2/node_modules/ts-node/src/index.ts:439:43)\n    at Module._extensions..js (module.js:664:10)\n    at Object.require.extensions.(anonymous function) [as .ts] (/usr/local/lib/node_modules/pm2/node_modules/ts-node/src/index.ts:442:12)\n    at Module.load (module.js:566:32)\n    at tryModuleLoad (module.js:506:12)\n    at Function.Module._load (module.js:498:3)\n    at Module.require (module.js:597:17)","stack":"TSError: ⨯ Unable to compile TypeScript:\nsrc/service/AuthService.ts(3,1): error TS6133: 'promisify' is declared but its value is never read.\n\n    at createTSError (/usr/local/lib/node_modules/pm2/node_modules/ts-node/src/index.ts:261:12)\n    at getOutput (/usr/local/lib/node_modules/pm2/node_modules/ts-node/src/index.ts:367:40)\n    at Object.compile (/usr/local/lib/node_modules/pm2/node_modules/ts-node/src/index.ts:558:11)\n    at Module.m._compile (/usr/local/lib/node_modules/pm2/node_modules/ts-node/src/index.ts:439:43)\n    at Module._extensions..js (module.js:664:10)\n    at Object.require.extensions.(anonymous function) [as .ts] (/usr/local/lib/node_modules/pm2/node_modules/ts-node/src/index.ts:442:12)\n    at Module.load (module.js:566:32)\n    at tryModuleLoad (module.js:506:12)\n    at Function.Module._load (module.js:498:3)\n    at Module.require (module.js:597:17)","exception":true,"date":"Sun Jan 20 2019 09:52:02 GMT+0000 (UTC)","process":{"pid":722,"uid":0,"gid":0,"cwd":"/usr/src/app/doodoo-todo-api2","execPath":"/usr/local/bin/node","version":"v8.15.0","argv":["node","/usr/local/lib/node_modules/pm2/lib/ProcessContainerFork.js"],"memoryUsage":{"rss":171278336,"heapTotal":117682176,"heapUsed":85891152,"external":115709}},"os":{"loadavg":[0.37060546875,0.16162109375,0.14599609375],"uptime":45845},"trace":[{"column":12,"file":"/usr/local/lib/node_modules/pm2/node_modules/ts-node/src/index.ts","function":"createTSError","line":261,"method":null,"native":false},{"column":40,"file":"/usr/local/lib/node_modules/pm2/node_modules/ts-node/src/index.ts","function":"getOutput","line":367,"method":null,"native":false},{"column":11,"file":"/usr/local/lib/node_modules/pm2/node_modules/ts-node/src/index.ts","function":"Object.compile","line":558,"method":"compile","native":false},{"column":43,"file":"/usr/local/lib/node_modules/pm2/node_modules/ts-node/src/index.ts","function":"Module.m._compile","line":439,"method":"_compile","native":false},{"column":10,"file":"module.js","function":"Module._extensions..js","line":664,"method":".js","native":false},{"column":12,"file":"/usr/local/lib/node_modules/pm2/node_modules/ts-node/src/index.ts","function":"Object.require.extensions.(anonymous function) [as .ts]","line":442,"method":"ts]","native":false},{"column":32,"file":"module.js","function":"Module.load","line":566,"method":"load","native":false},{"column":12,"file":"module.js","function":"tryModuleLoad","line":506,"method":null,"native":false},{"column":3,"file":"module.js","function":"Module._load","line":498,"method":"_load","native":false},{"column":17,"file":"module.js","function":"Module.require","line":597,"method":"require","native":false}]}
{"error":{"diagnosticText":"src/service/AuthService.ts(3,1): error TS6133: 'promisify' is declared but its value is never read.\n","diagnosticCodes":[6133]},"level":"error","message":"uncaughtException: ⨯ Unable to compile TypeScript:\nsrc/service/AuthService.ts(3,1): error TS6133: 'promisify' is declared but its value is never read.\n\nTSError: ⨯ Unable to compile TypeScript:\nsrc/service/AuthService.ts(3,1): error TS6133: 'promisify' is declared but its value is never read.\n\n    at createTSError (/usr/local/lib/node_modules/pm2/node_modules/ts-node/src/index.ts:261:12)\n    at getOutput (/usr/local/lib/node_modules/pm2/node_modules/ts-node/src/index.ts:367:40)\n    at Object.compile (/usr/local/lib/node_modules/pm2/node_modules/ts-node/src/index.ts:558:11)\n    at Module.m._compile (/usr/local/lib/node_modules/pm2/node_modules/ts-node/src/index.ts:439:43)\n    at Module._extensions..js (module.js:664:10)\n    at Object.require.extensions.(anonymous function) [as .ts] (/usr/local/lib/node_modules/pm2/node_modules/ts-node/src/index.ts:442:12)\n    at Module.load (module.js:566:32)\n    at tryModuleLoad (module.js:506:12)\n    at Function.Module._load (module.js:498:3)\n    at Module.require (module.js:597:17)","stack":"TSError: ⨯ Unable to compile TypeScript:\nsrc/service/AuthService.ts(3,1): error TS6133: 'promisify' is declared but its value is never read.\n\n    at createTSError (/usr/local/lib/node_modules/pm2/node_modules/ts-node/src/index.ts:261:12)\n    at getOutput (/usr/local/lib/node_modules/pm2/node_modules/ts-node/src/index.ts:367:40)\n    at Object.compile (/usr/local/lib/node_modules/pm2/node_modules/ts-node/src/index.ts:558:11)\n    at Module.m._compile (/usr/local/lib/node_modules/pm2/node_modules/ts-node/src/index.ts:439:43)\n    at Module._extensions..js (module.js:664:10)\n    at Object.require.extensions.(anonymous function) [as .ts] (/usr/local/lib/node_modules/pm2/node_modules/ts-node/src/index.ts:442:12)\n    at Module.load (module.js:566:32)\n    at tryModuleLoad (module.js:506:12)\n    at Function.Module._load (module.js:498:3)\n    at Module.require (module.js:597:17)","exception":true,"date":"Sun Jan 20 2019 09:52:12 GMT+0000 (UTC)","process":{"pid":732,"uid":0,"gid":0,"cwd":"/usr/src/app/doodoo-todo-api2","execPath":"/usr/local/bin/node","version":"v8.15.0","argv":["node","/usr/local/lib/node_modules/pm2/lib/ProcessContainerFork.js"],"memoryUsage":{"rss":170082304,"heapTotal":117682176,"heapUsed":86338072,"external":134907}},"os":{"loadavg":[0.39404296875,0.1728515625,0.14990234375],"uptime":45856},"trace":[{"column":12,"file":"/usr/local/lib/node_modules/pm2/node_modules/ts-node/src/index.ts","function":"createTSError","line":261,"method":null,"native":false},{"column":40,"file":"/usr/local/lib/node_modules/pm2/node_modules/ts-node/src/index.ts","function":"getOutput","line":367,"method":null,"native":false},{"column":11,"file":"/usr/local/lib/node_modules/pm2/node_modules/ts-node/src/index.ts","function":"Object.compile","line":558,"method":"compile","native":false},{"column":43,"file":"/usr/local/lib/node_modules/pm2/node_modules/ts-node/src/index.ts","function":"Module.m._compile","line":439,"method":"_compile","native":false},{"column":10,"file":"module.js","function":"Module._extensions..js","line":664,"method":".js","native":false},{"column":12,"file":"/usr/local/lib/node_modules/pm2/node_modules/ts-node/src/index.ts","function":"Object.require.extensions.(anonymous function) [as .ts]","line":442,"method":"ts]","native":false},{"column":32,"file":"module.js","function":"Module.load","line":566,"method":"load","native":false},{"column":12,"file":"module.js","function":"tryModuleLoad","line":506,"method":null,"native":false},{"column":3,"file":"module.js","function":"Module._load","line":498,"method":"_load","native":false},{"column":17,"file":"module.js","function":"Module.require","line":597,"method":"require","native":false}]}
{"error":{"diagnosticText":"src/service/AuthService.ts(3,1): error TS6133: 'promisify' is declared but its value is never read.\n","diagnosticCodes":[6133]},"level":"error","message":"uncaughtException: ⨯ Unable to compile TypeScript:\nsrc/service/AuthService.ts(3,1): error TS6133: 'promisify' is declared but its value is never read.\n\nTSError: ⨯ Unable to compile TypeScript:\nsrc/service/AuthService.ts(3,1): error TS6133: 'promisify' is declared but its value is never read.\n\n    at createTSError (/usr/local/lib/node_modules/pm2/node_modules/ts-node/src/index.ts:261:12)\n    at getOutput (/usr/local/lib/node_modules/pm2/node_modules/ts-node/src/index.ts:367:40)\n    at Object.compile (/usr/local/lib/node_modules/pm2/node_modules/ts-node/src/index.ts:558:11)\n    at Module.m._compile (/usr/local/lib/node_modules/pm2/node_modules/ts-node/src/index.ts:439:43)\n    at Module._extensions..js (module.js:664:10)\n    at Object.require.extensions.(anonymous function) [as .ts] (/usr/local/lib/node_modules/pm2/node_modules/ts-node/src/index.ts:442:12)\n    at Module.load (module.js:566:32)\n    at tryModuleLoad (module.js:506:12)\n    at Function.Module._load (module.js:498:3)\n    at Module.require (module.js:597:17)","stack":"TSError: ⨯ Unable to compile TypeScript:\nsrc/service/AuthService.ts(3,1): error TS6133: 'promisify' is declared but its value is never read.\n\n    at createTSError (/usr/local/lib/node_modules/pm2/node_modules/ts-node/src/index.ts:261:12)\n    at getOutput (/usr/local/lib/node_modules/pm2/node_modules/ts-node/src/index.ts:367:40)\n    at Object.compile (/usr/local/lib/node_modules/pm2/node_modules/ts-node/src/index.ts:558:11)\n    at Module.m._compile (/usr/local/lib/node_modules/pm2/node_modules/ts-node/src/index.ts:439:43)\n    at Module._extensions..js (module.js:664:10)\n    at Object.require.extensions.(anonymous function) [as .ts] (/usr/local/lib/node_modules/pm2/node_modules/ts-node/src/index.ts:442:12)\n    at Module.load (module.js:566:32)\n    at tryModuleLoad (module.js:506:12)\n    at Function.Module._load (module.js:498:3)\n    at Module.require (module.js:597:17)","exception":true,"date":"Sun Jan 20 2019 09:52:24 GMT+0000 (UTC)","process":{"pid":742,"uid":0,"gid":0,"cwd":"/usr/src/app/doodoo-todo-api2","execPath":"/usr/local/bin/node","version":"v8.15.0","argv":["node","/usr/local/lib/node_modules/pm2/lib/ProcessContainerFork.js"],"memoryUsage":{"rss":170778624,"heapTotal":115585024,"heapUsed":86879496,"external":126715}},"os":{"loadavg":[0.546875,0.21435546875,0.16357421875],"uptime":45867},"trace":[{"column":12,"file":"/usr/local/lib/node_modules/pm2/node_modules/ts-node/src/index.ts","function":"createTSError","line":261,"method":null,"native":false},{"column":40,"file":"/usr/local/lib/node_modules/pm2/node_modules/ts-node/src/index.ts","function":"getOutput","line":367,"method":null,"native":false},{"column":11,"file":"/usr/local/lib/node_modules/pm2/node_modules/ts-node/src/index.ts","function":"Object.compile","line":558,"method":"compile","native":false},{"column":43,"file":"/usr/local/lib/node_modules/pm2/node_modules/ts-node/src/index.ts","function":"Module.m._compile","line":439,"method":"_compile","native":false},{"column":10,"file":"module.js","function":"Module._extensions..js","line":664,"method":".js","native":false},{"column":12,"file":"/usr/local/lib/node_modules/pm2/node_modules/ts-node/src/index.ts","function":"Object.require.extensions.(anonymous function) [as .ts]","line":442,"method":"ts]","native":false},{"column":32,"file":"module.js","function":"Module.load","line":566,"method":"load","native":false},{"column":12,"file":"module.js","function":"tryModuleLoad","line":506,"method":null,"native":false},{"column":3,"file":"module.js","function":"Module._load","line":498,"method":"_load","native":false},{"column":17,"file":"module.js","function":"Module.require","line":597,"method":"require","native":false}]}
{"error":{"diagnosticText":"src/service/AuthService.ts(3,1): error TS6133: 'promisify' is declared but its value is never read.\n","diagnosticCodes":[6133]},"level":"error","message":"uncaughtException: ⨯ Unable to compile TypeScript:\nsrc/service/AuthService.ts(3,1): error TS6133: 'promisify' is declared but its value is never read.\n\nTSError: ⨯ Unable to compile TypeScript:\nsrc/service/AuthService.ts(3,1): error TS6133: 'promisify' is declared but its value is never read.\n\n    at createTSError (/usr/local/lib/node_modules/pm2/node_modules/ts-node/src/index.ts:261:12)\n    at getOutput (/usr/local/lib/node_modules/pm2/node_modules/ts-node/src/index.ts:367:40)\n    at Object.compile (/usr/local/lib/node_modules/pm2/node_modules/ts-node/src/index.ts:558:11)\n    at Module.m._compile (/usr/local/lib/node_modules/pm2/node_modules/ts-node/src/index.ts:439:43)\n    at Module._extensions..js (module.js:664:10)\n    at Object.require.extensions.(anonymous function) [as .ts] (/usr/local/lib/node_modules/pm2/node_modules/ts-node/src/index.ts:442:12)\n    at Module.load (module.js:566:32)\n    at tryModuleLoad (module.js:506:12)\n    at Function.Module._load (module.js:498:3)\n    at Module.require (module.js:597:17)","stack":"TSError: ⨯ Unable to compile TypeScript:\nsrc/service/AuthService.ts(3,1): error TS6133: 'promisify' is declared but its value is never read.\n\n    at createTSError (/usr/local/lib/node_modules/pm2/node_modules/ts-node/src/index.ts:261:12)\n    at getOutput (/usr/local/lib/node_modules/pm2/node_modules/ts-node/src/index.ts:367:40)\n    at Object.compile (/usr/local/lib/node_modules/pm2/node_modules/ts-node/src/index.ts:558:11)\n    at Module.m._compile (/usr/local/lib/node_modules/pm2/node_modules/ts-node/src/index.ts:439:43)\n    at Module._extensions..js (module.js:664:10)\n    at Object.require.extensions.(anonymous function) [as .ts] (/usr/local/lib/node_modules/pm2/node_modules/ts-node/src/index.ts:442:12)\n    at Module.load (module.js:566:32)\n    at tryModuleLoad (module.js:506:12)\n    at Function.Module._load (module.js:498:3)\n    at Module.require (module.js:597:17)","exception":true,"date":"Sun Jan 20 2019 09:52:36 GMT+0000 (UTC)","process":{"pid":752,"uid":0,"gid":0,"cwd":"/usr/src/app/doodoo-todo-api2","execPath":"/usr/local/bin/node","version":"v8.15.0","argv":["node","/usr/local/lib/node_modules/pm2/lib/ProcessContainerFork.js"],"memoryUsage":{"rss":170921984,"heapTotal":115060736,"heapUsed":87115376,"external":126715}},"os":{"loadavg":[0.54296875,0.2236328125,0.16748046875],"uptime":45879},"trace":[{"column":12,"file":"/usr/local/lib/node_modules/pm2/node_modules/ts-node/src/index.ts","function":"createTSError","line":261,"method":null,"native":false},{"column":40,"file":"/usr/local/lib/node_modules/pm2/node_modules/ts-node/src/index.ts","function":"getOutput","line":367,"method":null,"native":false},{"column":11,"file":"/usr/local/lib/node_modules/pm2/node_modules/ts-node/src/index.ts","function":"Object.compile","line":558,"method":"compile","native":false},{"column":43,"file":"/usr/local/lib/node_modules/pm2/node_modules/ts-node/src/index.ts","function":"Module.m._compile","line":439,"method":"_compile","native":false},{"column":10,"file":"module.js","function":"Module._extensions..js","line":664,"method":".js","native":false},{"column":12,"file":"/usr/local/lib/node_modules/pm2/node_modules/ts-node/src/index.ts","function":"Object.require.extensions.(anonymous function) [as .ts]","line":442,"method":"ts]","native":false},{"column":32,"file":"module.js","function":"Module.load","line":566,"method":"load","native":false},{"column":12,"file":"module.js","function":"tryModuleLoad","line":506,"method":null,"native":false},{"column":3,"file":"module.js","function":"Module._load","line":498,"method":"_load","native":false},{"column":17,"file":"module.js","function":"Module.require","line":597,"method":"require","native":false}]}
{"error":{"diagnosticText":"src/service/AuthService.ts(3,1): error TS6133: 'promisify' is declared but its value is never read.\n","diagnosticCodes":[6133]},"level":"error","message":"uncaughtException: ⨯ Unable to compile TypeScript:\nsrc/service/AuthService.ts(3,1): error TS6133: 'promisify' is declared but its value is never read.\n\nTSError: ⨯ Unable to compile TypeScript:\nsrc/service/AuthService.ts(3,1): error TS6133: 'promisify' is declared but its value is never read.\n\n    at createTSError (/usr/local/lib/node_modules/pm2/node_modules/ts-node/src/index.ts:261:12)\n    at getOutput (/usr/local/lib/node_modules/pm2/node_modules/ts-node/src/index.ts:367:40)\n    at Object.compile (/usr/local/lib/node_modules/pm2/node_modules/ts-node/src/index.ts:558:11)\n    at Module.m._compile (/usr/local/lib/node_modules/pm2/node_modules/ts-node/src/index.ts:439:43)\n    at Module._extensions..js (module.js:664:10)\n    at Object.require.extensions.(anonymous function) [as .ts] (/usr/local/lib/node_modules/pm2/node_modules/ts-node/src/index.ts:442:12)\n    at Module.load (module.js:566:32)\n    at tryModuleLoad (module.js:506:12)\n    at Function.Module._load (module.js:498:3)\n    at Module.require (module.js:597:17)","stack":"TSError: ⨯ Unable to compile TypeScript:\nsrc/service/AuthService.ts(3,1): error TS6133: 'promisify' is declared but its value is never read.\n\n    at createTSError (/usr/local/lib/node_modules/pm2/node_modules/ts-node/src/index.ts:261:12)\n    at getOutput (/usr/local/lib/node_modules/pm2/node_modules/ts-node/src/index.ts:367:40)\n    at Object.compile (/usr/local/lib/node_modules/pm2/node_modules/ts-node/src/index.ts:558:11)\n    at Module.m._compile (/usr/local/lib/node_modules/pm2/node_modules/ts-node/src/index.ts:439:43)\n    at Module._extensions..js (module.js:664:10)\n    at Object.require.extensions.(anonymous function) [as .ts] (/usr/local/lib/node_modules/pm2/node_modules/ts-node/src/index.ts:442:12)\n    at Module.load (module.js:566:32)\n    at tryModuleLoad (module.js:506:12)\n    at Function.Module._load (module.js:498:3)\n    at Module.require (module.js:597:17)","exception":true,"date":"Sun Jan 20 2019 09:52:47 GMT+0000 (UTC)","process":{"pid":762,"uid":0,"gid":0,"cwd":"/usr/src/app/doodoo-todo-api2","execPath":"/usr/local/bin/node","version":"v8.15.0","argv":["node","/usr/local/lib/node_modules/pm2/lib/ProcessContainerFork.js"],"memoryUsage":{"rss":171581440,"heapTotal":115585024,"heapUsed":87319368,"external":126715}},"os":{"loadavg":[0.61328125,0.24951171875,0.17724609375],"uptime":45890},"trace":[{"column":12,"file":"/usr/local/lib/node_modules/pm2/node_modules/ts-node/src/index.ts","function":"createTSError","line":261,"method":null,"native":false},{"column":40,"file":"/usr/local/lib/node_modules/pm2/node_modules/ts-node/src/index.ts","function":"getOutput","line":367,"method":null,"native":false},{"column":11,"file":"/usr/local/lib/node_modules/pm2/node_modules/ts-node/src/index.ts","function":"Object.compile","line":558,"method":"compile","native":false},{"column":43,"file":"/usr/local/lib/node_modules/pm2/node_modules/ts-node/src/index.ts","function":"Module.m._compile","line":439,"method":"_compile","native":false},{"column":10,"file":"module.js","function":"Module._extensions..js","line":664,"method":".js","native":false},{"column":12,"file":"/usr/local/lib/node_modules/pm2/node_modules/ts-node/src/index.ts","function":"Object.require.extensions.(anonymous function) [as .ts]","line":442,"method":"ts]","native":false},{"column":32,"file":"module.js","function":"Module.load","line":566,"method":"load","native":false},{"column":12,"file":"module.js","function":"tryModuleLoad","line":506,"method":null,"native":false},{"column":3,"file":"module.js","function":"Module._load","line":498,"method":"_load","native":false},{"column":17,"file":"module.js","function":"Module.require","line":597,"method":"require","native":false}]}
{"error":{"diagnosticText":"src/service/AuthService.ts(7,7): error TS6133: 'passport_authenticate_async' is declared but its value is never read.\n","diagnosticCodes":[6133]},"level":"error","message":"uncaughtException: ⨯ Unable to compile TypeScript:\nsrc/service/AuthService.ts(7,7): error TS6133: 'passport_authenticate_async' is declared but its value is never read.\n\nTSError: ⨯ Unable to compile TypeScript:\nsrc/service/AuthService.ts(7,7): error TS6133: 'passport_authenticate_async' is declared but its value is never read.\n\n    at createTSError (/usr/local/lib/node_modules/pm2/node_modules/ts-node/src/index.ts:261:12)\n    at getOutput (/usr/local/lib/node_modules/pm2/node_modules/ts-node/src/index.ts:367:40)\n    at Object.compile (/usr/local/lib/node_modules/pm2/node_modules/ts-node/src/index.ts:558:11)\n    at Module.m._compile (/usr/local/lib/node_modules/pm2/node_modules/ts-node/src/index.ts:439:43)\n    at Module._extensions..js (module.js:664:10)\n    at Object.require.extensions.(anonymous function) [as .ts] (/usr/local/lib/node_modules/pm2/node_modules/ts-node/src/index.ts:442:12)\n    at Module.load (module.js:566:32)\n    at tryModuleLoad (module.js:506:12)\n    at Function.Module._load (module.js:498:3)\n    at Module.require (module.js:597:17)","stack":"TSError: ⨯ Unable to compile TypeScript:\nsrc/service/AuthService.ts(7,7): error TS6133: 'passport_authenticate_async' is declared but its value is never read.\n\n    at createTSError (/usr/local/lib/node_modules/pm2/node_modules/ts-node/src/index.ts:261:12)\n    at getOutput (/usr/local/lib/node_modules/pm2/node_modules/ts-node/src/index.ts:367:40)\n    at Object.compile (/usr/local/lib/node_modules/pm2/node_modules/ts-node/src/index.ts:558:11)\n    at Module.m._compile (/usr/local/lib/node_modules/pm2/node_modules/ts-node/src/index.ts:439:43)\n    at Module._extensions..js (module.js:664:10)\n    at Object.require.extensions.(anonymous function) [as .ts] (/usr/local/lib/node_modules/pm2/node_modules/ts-node/src/index.ts:442:12)\n    at Module.load (module.js:566:32)\n    at tryModuleLoad (module.js:506:12)\n    at Function.Module._load (module.js:498:3)\n    at Module.require (module.js:597:17)","exception":true,"date":"Sun Jan 20 2019 09:53:02 GMT+0000 (UTC)","process":{"pid":779,"uid":0,"gid":0,"cwd":"/usr/src/app/doodoo-todo-api2","execPath":"/usr/local/bin/node","version":"v8.15.0","argv":["node","/usr/local/lib/node_modules/pm2/lib/ProcessContainerFork.js"],"memoryUsage":{"rss":165654528,"heapTotal":114012160,"heapUsed":88666336,"external":134907}},"os":{"loadavg":[0.55712890625,0.25341796875,0.18017578125],"uptime":45905},"trace":[{"column":12,"file":"/usr/local/lib/node_modules/pm2/node_modules/ts-node/src/index.ts","function":"createTSError","line":261,"method":null,"native":false},{"column":40,"file":"/usr/local/lib/node_modules/pm2/node_modules/ts-node/src/index.ts","function":"getOutput","line":367,"method":null,"native":false},{"column":11,"file":"/usr/local/lib/node_modules/pm2/node_modules/ts-node/src/index.ts","function":"Object.compile","line":558,"method":"compile","native":false},{"column":43,"file":"/usr/local/lib/node_modules/pm2/node_modules/ts-node/src/index.ts","function":"Module.m._compile","line":439,"method":"_compile","native":false},{"column":10,"file":"module.js","function":"Module._extensions..js","line":664,"method":".js","native":false},{"column":12,"file":"/usr/local/lib/node_modules/pm2/node_modules/ts-node/src/index.ts","function":"Object.require.extensions.(anonymous function) [as .ts]","line":442,"method":"ts]","native":false},{"column":32,"file":"module.js","function":"Module.load","line":566,"method":"load","native":false},{"column":12,"file":"module.js","function":"tryModuleLoad","line":506,"method":null,"native":false},{"column":3,"file":"module.js","function":"Module._load","line":498,"method":"_load","native":false},{"column":17,"file":"module.js","function":"Module.require","line":597,"method":"require","native":false}]}
{"error":{"diagnosticText":"src/service/AuthService.ts(7,7): error TS6133: 'passport_authenticate_async' is declared but its value is never read.\n","diagnosticCodes":[6133]},"level":"error","message":"uncaughtException: ⨯ Unable to compile TypeScript:\nsrc/service/AuthService.ts(7,7): error TS6133: 'passport_authenticate_async' is declared but its value is never read.\n\nTSError: ⨯ Unable to compile TypeScript:\nsrc/service/AuthService.ts(7,7): error TS6133: 'passport_authenticate_async' is declared but its value is never read.\n\n    at createTSError (/usr/local/lib/node_modules/pm2/node_modules/ts-node/src/index.ts:261:12)\n    at getOutput (/usr/local/lib/node_modules/pm2/node_modules/ts-node/src/index.ts:367:40)\n    at Object.compile (/usr/local/lib/node_modules/pm2/node_modules/ts-node/src/index.ts:558:11)\n    at Module.m._compile (/usr/local/lib/node_modules/pm2/node_modules/ts-node/src/index.ts:439:43)\n    at Module._extensions..js (module.js:664:10)\n    at Object.require.extensions.(anonymous function) [as .ts] (/usr/local/lib/node_modules/pm2/node_modules/ts-node/src/index.ts:442:12)\n    at Module.load (module.js:566:32)\n    at tryModuleLoad (module.js:506:12)\n    at Function.Module._load (module.js:498:3)\n    at Module.require (module.js:597:17)","stack":"TSError: ⨯ Unable to compile TypeScript:\nsrc/service/AuthService.ts(7,7): error TS6133: 'passport_authenticate_async' is declared but its value is never read.\n\n    at createTSError (/usr/local/lib/node_modules/pm2/node_modules/ts-node/src/index.ts:261:12)\n    at getOutput (/usr/local/lib/node_modules/pm2/node_modules/ts-node/src/index.ts:367:40)\n    at Object.compile (/usr/local/lib/node_modules/pm2/node_modules/ts-node/src/index.ts:558:11)\n    at Module.m._compile (/usr/local/lib/node_modules/pm2/node_modules/ts-node/src/index.ts:439:43)\n    at Module._extensions..js (module.js:664:10)\n    at Object.require.extensions.(anonymous function) [as .ts] (/usr/local/lib/node_modules/pm2/node_modules/ts-node/src/index.ts:442:12)\n    at Module.load (module.js:566:32)\n    at tryModuleLoad (module.js:506:12)\n    at Function.Module._load (module.js:498:3)\n    at Module.require (module.js:597:17)","exception":true,"date":"Sun Jan 20 2019 09:53:14 GMT+0000 (UTC)","process":{"pid":789,"uid":0,"gid":0,"cwd":"/usr/src/app/doodoo-todo-api2","execPath":"/usr/local/bin/node","version":"v8.15.0","argv":["node","/usr/local/lib/node_modules/pm2/lib/ProcessContainerFork.js"],"memoryUsage":{"rss":165199872,"heapTotal":117157888,"heapUsed":91022088,"external":126715}},"os":{"loadavg":[0.7294921875,0.306640625,0.19921875],"uptime":45917},"trace":[{"column":12,"file":"/usr/local/lib/node_modules/pm2/node_modules/ts-node/src/index.ts","function":"createTSError","line":261,"method":null,"native":false},{"column":40,"file":"/usr/local/lib/node_modules/pm2/node_modules/ts-node/src/index.ts","function":"getOutput","line":367,"method":null,"native":false},{"column":11,"file":"/usr/local/lib/node_modules/pm2/node_modules/ts-node/src/index.ts","function":"Object.compile","line":558,"method":"compile","native":false},{"column":43,"file":"/usr/local/lib/node_modules/pm2/node_modules/ts-node/src/index.ts","function":"Module.m._compile","line":439,"method":"_compile","native":false},{"column":10,"file":"module.js","function":"Module._extensions..js","line":664,"method":".js","native":false},{"column":12,"file":"/usr/local/lib/node_modules/pm2/node_modules/ts-node/src/index.ts","function":"Object.require.extensions.(anonymous function) [as .ts]","line":442,"method":"ts]","native":false},{"column":32,"file":"module.js","function":"Module.load","line":566,"method":"load","native":false},{"column":12,"file":"module.js","function":"tryModuleLoad","line":506,"method":null,"native":false},{"column":3,"file":"module.js","function":"Module._load","line":498,"method":"_load","native":false},{"column":17,"file":"module.js","function":"Module.require","line":597,"method":"require","native":false}]}
{"error":{"diagnosticText":"src/service/AuthService.ts(7,7): error TS6133: 'passport_authenticate_async' is declared but its value is never read.\n","diagnosticCodes":[6133]},"level":"error","message":"uncaughtException: ⨯ Unable to compile TypeScript:\nsrc/service/AuthService.ts(7,7): error TS6133: 'passport_authenticate_async' is declared but its value is never read.\n\nTSError: ⨯ Unable to compile TypeScript:\nsrc/service/AuthService.ts(7,7): error TS6133: 'passport_authenticate_async' is declared but its value is never read.\n\n    at createTSError (/usr/local/lib/node_modules/pm2/node_modules/ts-node/src/index.ts:261:12)\n    at getOutput (/usr/local/lib/node_modules/pm2/node_modules/ts-node/src/index.ts:367:40)\n    at Object.compile (/usr/local/lib/node_modules/pm2/node_modules/ts-node/src/index.ts:558:11)\n    at Module.m._compile (/usr/local/lib/node_modules/pm2/node_modules/ts-node/src/index.ts:439:43)\n    at Module._extensions..js (module.js:664:10)\n    at Object.require.extensions.(anonymous function) [as .ts] (/usr/local/lib/node_modules/pm2/node_modules/ts-node/src/index.ts:442:12)\n    at Module.load (module.js:566:32)\n    at tryModuleLoad (module.js:506:12)\n    at Function.Module._load (module.js:498:3)\n    at Module.require (module.js:597:17)","stack":"TSError: ⨯ Unable to compile TypeScript:\nsrc/service/AuthService.ts(7,7): error TS6133: 'passport_authenticate_async' is declared but its value is never read.\n\n    at createTSError (/usr/local/lib/node_modules/pm2/node_modules/ts-node/src/index.ts:261:12)\n    at getOutput (/usr/local/lib/node_modules/pm2/node_modules/ts-node/src/index.ts:367:40)\n    at Object.compile (/usr/local/lib/node_modules/pm2/node_modules/ts-node/src/index.ts:558:11)\n    at Module.m._compile (/usr/local/lib/node_modules/pm2/node_modules/ts-node/src/index.ts:439:43)\n    at Module._extensions..js (module.js:664:10)\n    at Object.require.extensions.(anonymous function) [as .ts] (/usr/local/lib/node_modules/pm2/node_modules/ts-node/src/index.ts:442:12)\n    at Module.load (module.js:566:32)\n    at tryModuleLoad (module.js:506:12)\n    at Function.Module._load (module.js:498:3)\n    at Module.require (module.js:597:17)","exception":true,"date":"Sun Jan 20 2019 09:53:25 GMT+0000 (UTC)","process":{"pid":799,"uid":0,"gid":0,"cwd":"/usr/src/app/doodoo-todo-api2","execPath":"/usr/local/bin/node","version":"v8.15.0","argv":["node","/usr/local/lib/node_modules/pm2/lib/ProcessContainerFork.js"],"memoryUsage":{"rss":173707264,"heapTotal":118730752,"heapUsed":85964056,"external":80398}},"os":{"loadavg":[0.84521484375,0.34619140625,0.21337890625],"uptime":45928},"trace":[{"column":12,"file":"/usr/local/lib/node_modules/pm2/node_modules/ts-node/src/index.ts","function":"createTSError","line":261,"method":null,"native":false},{"column":40,"file":"/usr/local/lib/node_modules/pm2/node_modules/ts-node/src/index.ts","function":"getOutput","line":367,"method":null,"native":false},{"column":11,"file":"/usr/local/lib/node_modules/pm2/node_modules/ts-node/src/index.ts","function":"Object.compile","line":558,"method":"compile","native":false},{"column":43,"file":"/usr/local/lib/node_modules/pm2/node_modules/ts-node/src/index.ts","function":"Module.m._compile","line":439,"method":"_compile","native":false},{"column":10,"file":"module.js","function":"Module._extensions..js","line":664,"method":".js","native":false},{"column":12,"file":"/usr/local/lib/node_modules/pm2/node_modules/ts-node/src/index.ts","function":"Object.require.extensions.(anonymous function) [as .ts]","line":442,"method":"ts]","native":false},{"column":32,"file":"module.js","function":"Module.load","line":566,"method":"load","native":false},{"column":12,"file":"module.js","function":"tryModuleLoad","line":506,"method":null,"native":false},{"column":3,"file":"module.js","function":"Module._load","line":498,"method":"_load","native":false},{"column":17,"file":"module.js","function":"Module.require","line":597,"method":"require","native":false}]}
{"error":{"diagnosticText":"src/service/AuthService.ts(7,7): error TS6133: 'passport_authenticate_async' is declared but its value is never read.\n","diagnosticCodes":[6133]},"level":"error","message":"uncaughtException: ⨯ Unable to compile TypeScript:\nsrc/service/AuthService.ts(7,7): error TS6133: 'passport_authenticate_async' is declared but its value is never read.\n\nTSError: ⨯ Unable to compile TypeScript:\nsrc/service/AuthService.ts(7,7): error TS6133: 'passport_authenticate_async' is declared but its value is never read.\n\n    at createTSError (/usr/local/lib/node_modules/pm2/node_modules/ts-node/src/index.ts:261:12)\n    at getOutput (/usr/local/lib/node_modules/pm2/node_modules/ts-node/src/index.ts:367:40)\n    at Object.compile (/usr/local/lib/node_modules/pm2/node_modules/ts-node/src/index.ts:558:11)\n    at Module.m._compile (/usr/local/lib/node_modules/pm2/node_modules/ts-node/src/index.ts:439:43)\n    at Module._extensions..js (module.js:664:10)\n    at Object.require.extensions.(anonymous function) [as .ts] (/usr/local/lib/node_modules/pm2/node_modules/ts-node/src/index.ts:442:12)\n    at Module.load (module.js:566:32)\n    at tryModuleLoad (module.js:506:12)\n    at Function.Module._load (module.js:498:3)\n    at Module.require (module.js:597:17)","stack":"TSError: ⨯ Unable to compile TypeScript:\nsrc/service/AuthService.ts(7,7): error TS6133: 'passport_authenticate_async' is declared but its value is never read.\n\n    at createTSError (/usr/local/lib/node_modules/pm2/node_modules/ts-node/src/index.ts:261:12)\n    at getOutput (/usr/local/lib/node_modules/pm2/node_modules/ts-node/src/index.ts:367:40)\n    at Object.compile (/usr/local/lib/node_modules/pm2/node_modules/ts-node/src/index.ts:558:11)\n    at Module.m._compile (/usr/local/lib/node_modules/pm2/node_modules/ts-node/src/index.ts:439:43)\n    at Module._extensions..js (module.js:664:10)\n    at Object.require.extensions.(anonymous function) [as .ts] (/usr/local/lib/node_modules/pm2/node_modules/ts-node/src/index.ts:442:12)\n    at Module.load (module.js:566:32)\n    at tryModuleLoad (module.js:506:12)\n    at Function.Module._load (module.js:498:3)\n    at Module.require (module.js:597:17)","exception":true,"date":"Sun Jan 20 2019 09:53:35 GMT+0000 (UTC)","process":{"pid":809,"uid":0,"gid":0,"cwd":"/usr/src/app/doodoo-todo-api2","execPath":"/usr/local/bin/node","version":"v8.15.0","argv":["node","/usr/local/lib/node_modules/pm2/lib/ProcessContainerFork.js"],"memoryUsage":{"rss":167821312,"heapTotal":115585024,"heapUsed":87269768,"external":126715}},"os":{"loadavg":[0.86279296875,0.36767578125,0.2216796875],"uptime":45939},"trace":[{"column":12,"file":"/usr/local/lib/node_modules/pm2/node_modules/ts-node/src/index.ts","function":"createTSError","line":261,"method":null,"native":false},{"column":40,"file":"/usr/local/lib/node_modules/pm2/node_modules/ts-node/src/index.ts","function":"getOutput","line":367,"method":null,"native":false},{"column":11,"file":"/usr/local/lib/node_modules/pm2/node_modules/ts-node/src/index.ts","function":"Object.compile","line":558,"method":"compile","native":false},{"column":43,"file":"/usr/local/lib/node_modules/pm2/node_modules/ts-node/src/index.ts","function":"Module.m._compile","line":439,"method":"_compile","native":false},{"column":10,"file":"module.js","function":"Module._extensions..js","line":664,"method":".js","native":false},{"column":12,"file":"/usr/local/lib/node_modules/pm2/node_modules/ts-node/src/index.ts","function":"Object.require.extensions.(anonymous function) [as .ts]","line":442,"method":"ts]","native":false},{"column":32,"file":"module.js","function":"Module.load","line":566,"method":"load","native":false},{"column":12,"file":"module.js","function":"tryModuleLoad","line":506,"method":null,"native":false},{"column":3,"file":"module.js","function":"Module._load","line":498,"method":"_load","native":false},{"column":17,"file":"module.js","function":"Module.require","line":597,"method":"require","native":false}]}
{"error":{"diagnosticText":"src/service/AuthService.ts(7,7): error TS6133: 'passport_authenticate_async' is declared but its value is never read.\n","diagnosticCodes":[6133]},"level":"error","message":"uncaughtException: ⨯ Unable to compile TypeScript:\nsrc/service/AuthService.ts(7,7): error TS6133: 'passport_authenticate_async' is declared but its value is never read.\n\nTSError: ⨯ Unable to compile TypeScript:\nsrc/service/AuthService.ts(7,7): error TS6133: 'passport_authenticate_async' is declared but its value is never read.\n\n    at createTSError (/usr/local/lib/node_modules/pm2/node_modules/ts-node/src/index.ts:261:12)\n    at getOutput (/usr/local/lib/node_modules/pm2/node_modules/ts-node/src/index.ts:367:40)\n    at Object.compile (/usr/local/lib/node_modules/pm2/node_modules/ts-node/src/index.ts:558:11)\n    at Module.m._compile (/usr/local/lib/node_modules/pm2/node_modules/ts-node/src/index.ts:439:43)\n    at Module._extensions..js (module.js:664:10)\n    at Object.require.extensions.(anonymous function) [as .ts] (/usr/local/lib/node_modules/pm2/node_modules/ts-node/src/index.ts:442:12)\n    at Module.load (module.js:566:32)\n    at tryModuleLoad (module.js:506:12)\n    at Function.Module._load (module.js:498:3)\n    at Module.require (module.js:597:17)","stack":"TSError: ⨯ Unable to compile TypeScript:\nsrc/service/AuthService.ts(7,7): error TS6133: 'passport_authenticate_async' is declared but its value is never read.\n\n    at createTSError (/usr/local/lib/node_modules/pm2/node_modules/ts-node/src/index.ts:261:12)\n    at getOutput (/usr/local/lib/node_modules/pm2/node_modules/ts-node/src/index.ts:367:40)\n    at Object.compile (/usr/local/lib/node_modules/pm2/node_modules/ts-node/src/index.ts:558:11)\n    at Module.m._compile (/usr/local/lib/node_modules/pm2/node_modules/ts-node/src/index.ts:439:43)\n    at Module._extensions..js (module.js:664:10)\n    at Object.require.extensions.(anonymous function) [as .ts] (/usr/local/lib/node_modules/pm2/node_modules/ts-node/src/index.ts:442:12)\n    at Module.load (module.js:566:32)\n    at tryModuleLoad (module.js:506:12)\n    at Function.Module._load (module.js:498:3)\n    at Module.require (module.js:597:17)","exception":true,"date":"Sun Jan 20 2019 09:53:46 GMT+0000 (UTC)","process":{"pid":819,"uid":0,"gid":0,"cwd":"/usr/src/app/doodoo-todo-api2","execPath":"/usr/local/bin/node","version":"v8.15.0","argv":["node","/usr/local/lib/node_modules/pm2/lib/ProcessContainerFork.js"],"memoryUsage":{"rss":165646336,"heapTotal":115585024,"heapUsed":87063696,"external":126715}},"os":{"loadavg":[0.88427734375,0.38916015625,0.23046875],"uptime":45949},"trace":[{"column":12,"file":"/usr/local/lib/node_modules/pm2/node_modules/ts-node/src/index.ts","function":"createTSError","line":261,"method":null,"native":false},{"column":40,"file":"/usr/local/lib/node_modules/pm2/node_modules/ts-node/src/index.ts","function":"getOutput","line":367,"method":null,"native":false},{"column":11,"file":"/usr/local/lib/node_modules/pm2/node_modules/ts-node/src/index.ts","function":"Object.compile","line":558,"method":"compile","native":false},{"column":43,"file":"/usr/local/lib/node_modules/pm2/node_modules/ts-node/src/index.ts","function":"Module.m._compile","line":439,"method":"_compile","native":false},{"column":10,"file":"module.js","function":"Module._extensions..js","line":664,"method":".js","native":false},{"column":12,"file":"/usr/local/lib/node_modules/pm2/node_modules/ts-node/src/index.ts","function":"Object.require.extensions.(anonymous function) [as .ts]","line":442,"method":"ts]","native":false},{"column":32,"file":"module.js","function":"Module.load","line":566,"method":"load","native":false},{"column":12,"file":"module.js","function":"tryModuleLoad","line":506,"method":null,"native":false},{"column":3,"file":"module.js","function":"Module._load","line":498,"method":"_load","native":false},{"column":17,"file":"module.js","function":"Module.require","line":597,"method":"require","native":false}]}
{"error":{"diagnosticText":"src/service/AuthService.ts(7,7): error TS6133: 'passport_authenticate_async' is declared but its value is never read.\n","diagnosticCodes":[6133]},"level":"error","message":"uncaughtException: ⨯ Unable to compile TypeScript:\nsrc/service/AuthService.ts(7,7): error TS6133: 'passport_authenticate_async' is declared but its value is never read.\n\nTSError: ⨯ Unable to compile TypeScript:\nsrc/service/AuthService.ts(7,7): error TS6133: 'passport_authenticate_async' is declared but its value is never read.\n\n    at createTSError (/usr/local/lib/node_modules/pm2/node_modules/ts-node/src/index.ts:261:12)\n    at getOutput (/usr/local/lib/node_modules/pm2/node_modules/ts-node/src/index.ts:367:40)\n    at Object.compile (/usr/local/lib/node_modules/pm2/node_modules/ts-node/src/index.ts:558:11)\n    at Module.m._compile (/usr/local/lib/node_modules/pm2/node_modules/ts-node/src/index.ts:439:43)\n    at Module._extensions..js (module.js:664:10)\n    at Object.require.extensions.(anonymous function) [as .ts] (/usr/local/lib/node_modules/pm2/node_modules/ts-node/src/index.ts:442:12)\n    at Module.load (module.js:566:32)\n    at tryModuleLoad (module.js:506:12)\n    at Function.Module._load (module.js:498:3)\n    at Module.require (module.js:597:17)","stack":"TSError: ⨯ Unable to compile TypeScript:\nsrc/service/AuthService.ts(7,7): error TS6133: 'passport_authenticate_async' is declared but its value is never read.\n\n    at createTSError (/usr/local/lib/node_modules/pm2/node_modules/ts-node/src/index.ts:261:12)\n    at getOutput (/usr/local/lib/node_modules/pm2/node_modules/ts-node/src/index.ts:367:40)\n    at Object.compile (/usr/local/lib/node_modules/pm2/node_modules/ts-node/src/index.ts:558:11)\n    at Module.m._compile (/usr/local/lib/node_modules/pm2/node_modules/ts-node/src/index.ts:439:43)\n    at Module._extensions..js (module.js:664:10)\n    at Object.require.extensions.(anonymous function) [as .ts] (/usr/local/lib/node_modules/pm2/node_modules/ts-node/src/index.ts:442:12)\n    at Module.load (module.js:566:32)\n    at tryModuleLoad (module.js:506:12)\n    at Function.Module._load (module.js:498:3)\n    at Module.require (module.js:597:17)","exception":true,"date":"Sun Jan 20 2019 09:53:56 GMT+0000 (UTC)","process":{"pid":829,"uid":0,"gid":0,"cwd":"/usr/src/app/doodoo-todo-api2","execPath":"/usr/local/bin/node","version":"v8.15.0","argv":["node","/usr/local/lib/node_modules/pm2/lib/ProcessContainerFork.js"],"memoryUsage":{"rss":162332672,"heapTotal":116633600,"heapUsed":91001952,"external":126715}},"os":{"loadavg":[0.97607421875,0.42578125,0.24462890625],"uptime":45959},"trace":[{"column":12,"file":"/usr/local/lib/node_modules/pm2/node_modules/ts-node/src/index.ts","function":"createTSError","line":261,"method":null,"native":false},{"column":40,"file":"/usr/local/lib/node_modules/pm2/node_modules/ts-node/src/index.ts","function":"getOutput","line":367,"method":null,"native":false},{"column":11,"file":"/usr/local/lib/node_modules/pm2/node_modules/ts-node/src/index.ts","function":"Object.compile","line":558,"method":"compile","native":false},{"column":43,"file":"/usr/local/lib/node_modules/pm2/node_modules/ts-node/src/index.ts","function":"Module.m._compile","line":439,"method":"_compile","native":false},{"column":10,"file":"module.js","function":"Module._extensions..js","line":664,"method":".js","native":false},{"column":12,"file":"/usr/local/lib/node_modules/pm2/node_modules/ts-node/src/index.ts","function":"Object.require.extensions.(anonymous function) [as .ts]","line":442,"method":"ts]","native":false},{"column":32,"file":"module.js","function":"Module.load","line":566,"method":"load","native":false},{"column":12,"file":"module.js","function":"tryModuleLoad","line":506,"method":null,"native":false},{"column":3,"file":"module.js","function":"Module._load","line":498,"method":"_load","native":false},{"column":17,"file":"module.js","function":"Module.require","line":597,"method":"require","native":false}]}
{"error":{"diagnosticText":"src/service/AuthService.ts(7,7): error TS6133: 'passport_authenticate_async' is declared but its value is never read.\n","diagnosticCodes":[6133]},"level":"error","message":"uncaughtException: ⨯ Unable to compile TypeScript:\nsrc/service/AuthService.ts(7,7): error TS6133: 'passport_authenticate_async' is declared but its value is never read.\n\nTSError: ⨯ Unable to compile TypeScript:\nsrc/service/AuthService.ts(7,7): error TS6133: 'passport_authenticate_async' is declared but its value is never read.\n\n    at createTSError (/usr/local/lib/node_modules/pm2/node_modules/ts-node/src/index.ts:261:12)\n    at getOutput (/usr/local/lib/node_modules/pm2/node_modules/ts-node/src/index.ts:367:40)\n    at Object.compile (/usr/local/lib/node_modules/pm2/node_modules/ts-node/src/index.ts:558:11)\n    at Module.m._compile (/usr/local/lib/node_modules/pm2/node_modules/ts-node/src/index.ts:439:43)\n    at Module._extensions..js (module.js:664:10)\n    at Object.require.extensions.(anonymous function) [as .ts] (/usr/local/lib/node_modules/pm2/node_modules/ts-node/src/index.ts:442:12)\n    at Module.load (module.js:566:32)\n    at tryModuleLoad (module.js:506:12)\n    at Function.Module._load (module.js:498:3)\n    at Module.require (module.js:597:17)","stack":"TSError: ⨯ Unable to compile TypeScript:\nsrc/service/AuthService.ts(7,7): error TS6133: 'passport_authenticate_async' is declared but its value is never read.\n\n    at createTSError (/usr/local/lib/node_modules/pm2/node_modules/ts-node/src/index.ts:261:12)\n    at getOutput (/usr/local/lib/node_modules/pm2/node_modules/ts-node/src/index.ts:367:40)\n    at Object.compile (/usr/local/lib/node_modules/pm2/node_modules/ts-node/src/index.ts:558:11)\n    at Module.m._compile (/usr/local/lib/node_modules/pm2/node_modules/ts-node/src/index.ts:439:43)\n    at Module._extensions..js (module.js:664:10)\n    at Object.require.extensions.(anonymous function) [as .ts] (/usr/local/lib/node_modules/pm2/node_modules/ts-node/src/index.ts:442:12)\n    at Module.load (module.js:566:32)\n    at tryModuleLoad (module.js:506:12)\n    at Function.Module._load (module.js:498:3)\n    at Module.require (module.js:597:17)","exception":true,"date":"Sun Jan 20 2019 09:54:08 GMT+0000 (UTC)","process":{"pid":839,"uid":0,"gid":0,"cwd":"/usr/src/app/doodoo-todo-api2","execPath":"/usr/local/bin/node","version":"v8.15.0","argv":["node","/usr/local/lib/node_modules/pm2/lib/ProcessContainerFork.js"],"memoryUsage":{"rss":167456768,"heapTotal":115060736,"heapUsed":87580960,"external":126715}},"os":{"loadavg":[0.90576171875,0.42822265625,0.24755859375],"uptime":45971},"trace":[{"column":12,"file":"/usr/local/lib/node_modules/pm2/node_modules/ts-node/src/index.ts","function":"createTSError","line":261,"method":null,"native":false},{"column":40,"file":"/usr/local/lib/node_modules/pm2/node_modules/ts-node/src/index.ts","function":"getOutput","line":367,"method":null,"native":false},{"column":11,"file":"/usr/local/lib/node_modules/pm2/node_modules/ts-node/src/index.ts","function":"Object.compile","line":558,"method":"compile","native":false},{"column":43,"file":"/usr/local/lib/node_modules/pm2/node_modules/ts-node/src/index.ts","function":"Module.m._compile","line":439,"method":"_compile","native":false},{"column":10,"file":"module.js","function":"Module._extensions..js","line":664,"method":".js","native":false},{"column":12,"file":"/usr/local/lib/node_modules/pm2/node_modules/ts-node/src/index.ts","function":"Object.require.extensions.(anonymous function) [as .ts]","line":442,"method":"ts]","native":false},{"column":32,"file":"module.js","function":"Module.load","line":566,"method":"load","native":false},{"column":12,"file":"module.js","function":"tryModuleLoad","line":506,"method":null,"native":false},{"column":3,"file":"module.js","function":"Module._load","line":498,"method":"_load","native":false},{"column":17,"file":"module.js","function":"Module.require","line":597,"method":"require","native":false}]}
{"error":{"diagnosticText":"src/service/AuthService.ts(7,7): error TS6133: 'passport_authenticate_async' is declared but its value is never read.\n","diagnosticCodes":[6133]},"level":"error","message":"uncaughtException: ⨯ Unable to compile TypeScript:\nsrc/service/AuthService.ts(7,7): error TS6133: 'passport_authenticate_async' is declared but its value is never read.\n\nTSError: ⨯ Unable to compile TypeScript:\nsrc/service/AuthService.ts(7,7): error TS6133: 'passport_authenticate_async' is declared but its value is never read.\n\n    at createTSError (/usr/local/lib/node_modules/pm2/node_modules/ts-node/src/index.ts:261:12)\n    at getOutput (/usr/local/lib/node_modules/pm2/node_modules/ts-node/src/index.ts:367:40)\n    at Object.compile (/usr/local/lib/node_modules/pm2/node_modules/ts-node/src/index.ts:558:11)\n    at Module.m._compile (/usr/local/lib/node_modules/pm2/node_modules/ts-node/src/index.ts:439:43)\n    at Module._extensions..js (module.js:664:10)\n    at Object.require.extensions.(anonymous function) [as .ts] (/usr/local/lib/node_modules/pm2/node_modules/ts-node/src/index.ts:442:12)\n    at Module.load (module.js:566:32)\n    at tryModuleLoad (module.js:506:12)\n    at Function.Module._load (module.js:498:3)\n    at Module.require (module.js:597:17)","stack":"TSError: ⨯ Unable to compile TypeScript:\nsrc/service/AuthService.ts(7,7): error TS6133: 'passport_authenticate_async' is declared but its value is never read.\n\n    at createTSError (/usr/local/lib/node_modules/pm2/node_modules/ts-node/src/index.ts:261:12)\n    at getOutput (/usr/local/lib/node_modules/pm2/node_modules/ts-node/src/index.ts:367:40)\n    at Object.compile (/usr/local/lib/node_modules/pm2/node_modules/ts-node/src/index.ts:558:11)\n    at Module.m._compile (/usr/local/lib/node_modules/pm2/node_modules/ts-node/src/index.ts:439:43)\n    at Module._extensions..js (module.js:664:10)\n    at Object.require.extensions.(anonymous function) [as .ts] (/usr/local/lib/node_modules/pm2/node_modules/ts-node/src/index.ts:442:12)\n    at Module.load (module.js:566:32)\n    at tryModuleLoad (module.js:506:12)\n    at Function.Module._load (module.js:498:3)\n    at Module.require (module.js:597:17)","exception":true,"date":"Sun Jan 20 2019 09:54:18 GMT+0000 (UTC)","process":{"pid":849,"uid":0,"gid":0,"cwd":"/usr/src/app/doodoo-todo-api2","execPath":"/usr/local/bin/node","version":"v8.15.0","argv":["node","/usr/local/lib/node_modules/pm2/lib/ProcessContainerFork.js"],"memoryUsage":{"rss":170328064,"heapTotal":115585024,"heapUsed":87200456,"external":126715}},"os":{"loadavg":[0.76611328125,0.41357421875,0.24462890625],"uptime":45981},"trace":[{"column":12,"file":"/usr/local/lib/node_modules/pm2/node_modules/ts-node/src/index.ts","function":"createTSError","line":261,"method":null,"native":false},{"column":40,"file":"/usr/local/lib/node_modules/pm2/node_modules/ts-node/src/index.ts","function":"getOutput","line":367,"method":null,"native":false},{"column":11,"file":"/usr/local/lib/node_modules/pm2/node_modules/ts-node/src/index.ts","function":"Object.compile","line":558,"method":"compile","native":false},{"column":43,"file":"/usr/local/lib/node_modules/pm2/node_modules/ts-node/src/index.ts","function":"Module.m._compile","line":439,"method":"_compile","native":false},{"column":10,"file":"module.js","function":"Module._extensions..js","line":664,"method":".js","native":false},{"column":12,"file":"/usr/local/lib/node_modules/pm2/node_modules/ts-node/src/index.ts","function":"Object.require.extensions.(anonymous function) [as .ts]","line":442,"method":"ts]","native":false},{"column":32,"file":"module.js","function":"Module.load","line":566,"method":"load","native":false},{"column":12,"file":"module.js","function":"tryModuleLoad","line":506,"method":null,"native":false},{"column":3,"file":"module.js","function":"Module._load","line":498,"method":"_load","native":false},{"column":17,"file":"module.js","function":"Module.require","line":597,"method":"require","native":false}]}
{"error":{"diagnosticText":"src/service/AuthService.ts(7,7): error TS6133: 'passport_authenticate_async' is declared but its value is never read.\n","diagnosticCodes":[6133]},"level":"error","message":"uncaughtException: ⨯ Unable to compile TypeScript:\nsrc/service/AuthService.ts(7,7): error TS6133: 'passport_authenticate_async' is declared but its value is never read.\n\nTSError: ⨯ Unable to compile TypeScript:\nsrc/service/AuthService.ts(7,7): error TS6133: 'passport_authenticate_async' is declared but its value is never read.\n\n    at createTSError (/usr/local/lib/node_modules/pm2/node_modules/ts-node/src/index.ts:261:12)\n    at getOutput (/usr/local/lib/node_modules/pm2/node_modules/ts-node/src/index.ts:367:40)\n    at Object.compile (/usr/local/lib/node_modules/pm2/node_modules/ts-node/src/index.ts:558:11)\n    at Module.m._compile (/usr/local/lib/node_modules/pm2/node_modules/ts-node/src/index.ts:439:43)\n    at Module._extensions..js (module.js:664:10)\n    at Object.require.extensions.(anonymous function) [as .ts] (/usr/local/lib/node_modules/pm2/node_modules/ts-node/src/index.ts:442:12)\n    at Module.load (module.js:566:32)\n    at tryModuleLoad (module.js:506:12)\n    at Function.Module._load (module.js:498:3)\n    at Module.require (module.js:597:17)","stack":"TSError: ⨯ Unable to compile TypeScript:\nsrc/service/AuthService.ts(7,7): error TS6133: 'passport_authenticate_async' is declared but its value is never read.\n\n    at createTSError (/usr/local/lib/node_modules/pm2/node_modules/ts-node/src/index.ts:261:12)\n    at getOutput (/usr/local/lib/node_modules/pm2/node_modules/ts-node/src/index.ts:367:40)\n    at Object.compile (/usr/local/lib/node_modules/pm2/node_modules/ts-node/src/index.ts:558:11)\n    at Module.m._compile (/usr/local/lib/node_modules/pm2/node_modules/ts-node/src/index.ts:439:43)\n    at Module._extensions..js (module.js:664:10)\n    at Object.require.extensions.(anonymous function) [as .ts] (/usr/local/lib/node_modules/pm2/node_modules/ts-node/src/index.ts:442:12)\n    at Module.load (module.js:566:32)\n    at tryModuleLoad (module.js:506:12)\n    at Function.Module._load (module.js:498:3)\n    at Module.require (module.js:597:17)","exception":true,"date":"Sun Jan 20 2019 09:54:30 GMT+0000 (UTC)","process":{"pid":859,"uid":0,"gid":0,"cwd":"/usr/src/app/doodoo-todo-api2","execPath":"/usr/local/bin/node","version":"v8.15.0","argv":["node","/usr/local/lib/node_modules/pm2/lib/ProcessContainerFork.js"],"memoryUsage":{"rss":171687936,"heapTotal":115585024,"heapUsed":87177304,"external":126715}},"os":{"loadavg":[0.89892578125,0.45947265625,0.26318359375],"uptime":45993},"trace":[{"column":12,"file":"/usr/local/lib/node_modules/pm2/node_modules/ts-node/src/index.ts","function":"createTSError","line":261,"method":null,"native":false},{"column":40,"file":"/usr/local/lib/node_modules/pm2/node_modules/ts-node/src/index.ts","function":"getOutput","line":367,"method":null,"native":false},{"column":11,"file":"/usr/local/lib/node_modules/pm2/node_modules/ts-node/src/index.ts","function":"Object.compile","line":558,"method":"compile","native":false},{"column":43,"file":"/usr/local/lib/node_modules/pm2/node_modules/ts-node/src/index.ts","function":"Module.m._compile","line":439,"method":"_compile","native":false},{"column":10,"file":"module.js","function":"Module._extensions..js","line":664,"method":".js","native":false},{"column":12,"file":"/usr/local/lib/node_modules/pm2/node_modules/ts-node/src/index.ts","function":"Object.require.extensions.(anonymous function) [as .ts]","line":442,"method":"ts]","native":false},{"column":32,"file":"module.js","function":"Module.load","line":566,"method":"load","native":false},{"column":12,"file":"module.js","function":"tryModuleLoad","line":506,"method":null,"native":false},{"column":3,"file":"module.js","function":"Module._load","line":498,"method":"_load","native":false},{"column":17,"file":"module.js","function":"Module.require","line":597,"method":"require","native":false}]}
{"error":{"diagnosticText":"src/service/AuthService.ts(7,7): error TS6133: 'passport_authenticate_async' is declared but its value is never read.\n","diagnosticCodes":[6133]},"level":"error","message":"uncaughtException: ⨯ Unable to compile TypeScript:\nsrc/service/AuthService.ts(7,7): error TS6133: 'passport_authenticate_async' is declared but its value is never read.\n\nTSError: ⨯ Unable to compile TypeScript:\nsrc/service/AuthService.ts(7,7): error TS6133: 'passport_authenticate_async' is declared but its value is never read.\n\n    at createTSError (/usr/local/lib/node_modules/pm2/node_modules/ts-node/src/index.ts:261:12)\n    at getOutput (/usr/local/lib/node_modules/pm2/node_modules/ts-node/src/index.ts:367:40)\n    at Object.compile (/usr/local/lib/node_modules/pm2/node_modules/ts-node/src/index.ts:558:11)\n    at Module.m._compile (/usr/local/lib/node_modules/pm2/node_modules/ts-node/src/index.ts:439:43)\n    at Module._extensions..js (module.js:664:10)\n    at Object.require.extensions.(anonymous function) [as .ts] (/usr/local/lib/node_modules/pm2/node_modules/ts-node/src/index.ts:442:12)\n    at Module.load (module.js:566:32)\n    at tryModuleLoad (module.js:506:12)\n    at Function.Module._load (module.js:498:3)\n    at Module.require (module.js:597:17)","stack":"TSError: ⨯ Unable to compile TypeScript:\nsrc/service/AuthService.ts(7,7): error TS6133: 'passport_authenticate_async' is declared but its value is never read.\n\n    at createTSError (/usr/local/lib/node_modules/pm2/node_modules/ts-node/src/index.ts:261:12)\n    at getOutput (/usr/local/lib/node_modules/pm2/node_modules/ts-node/src/index.ts:367:40)\n    at Object.compile (/usr/local/lib/node_modules/pm2/node_modules/ts-node/src/index.ts:558:11)\n    at Module.m._compile (/usr/local/lib/node_modules/pm2/node_modules/ts-node/src/index.ts:439:43)\n    at Module._extensions..js (module.js:664:10)\n    at Object.require.extensions.(anonymous function) [as .ts] (/usr/local/lib/node_modules/pm2/node_modules/ts-node/src/index.ts:442:12)\n    at Module.load (module.js:566:32)\n    at tryModuleLoad (module.js:506:12)\n    at Function.Module._load (module.js:498:3)\n    at Module.require (module.js:597:17)","exception":true,"date":"Sun Jan 20 2019 09:54:42 GMT+0000 (UTC)","process":{"pid":869,"uid":0,"gid":0,"cwd":"/usr/src/app/doodoo-todo-api2","execPath":"/usr/local/bin/node","version":"v8.15.0","argv":["node","/usr/local/lib/node_modules/pm2/lib/ProcessContainerFork.js"],"memoryUsage":{"rss":168755200,"heapTotal":115585024,"heapUsed":87359240,"external":126715}},"os":{"loadavg":[0.8408203125,0.4609375,0.26611328125],"uptime":46005},"trace":[{"column":12,"file":"/usr/local/lib/node_modules/pm2/node_modules/ts-node/src/index.ts","function":"createTSError","line":261,"method":null,"native":false},{"column":40,"file":"/usr/local/lib/node_modules/pm2/node_modules/ts-node/src/index.ts","function":"getOutput","line":367,"method":null,"native":false},{"column":11,"file":"/usr/local/lib/node_modules/pm2/node_modules/ts-node/src/index.ts","function":"Object.compile","line":558,"method":"compile","native":false},{"column":43,"file":"/usr/local/lib/node_modules/pm2/node_modules/ts-node/src/index.ts","function":"Module.m._compile","line":439,"method":"_compile","native":false},{"column":10,"file":"module.js","function":"Module._extensions..js","line":664,"method":".js","native":false},{"column":12,"file":"/usr/local/lib/node_modules/pm2/node_modules/ts-node/src/index.ts","function":"Object.require.extensions.(anonymous function) [as .ts]","line":442,"method":"ts]","native":false},{"column":32,"file":"module.js","function":"Module.load","line":566,"method":"load","native":false},{"column":12,"file":"module.js","function":"tryModuleLoad","line":506,"method":null,"native":false},{"column":3,"file":"module.js","function":"Module._load","line":498,"method":"_load","native":false},{"column":17,"file":"module.js","function":"Module.require","line":597,"method":"require","native":false}]}
{"error":{"diagnosticText":"src/service/AuthService.ts(63,9): error TS6133: 'result' is declared but its value is never read.\n","diagnosticCodes":[6133]},"level":"error","message":"uncaughtException: ⨯ Unable to compile TypeScript:\nsrc/service/AuthService.ts(63,9): error TS6133: 'result' is declared but its value is never read.\n\nTSError: ⨯ Unable to compile TypeScript:\nsrc/service/AuthService.ts(63,9): error TS6133: 'result' is declared but its value is never read.\n\n    at createTSError (/usr/local/lib/node_modules/pm2/node_modules/ts-node/src/index.ts:261:12)\n    at getOutput (/usr/local/lib/node_modules/pm2/node_modules/ts-node/src/index.ts:367:40)\n    at Object.compile (/usr/local/lib/node_modules/pm2/node_modules/ts-node/src/index.ts:558:11)\n    at Module.m._compile (/usr/local/lib/node_modules/pm2/node_modules/ts-node/src/index.ts:439:43)\n    at Module._extensions..js (module.js:664:10)\n    at Object.require.extensions.(anonymous function) [as .ts] (/usr/local/lib/node_modules/pm2/node_modules/ts-node/src/index.ts:442:12)\n    at Module.load (module.js:566:32)\n    at tryModuleLoad (module.js:506:12)\n    at Function.Module._load (module.js:498:3)\n    at Module.require (module.js:597:17)","stack":"TSError: ⨯ Unable to compile TypeScript:\nsrc/service/AuthService.ts(63,9): error TS6133: 'result' is declared but its value is never read.\n\n    at createTSError (/usr/local/lib/node_modules/pm2/node_modules/ts-node/src/index.ts:261:12)\n    at getOutput (/usr/local/lib/node_modules/pm2/node_modules/ts-node/src/index.ts:367:40)\n    at Object.compile (/usr/local/lib/node_modules/pm2/node_modules/ts-node/src/index.ts:558:11)\n    at Module.m._compile (/usr/local/lib/node_modules/pm2/node_modules/ts-node/src/index.ts:439:43)\n    at Module._extensions..js (module.js:664:10)\n    at Object.require.extensions.(anonymous function) [as .ts] (/usr/local/lib/node_modules/pm2/node_modules/ts-node/src/index.ts:442:12)\n    at Module.load (module.js:566:32)\n    at tryModuleLoad (module.js:506:12)\n    at Function.Module._load (module.js:498:3)\n    at Module.require (module.js:597:17)","exception":true,"date":"Sun Jan 20 2019 09:57:38 GMT+0000 (UTC)","process":{"pid":944,"uid":0,"gid":0,"cwd":"/usr/src/app/doodoo-todo-api2","execPath":"/usr/local/bin/node","version":"v8.15.0","argv":["node","/usr/local/lib/node_modules/pm2/lib/ProcessContainerFork.js"],"memoryUsage":{"rss":170606592,"heapTotal":115060736,"heapUsed":87246624,"external":126715}},"os":{"loadavg":[0.5068359375,0.451171875,0.29150390625],"uptime":46181},"trace":[{"column":12,"file":"/usr/local/lib/node_modules/pm2/node_modules/ts-node/src/index.ts","function":"createTSError","line":261,"method":null,"native":false},{"column":40,"file":"/usr/local/lib/node_modules/pm2/node_modules/ts-node/src/index.ts","function":"getOutput","line":367,"method":null,"native":false},{"column":11,"file":"/usr/local/lib/node_modules/pm2/node_modules/ts-node/src/index.ts","function":"Object.compile","line":558,"method":"compile","native":false},{"column":43,"file":"/usr/local/lib/node_modules/pm2/node_modules/ts-node/src/index.ts","function":"Module.m._compile","line":439,"method":"_compile","native":false},{"column":10,"file":"module.js","function":"Module._extensions..js","line":664,"method":".js","native":false},{"column":12,"file":"/usr/local/lib/node_modules/pm2/node_modules/ts-node/src/index.ts","function":"Object.require.extensions.(anonymous function) [as .ts]","line":442,"method":"ts]","native":false},{"column":32,"file":"module.js","function":"Module.load","line":566,"method":"load","native":false},{"column":12,"file":"module.js","function":"tryModuleLoad","line":506,"method":null,"native":false},{"column":3,"file":"module.js","function":"Module._load","line":498,"method":"_load","native":false},{"column":17,"file":"module.js","function":"Module.require","line":597,"method":"require","native":false}]}
{"error":{"diagnosticText":"src/service/AuthService.ts(63,9): error TS6133: 'result' is declared but its value is never read.\n","diagnosticCodes":[6133]},"level":"error","message":"uncaughtException: ⨯ Unable to compile TypeScript:\nsrc/service/AuthService.ts(63,9): error TS6133: 'result' is declared but its value is never read.\n\nTSError: ⨯ Unable to compile TypeScript:\nsrc/service/AuthService.ts(63,9): error TS6133: 'result' is declared but its value is never read.\n\n    at createTSError (/usr/local/lib/node_modules/pm2/node_modules/ts-node/src/index.ts:261:12)\n    at getOutput (/usr/local/lib/node_modules/pm2/node_modules/ts-node/src/index.ts:367:40)\n    at Object.compile (/usr/local/lib/node_modules/pm2/node_modules/ts-node/src/index.ts:558:11)\n    at Module.m._compile (/usr/local/lib/node_modules/pm2/node_modules/ts-node/src/index.ts:439:43)\n    at Module._extensions..js (module.js:664:10)\n    at Object.require.extensions.(anonymous function) [as .ts] (/usr/local/lib/node_modules/pm2/node_modules/ts-node/src/index.ts:442:12)\n    at Module.load (module.js:566:32)\n    at tryModuleLoad (module.js:506:12)\n    at Function.Module._load (module.js:498:3)\n    at Module.require (module.js:597:17)","stack":"TSError: ⨯ Unable to compile TypeScript:\nsrc/service/AuthService.ts(63,9): error TS6133: 'result' is declared but its value is never read.\n\n    at createTSError (/usr/local/lib/node_modules/pm2/node_modules/ts-node/src/index.ts:261:12)\n    at getOutput (/usr/local/lib/node_modules/pm2/node_modules/ts-node/src/index.ts:367:40)\n    at Object.compile (/usr/local/lib/node_modules/pm2/node_modules/ts-node/src/index.ts:558:11)\n    at Module.m._compile (/usr/local/lib/node_modules/pm2/node_modules/ts-node/src/index.ts:439:43)\n    at Module._extensions..js (module.js:664:10)\n    at Object.require.extensions.(anonymous function) [as .ts] (/usr/local/lib/node_modules/pm2/node_modules/ts-node/src/index.ts:442:12)\n    at Module.load (module.js:566:32)\n    at tryModuleLoad (module.js:506:12)\n    at Function.Module._load (module.js:498:3)\n    at Module.require (module.js:597:17)","exception":true,"date":"Sun Jan 20 2019 09:57:49 GMT+0000 (UTC)","process":{"pid":954,"uid":0,"gid":0,"cwd":"/usr/src/app/doodoo-todo-api2","execPath":"/usr/local/bin/node","version":"v8.15.0","argv":["node","/usr/local/lib/node_modules/pm2/lib/ProcessContainerFork.js"],"memoryUsage":{"rss":165306368,"heapTotal":110342144,"heapUsed":89638816,"external":134907}},"os":{"loadavg":[0.6220703125,0.478515625,0.302734375],"uptime":46192},"trace":[{"column":12,"file":"/usr/local/lib/node_modules/pm2/node_modules/ts-node/src/index.ts","function":"createTSError","line":261,"method":null,"native":false},{"column":40,"file":"/usr/local/lib/node_modules/pm2/node_modules/ts-node/src/index.ts","function":"getOutput","line":367,"method":null,"native":false},{"column":11,"file":"/usr/local/lib/node_modules/pm2/node_modules/ts-node/src/index.ts","function":"Object.compile","line":558,"method":"compile","native":false},{"column":43,"file":"/usr/local/lib/node_modules/pm2/node_modules/ts-node/src/index.ts","function":"Module.m._compile","line":439,"method":"_compile","native":false},{"column":10,"file":"module.js","function":"Module._extensions..js","line":664,"method":".js","native":false},{"column":12,"file":"/usr/local/lib/node_modules/pm2/node_modules/ts-node/src/index.ts","function":"Object.require.extensions.(anonymous function) [as .ts]","line":442,"method":"ts]","native":false},{"column":32,"file":"module.js","function":"Module.load","line":566,"method":"load","native":false},{"column":12,"file":"module.js","function":"tryModuleLoad","line":506,"method":null,"native":false},{"column":3,"file":"module.js","function":"Module._load","line":498,"method":"_load","native":false},{"column":17,"file":"module.js","function":"Module.require","line":597,"method":"require","native":false}]}
{"error":{"diagnosticText":"src/service/AuthService.ts(147,1): error TS1005: ',' expected.\nsrc/service/AuthService.ts(148,1): error TS1005: '}' expected.\nsrc/service/AuthService.ts(63,9): error TS6133: 'result' is declared but its value is never read.\n","diagnosticCodes":[1005,1005,6133]},"level":"error","message":"uncaughtException: ⨯ Unable to compile TypeScript:\nsrc/service/AuthService.ts(147,1): error TS1005: ',' expected.\nsrc/service/AuthService.ts(148,1): error TS1005: '}' expected.\nsrc/service/AuthService.ts(63,9): error TS6133: 'result' is declared but its value is never read.\n\nTSError: ⨯ Unable to compile TypeScript:\nsrc/service/AuthService.ts(147,1): error TS1005: ',' expected.\nsrc/service/AuthService.ts(148,1): error TS1005: '}' expected.\nsrc/service/AuthService.ts(63,9): error TS6133: 'result' is declared but its value is never read.\n\n    at createTSError (/usr/local/lib/node_modules/pm2/node_modules/ts-node/src/index.ts:261:12)\n    at getOutput (/usr/local/lib/node_modules/pm2/node_modules/ts-node/src/index.ts:367:40)\n    at Object.compile (/usr/local/lib/node_modules/pm2/node_modules/ts-node/src/index.ts:558:11)\n    at Module.m._compile (/usr/local/lib/node_modules/pm2/node_modules/ts-node/src/index.ts:439:43)\n    at Module._extensions..js (module.js:664:10)\n    at Object.require.extensions.(anonymous function) [as .ts] (/usr/local/lib/node_modules/pm2/node_modules/ts-node/src/index.ts:442:12)\n    at Module.load (module.js:566:32)\n    at tryModuleLoad (module.js:506:12)\n    at Function.Module._load (module.js:498:3)\n    at Module.require (module.js:597:17)","stack":"TSError: ⨯ Unable to compile TypeScript:\nsrc/service/AuthService.ts(147,1): error TS1005: ',' expected.\nsrc/service/AuthService.ts(148,1): error TS1005: '}' expected.\nsrc/service/AuthService.ts(63,9): error TS6133: 'result' is declared but its value is never read.\n\n    at createTSError (/usr/local/lib/node_modules/pm2/node_modules/ts-node/src/index.ts:261:12)\n    at getOutput (/usr/local/lib/node_modules/pm2/node_modules/ts-node/src/index.ts:367:40)\n    at Object.compile (/usr/local/lib/node_modules/pm2/node_modules/ts-node/src/index.ts:558:11)\n    at Module.m._compile (/usr/local/lib/node_modules/pm2/node_modules/ts-node/src/index.ts:439:43)\n    at Module._extensions..js (module.js:664:10)\n    at Object.require.extensions.(anonymous function) [as .ts] (/usr/local/lib/node_modules/pm2/node_modules/ts-node/src/index.ts:442:12)\n    at Module.load (module.js:566:32)\n    at tryModuleLoad (module.js:506:12)\n    at Function.Module._load (module.js:498:3)\n    at Module.require (module.js:597:17)","exception":true,"date":"Sun Jan 20 2019 09:58:17 GMT+0000 (UTC)","process":{"pid":982,"uid":0,"gid":0,"cwd":"/usr/src/app/doodoo-todo-api2","execPath":"/usr/local/bin/node","version":"v8.15.0","argv":["node","/usr/local/lib/node_modules/pm2/lib/ProcessContainerFork.js"],"memoryUsage":{"rss":160911360,"heapTotal":116109312,"heapUsed":91135240,"external":126715}},"os":{"loadavg":[0.8291015625,0.537109375,0.32666015625],"uptime":46220},"trace":[{"column":12,"file":"/usr/local/lib/node_modules/pm2/node_modules/ts-node/src/index.ts","function":"createTSError","line":261,"method":null,"native":false},{"column":40,"file":"/usr/local/lib/node_modules/pm2/node_modules/ts-node/src/index.ts","function":"getOutput","line":367,"method":null,"native":false},{"column":11,"file":"/usr/local/lib/node_modules/pm2/node_modules/ts-node/src/index.ts","function":"Object.compile","line":558,"method":"compile","native":false},{"column":43,"file":"/usr/local/lib/node_modules/pm2/node_modules/ts-node/src/index.ts","function":"Module.m._compile","line":439,"method":"_compile","native":false},{"column":10,"file":"module.js","function":"Module._extensions..js","line":664,"method":".js","native":false},{"column":12,"file":"/usr/local/lib/node_modules/pm2/node_modules/ts-node/src/index.ts","function":"Object.require.extensions.(anonymous function) [as .ts]","line":442,"method":"ts]","native":false},{"column":32,"file":"module.js","function":"Module.load","line":566,"method":"load","native":false},{"column":12,"file":"module.js","function":"tryModuleLoad","line":506,"method":null,"native":false},{"column":3,"file":"module.js","function":"Module._load","line":498,"method":"_load","native":false},{"column":17,"file":"module.js","function":"Module.require","line":597,"method":"require","native":false}]}
{"error":{"diagnosticText":"src/service/AuthService.ts(147,1): error TS1005: ',' expected.\nsrc/service/AuthService.ts(148,1): error TS1005: '}' expected.\nsrc/service/AuthService.ts(63,9): error TS6133: 'result' is declared but its value is never read.\n","diagnosticCodes":[1005,1005,6133]},"level":"error","message":"uncaughtException: ⨯ Unable to compile TypeScript:\nsrc/service/AuthService.ts(147,1): error TS1005: ',' expected.\nsrc/service/AuthService.ts(148,1): error TS1005: '}' expected.\nsrc/service/AuthService.ts(63,9): error TS6133: 'result' is declared but its value is never read.\n\nTSError: ⨯ Unable to compile TypeScript:\nsrc/service/AuthService.ts(147,1): error TS1005: ',' expected.\nsrc/service/AuthService.ts(148,1): error TS1005: '}' expected.\nsrc/service/AuthService.ts(63,9): error TS6133: 'result' is declared but its value is never read.\n\n    at createTSError (/usr/local/lib/node_modules/pm2/node_modules/ts-node/src/index.ts:261:12)\n    at getOutput (/usr/local/lib/node_modules/pm2/node_modules/ts-node/src/index.ts:367:40)\n    at Object.compile (/usr/local/lib/node_modules/pm2/node_modules/ts-node/src/index.ts:558:11)\n    at Module.m._compile (/usr/local/lib/node_modules/pm2/node_modules/ts-node/src/index.ts:439:43)\n    at Module._extensions..js (module.js:664:10)\n    at Object.require.extensions.(anonymous function) [as .ts] (/usr/local/lib/node_modules/pm2/node_modules/ts-node/src/index.ts:442:12)\n    at Module.load (module.js:566:32)\n    at tryModuleLoad (module.js:506:12)\n    at Function.Module._load (module.js:498:3)\n    at Module.require (module.js:597:17)","stack":"TSError: ⨯ Unable to compile TypeScript:\nsrc/service/AuthService.ts(147,1): error TS1005: ',' expected.\nsrc/service/AuthService.ts(148,1): error TS1005: '}' expected.\nsrc/service/AuthService.ts(63,9): error TS6133: 'result' is declared but its value is never read.\n\n    at createTSError (/usr/local/lib/node_modules/pm2/node_modules/ts-node/src/index.ts:261:12)\n    at getOutput (/usr/local/lib/node_modules/pm2/node_modules/ts-node/src/index.ts:367:40)\n    at Object.compile (/usr/local/lib/node_modules/pm2/node_modules/ts-node/src/index.ts:558:11)\n    at Module.m._compile (/usr/local/lib/node_modules/pm2/node_modules/ts-node/src/index.ts:439:43)\n    at Module._extensions..js (module.js:664:10)\n    at Object.require.extensions.(anonymous function) [as .ts] (/usr/local/lib/node_modules/pm2/node_modules/ts-node/src/index.ts:442:12)\n    at Module.load (module.js:566:32)\n    at tryModuleLoad (module.js:506:12)\n    at Function.Module._load (module.js:498:3)\n    at Module.require (module.js:597:17)","exception":true,"date":"Sun Jan 20 2019 09:58:29 GMT+0000 (UTC)","process":{"pid":992,"uid":0,"gid":0,"cwd":"/usr/src/app/doodoo-todo-api2","execPath":"/usr/local/bin/node","version":"v8.15.0","argv":["node","/usr/local/lib/node_modules/pm2/lib/ProcessContainerFork.js"],"memoryUsage":{"rss":169943040,"heapTotal":115060736,"heapUsed":87243080,"external":126715}},"os":{"loadavg":[1.11376953125,0.60986328125,0.35400390625],"uptime":46232},"trace":[{"column":12,"file":"/usr/local/lib/node_modules/pm2/node_modules/ts-node/src/index.ts","function":"createTSError","line":261,"method":null,"native":false},{"column":40,"file":"/usr/local/lib/node_modules/pm2/node_modules/ts-node/src/index.ts","function":"getOutput","line":367,"method":null,"native":false},{"column":11,"file":"/usr/local/lib/node_modules/pm2/node_modules/ts-node/src/index.ts","function":"Object.compile","line":558,"method":"compile","native":false},{"column":43,"file":"/usr/local/lib/node_modules/pm2/node_modules/ts-node/src/index.ts","function":"Module.m._compile","line":439,"method":"_compile","native":false},{"column":10,"file":"module.js","function":"Module._extensions..js","line":664,"method":".js","native":false},{"column":12,"file":"/usr/local/lib/node_modules/pm2/node_modules/ts-node/src/index.ts","function":"Object.require.extensions.(anonymous function) [as .ts]","line":442,"method":"ts]","native":false},{"column":32,"file":"module.js","function":"Module.load","line":566,"method":"load","native":false},{"column":12,"file":"module.js","function":"tryModuleLoad","line":506,"method":null,"native":false},{"column":3,"file":"module.js","function":"Module._load","line":498,"method":"_load","native":false},{"column":17,"file":"module.js","function":"Module.require","line":597,"method":"require","native":false}]}
{"error":{"diagnosticText":"src/service/AuthService.ts(63,9): error TS6133: 'result' is declared but its value is never read.\n","diagnosticCodes":[6133]},"level":"error","message":"uncaughtException: ⨯ Unable to compile TypeScript:\nsrc/service/AuthService.ts(63,9): error TS6133: 'result' is declared but its value is never read.\n\nTSError: ⨯ Unable to compile TypeScript:\nsrc/service/AuthService.ts(63,9): error TS6133: 'result' is declared but its value is never read.\n\n    at createTSError (/usr/local/lib/node_modules/pm2/node_modules/ts-node/src/index.ts:261:12)\n    at getOutput (/usr/local/lib/node_modules/pm2/node_modules/ts-node/src/index.ts:367:40)\n    at Object.compile (/usr/local/lib/node_modules/pm2/node_modules/ts-node/src/index.ts:558:11)\n    at Module.m._compile (/usr/local/lib/node_modules/pm2/node_modules/ts-node/src/index.ts:439:43)\n    at Module._extensions..js (module.js:664:10)\n    at Object.require.extensions.(anonymous function) [as .ts] (/usr/local/lib/node_modules/pm2/node_modules/ts-node/src/index.ts:442:12)\n    at Module.load (module.js:566:32)\n    at tryModuleLoad (module.js:506:12)\n    at Function.Module._load (module.js:498:3)\n    at Module.require (module.js:597:17)","stack":"TSError: ⨯ Unable to compile TypeScript:\nsrc/service/AuthService.ts(63,9): error TS6133: 'result' is declared but its value is never read.\n\n    at createTSError (/usr/local/lib/node_modules/pm2/node_modules/ts-node/src/index.ts:261:12)\n    at getOutput (/usr/local/lib/node_modules/pm2/node_modules/ts-node/src/index.ts:367:40)\n    at Object.compile (/usr/local/lib/node_modules/pm2/node_modules/ts-node/src/index.ts:558:11)\n    at Module.m._compile (/usr/local/lib/node_modules/pm2/node_modules/ts-node/src/index.ts:439:43)\n    at Module._extensions..js (module.js:664:10)\n    at Object.require.extensions.(anonymous function) [as .ts] (/usr/local/lib/node_modules/pm2/node_modules/ts-node/src/index.ts:442:12)\n    at Module.load (module.js:566:32)\n    at tryModuleLoad (module.js:506:12)\n    at Function.Module._load (module.js:498:3)\n    at Module.require (module.js:597:17)","exception":true,"date":"Sun Jan 20 2019 09:58:45 GMT+0000 (UTC)","process":{"pid":1009,"uid":0,"gid":0,"cwd":"/usr/src/app/doodoo-todo-api2","execPath":"/usr/local/bin/node","version":"v8.15.0","argv":["node","/usr/local/lib/node_modules/pm2/lib/ProcessContainerFork.js"],"memoryUsage":{"rss":170733568,"heapTotal":115585024,"heapUsed":87395392,"external":126715}},"os":{"loadavg":[0.93994140625,0.59619140625,0.35400390625],"uptime":46249},"trace":[{"column":12,"file":"/usr/local/lib/node_modules/pm2/node_modules/ts-node/src/index.ts","function":"createTSError","line":261,"method":null,"native":false},{"column":40,"file":"/usr/local/lib/node_modules/pm2/node_modules/ts-node/src/index.ts","function":"getOutput","line":367,"method":null,"native":false},{"column":11,"file":"/usr/local/lib/node_modules/pm2/node_modules/ts-node/src/index.ts","function":"Object.compile","line":558,"method":"compile","native":false},{"column":43,"file":"/usr/local/lib/node_modules/pm2/node_modules/ts-node/src/index.ts","function":"Module.m._compile","line":439,"method":"_compile","native":false},{"column":10,"file":"module.js","function":"Module._extensions..js","line":664,"method":".js","native":false},{"column":12,"file":"/usr/local/lib/node_modules/pm2/node_modules/ts-node/src/index.ts","function":"Object.require.extensions.(anonymous function) [as .ts]","line":442,"method":"ts]","native":false},{"column":32,"file":"module.js","function":"Module.load","line":566,"method":"load","native":false},{"column":12,"file":"module.js","function":"tryModuleLoad","line":506,"method":null,"native":false},{"column":3,"file":"module.js","function":"Module._load","line":498,"method":"_load","native":false},{"column":17,"file":"module.js","function":"Module.require","line":597,"method":"require","native":false}]}
{"error":{"diagnosticText":"src/service/AuthService.ts(63,9): error TS6133: 'result' is declared but its value is never read.\n","diagnosticCodes":[6133]},"level":"error","message":"uncaughtException: ⨯ Unable to compile TypeScript:\nsrc/service/AuthService.ts(63,9): error TS6133: 'result' is declared but its value is never read.\n\nTSError: ⨯ Unable to compile TypeScript:\nsrc/service/AuthService.ts(63,9): error TS6133: 'result' is declared but its value is never read.\n\n    at createTSError (/usr/local/lib/node_modules/pm2/node_modules/ts-node/src/index.ts:261:12)\n    at getOutput (/usr/local/lib/node_modules/pm2/node_modules/ts-node/src/index.ts:367:40)\n    at Object.compile (/usr/local/lib/node_modules/pm2/node_modules/ts-node/src/index.ts:558:11)\n    at Module.m._compile (/usr/local/lib/node_modules/pm2/node_modules/ts-node/src/index.ts:439:43)\n    at Module._extensions..js (module.js:664:10)\n    at Object.require.extensions.(anonymous function) [as .ts] (/usr/local/lib/node_modules/pm2/node_modules/ts-node/src/index.ts:442:12)\n    at Module.load (module.js:566:32)\n    at tryModuleLoad (module.js:506:12)\n    at Function.Module._load (module.js:498:3)\n    at Module.require (module.js:597:17)","stack":"TSError: ⨯ Unable to compile TypeScript:\nsrc/service/AuthService.ts(63,9): error TS6133: 'result' is declared but its value is never read.\n\n    at createTSError (/usr/local/lib/node_modules/pm2/node_modules/ts-node/src/index.ts:261:12)\n    at getOutput (/usr/local/lib/node_modules/pm2/node_modules/ts-node/src/index.ts:367:40)\n    at Object.compile (/usr/local/lib/node_modules/pm2/node_modules/ts-node/src/index.ts:558:11)\n    at Module.m._compile (/usr/local/lib/node_modules/pm2/node_modules/ts-node/src/index.ts:439:43)\n    at Module._extensions..js (module.js:664:10)\n    at Object.require.extensions.(anonymous function) [as .ts] (/usr/local/lib/node_modules/pm2/node_modules/ts-node/src/index.ts:442:12)\n    at Module.load (module.js:566:32)\n    at tryModuleLoad (module.js:506:12)\n    at Function.Module._load (module.js:498:3)\n    at Module.require (module.js:597:17)","exception":true,"date":"Sun Jan 20 2019 09:59:04 GMT+0000 (UTC)","process":{"pid":1030,"uid":0,"gid":0,"cwd":"/usr/src/app/doodoo-todo-api2","execPath":"/usr/local/bin/node","version":"v8.15.0","argv":["node","/usr/local/lib/node_modules/pm2/lib/ProcessContainerFork.js"],"memoryUsage":{"rss":170450944,"heapTotal":115585024,"heapUsed":87262616,"external":126715}},"os":{"loadavg":[1.10498046875,0.65576171875,0.3798828125],"uptime":46268},"trace":[{"column":12,"file":"/usr/local/lib/node_modules/pm2/node_modules/ts-node/src/index.ts","function":"createTSError","line":261,"method":null,"native":false},{"column":40,"file":"/usr/local/lib/node_modules/pm2/node_modules/ts-node/src/index.ts","function":"getOutput","line":367,"method":null,"native":false},{"column":11,"file":"/usr/local/lib/node_modules/pm2/node_modules/ts-node/src/index.ts","function":"Object.compile","line":558,"method":"compile","native":false},{"column":43,"file":"/usr/local/lib/node_modules/pm2/node_modules/ts-node/src/index.ts","function":"Module.m._compile","line":439,"method":"_compile","native":false},{"column":10,"file":"module.js","function":"Module._extensions..js","line":664,"method":".js","native":false},{"column":12,"file":"/usr/local/lib/node_modules/pm2/node_modules/ts-node/src/index.ts","function":"Object.require.extensions.(anonymous function) [as .ts]","line":442,"method":"ts]","native":false},{"column":32,"file":"module.js","function":"Module.load","line":566,"method":"load","native":false},{"column":12,"file":"module.js","function":"tryModuleLoad","line":506,"method":null,"native":false},{"column":3,"file":"module.js","function":"Module._load","line":498,"method":"_load","native":false},{"column":17,"file":"module.js","function":"Module.require","line":597,"method":"require","native":false}]}
{"error":{"code":"MODULE_NOT_FOUND"},"level":"error","message":"uncaughtException: Cannot find module './service'\nError: Cannot find module './service'\n    at Function.Module._resolveFilename (module.js:548:15)\n    at Function.Module._load (module.js:475:25)\n    at Module.require (module.js:597:17)\n    at require (internal/module.js:11:18)\n    at Object.<anonymous> (/usr/src/app/doodoo-todo-api2/src/index.ts:13:1)\n    at Module._compile (module.js:653:30)\n    at Module.m._compile (/usr/local/lib/node_modules/pm2/node_modules/ts-node/src/index.ts:439:23)\n    at Module._extensions..js (module.js:664:10)\n    at Object.require.extensions.(anonymous function) [as .ts] (/usr/local/lib/node_modules/pm2/node_modules/ts-node/src/index.ts:442:12)\n    at Module.load (module.js:566:32)","stack":"Error: Cannot find module './service'\n    at Function.Module._resolveFilename (module.js:548:15)\n    at Function.Module._load (module.js:475:25)\n    at Module.require (module.js:597:17)\n    at require (internal/module.js:11:18)\n    at Object.<anonymous> (/usr/src/app/doodoo-todo-api2/src/index.ts:13:1)\n    at Module._compile (module.js:653:30)\n    at Module.m._compile (/usr/local/lib/node_modules/pm2/node_modules/ts-node/src/index.ts:439:23)\n    at Module._extensions..js (module.js:664:10)\n    at Object.require.extensions.(anonymous function) [as .ts] (/usr/local/lib/node_modules/pm2/node_modules/ts-node/src/index.ts:442:12)\n    at Module.load (module.js:566:32)","exception":true,"date":"Sun Jan 20 2019 22:25:28 GMT+0000 (UTC)","process":{"pid":1095,"uid":0,"gid":0,"cwd":"/usr/src/app/doodoo-todo-api2","execPath":"/usr/local/bin/node","version":"v8.15.0","argv":["node","/usr/local/lib/node_modules/pm2/lib/ProcessContainerFork.js"],"memoryUsage":{"rss":104263680,"heapTotal":78172160,"heapUsed":54375072,"external":1096466}},"os":{"loadavg":[0.25634765625,0.0908203125,0.02783203125],"uptime":59250},"trace":[{"column":15,"file":"module.js","function":"Module._resolveFilename","line":548,"method":"_resolveFilename","native":false},{"column":25,"file":"module.js","function":"Module._load","line":475,"method":"_load","native":false},{"column":17,"file":"module.js","function":"Module.require","line":597,"method":"require","native":false},{"column":18,"file":"internal/module.js","function":"require","line":11,"method":null,"native":false},{"column":1,"file":"/usr/src/app/doodoo-todo-api2/src/index.ts","function":null,"line":13,"method":null,"native":false},{"column":30,"file":"module.js","function":"Module._compile","line":653,"method":"_compile","native":false},{"column":23,"file":"/usr/local/lib/node_modules/pm2/node_modules/ts-node/src/index.ts","function":"Module.m._compile","line":439,"method":"_compile","native":false},{"column":10,"file":"module.js","function":"Module._extensions..js","line":664,"method":".js","native":false},{"column":12,"file":"/usr/local/lib/node_modules/pm2/node_modules/ts-node/src/index.ts","function":"Object.require.extensions.(anonymous function) [as .ts]","line":442,"method":"ts]","native":false},{"column":32,"file":"module.js","function":"Module.load","line":566,"method":"load","native":false}]}
{"error":{"code":"MODULE_NOT_FOUND"},"level":"error","message":"uncaughtException: Cannot find module './service'\nError: Cannot find module './service'\n    at Function.Module._resolveFilename (module.js:548:15)\n    at Function.Module._load (module.js:475:25)\n    at Module.require (module.js:597:17)\n    at require (internal/module.js:11:18)\n    at Object.<anonymous> (/usr/src/app/doodoo-todo-api2/src/index.ts:13:1)\n    at Module._compile (module.js:653:30)\n    at Module.m._compile (/usr/local/lib/node_modules/pm2/node_modules/ts-node/src/index.ts:439:23)\n    at Module._extensions..js (module.js:664:10)\n    at Object.require.extensions.(anonymous function) [as .ts] (/usr/local/lib/node_modules/pm2/node_modules/ts-node/src/index.ts:442:12)\n    at Module.load (module.js:566:32)","stack":"Error: Cannot find module './service'\n    at Function.Module._resolveFilename (module.js:548:15)\n    at Function.Module._load (module.js:475:25)\n    at Module.require (module.js:597:17)\n    at require (internal/module.js:11:18)\n    at Object.<anonymous> (/usr/src/app/doodoo-todo-api2/src/index.ts:13:1)\n    at Module._compile (module.js:653:30)\n    at Module.m._compile (/usr/local/lib/node_modules/pm2/node_modules/ts-node/src/index.ts:439:23)\n    at Module._extensions..js (module.js:664:10)\n    at Object.require.extensions.(anonymous function) [as .ts] (/usr/local/lib/node_modules/pm2/node_modules/ts-node/src/index.ts:442:12)\n    at Module.load (module.js:566:32)","exception":true,"date":"Sun Jan 20 2019 22:25:35 GMT+0000 (UTC)","process":{"pid":1105,"uid":0,"gid":0,"cwd":"/usr/src/app/doodoo-todo-api2","execPath":"/usr/local/bin/node","version":"v8.15.0","argv":["node","/usr/local/lib/node_modules/pm2/lib/ProcessContainerFork.js"],"memoryUsage":{"rss":103972864,"heapTotal":78172160,"heapUsed":54838528,"external":1123199}},"os":{"loadavg":[0.31591796875,0.10595703125,0.033203125],"uptime":59257},"trace":[{"column":15,"file":"module.js","function":"Module._resolveFilename","line":548,"method":"_resolveFilename","native":false},{"column":25,"file":"module.js","function":"Module._load","line":475,"method":"_load","native":false},{"column":17,"file":"module.js","function":"Module.require","line":597,"method":"require","native":false},{"column":18,"file":"internal/module.js","function":"require","line":11,"method":null,"native":false},{"column":1,"file":"/usr/src/app/doodoo-todo-api2/src/index.ts","function":null,"line":13,"method":null,"native":false},{"column":30,"file":"module.js","function":"Module._compile","line":653,"method":"_compile","native":false},{"column":23,"file":"/usr/local/lib/node_modules/pm2/node_modules/ts-node/src/index.ts","function":"Module.m._compile","line":439,"method":"_compile","native":false},{"column":10,"file":"module.js","function":"Module._extensions..js","line":664,"method":".js","native":false},{"column":12,"file":"/usr/local/lib/node_modules/pm2/node_modules/ts-node/src/index.ts","function":"Object.require.extensions.(anonymous function) [as .ts]","line":442,"method":"ts]","native":false},{"column":32,"file":"module.js","function":"Module.load","line":566,"method":"load","native":false}]}
{"error":{"diagnosticText":"src/service/AuthService.ts(64,38): error TS2345: Argument of type 'Error' is not assignable to parameter of type 'string'.\n","diagnosticCodes":[2345]},"level":"error","message":"uncaughtException: ⨯ Unable to compile TypeScript:\nsrc/service/AuthService.ts(64,38): error TS2345: Argument of type 'Error' is not assignable to parameter of type 'string'.\n\nTSError: ⨯ Unable to compile TypeScript:\nsrc/service/AuthService.ts(64,38): error TS2345: Argument of type 'Error' is not assignable to parameter of type 'string'.\n\n    at createTSError (/usr/local/lib/node_modules/pm2/node_modules/ts-node/src/index.ts:261:12)\n    at getOutput (/usr/local/lib/node_modules/pm2/node_modules/ts-node/src/index.ts:367:40)\n    at Object.compile (/usr/local/lib/node_modules/pm2/node_modules/ts-node/src/index.ts:558:11)\n    at Module.m._compile (/usr/local/lib/node_modules/pm2/node_modules/ts-node/src/index.ts:439:43)\n    at Module._extensions..js (module.js:664:10)\n    at Object.require.extensions.(anonymous function) [as .ts] (/usr/local/lib/node_modules/pm2/node_modules/ts-node/src/index.ts:442:12)\n    at Module.load (module.js:566:32)\n    at tryModuleLoad (module.js:506:12)\n    at Function.Module._load (module.js:498:3)\n    at Module.require (module.js:597:17)","stack":"TSError: ⨯ Unable to compile TypeScript:\nsrc/service/AuthService.ts(64,38): error TS2345: Argument of type 'Error' is not assignable to parameter of type 'string'.\n\n    at createTSError (/usr/local/lib/node_modules/pm2/node_modules/ts-node/src/index.ts:261:12)\n    at getOutput (/usr/local/lib/node_modules/pm2/node_modules/ts-node/src/index.ts:367:40)\n    at Object.compile (/usr/local/lib/node_modules/pm2/node_modules/ts-node/src/index.ts:558:11)\n    at Module.m._compile (/usr/local/lib/node_modules/pm2/node_modules/ts-node/src/index.ts:439:43)\n    at Module._extensions..js (module.js:664:10)\n    at Object.require.extensions.(anonymous function) [as .ts] (/usr/local/lib/node_modules/pm2/node_modules/ts-node/src/index.ts:442:12)\n    at Module.load (module.js:566:32)\n    at tryModuleLoad (module.js:506:12)\n    at Function.Module._load (module.js:498:3)\n    at Module.require (module.js:597:17)","exception":true,"date":"Sun Jan 20 2019 22:57:07 GMT+0000 (UTC)","process":{"pid":1727,"uid":0,"gid":0,"cwd":"/usr/src/app/doodoo-todo-api2","execPath":"/usr/local/bin/node","version":"v8.15.0","argv":["node","/usr/local/lib/node_modules/pm2/lib/ProcessContainerFork.js"],"memoryUsage":{"rss":169889792,"heapTotal":115060736,"heapUsed":87598384,"external":126715}},"os":{"loadavg":[0.62841796875,0.26318359375,0.22314453125],"uptime":61150},"trace":[{"column":12,"file":"/usr/local/lib/node_modules/pm2/node_modules/ts-node/src/index.ts","function":"createTSError","line":261,"method":null,"native":false},{"column":40,"file":"/usr/local/lib/node_modules/pm2/node_modules/ts-node/src/index.ts","function":"getOutput","line":367,"method":null,"native":false},{"column":11,"file":"/usr/local/lib/node_modules/pm2/node_modules/ts-node/src/index.ts","function":"Object.compile","line":558,"method":"compile","native":false},{"column":43,"file":"/usr/local/lib/node_modules/pm2/node_modules/ts-node/src/index.ts","function":"Module.m._compile","line":439,"method":"_compile","native":false},{"column":10,"file":"module.js","function":"Module._extensions..js","line":664,"method":".js","native":false},{"column":12,"file":"/usr/local/lib/node_modules/pm2/node_modules/ts-node/src/index.ts","function":"Object.require.extensions.(anonymous function) [as .ts]","line":442,"method":"ts]","native":false},{"column":32,"file":"module.js","function":"Module.load","line":566,"method":"load","native":false},{"column":12,"file":"module.js","function":"tryModuleLoad","line":506,"method":null,"native":false},{"column":3,"file":"module.js","function":"Module._load","line":498,"method":"_load","native":false},{"column":17,"file":"module.js","function":"Module.require","line":597,"method":"require","native":false}]}
{"error":{"diagnosticText":"src/service/AuthService.ts(64,38): error TS2345: Argument of type 'Error' is not assignable to parameter of type 'string'.\n","diagnosticCodes":[2345]},"level":"error","message":"uncaughtException: ⨯ Unable to compile TypeScript:\nsrc/service/AuthService.ts(64,38): error TS2345: Argument of type 'Error' is not assignable to parameter of type 'string'.\n\nTSError: ⨯ Unable to compile TypeScript:\nsrc/service/AuthService.ts(64,38): error TS2345: Argument of type 'Error' is not assignable to parameter of type 'string'.\n\n    at createTSError (/usr/local/lib/node_modules/pm2/node_modules/ts-node/src/index.ts:261:12)\n    at getOutput (/usr/local/lib/node_modules/pm2/node_modules/ts-node/src/index.ts:367:40)\n    at Object.compile (/usr/local/lib/node_modules/pm2/node_modules/ts-node/src/index.ts:558:11)\n    at Module.m._compile (/usr/local/lib/node_modules/pm2/node_modules/ts-node/src/index.ts:439:43)\n    at Module._extensions..js (module.js:664:10)\n    at Object.require.extensions.(anonymous function) [as .ts] (/usr/local/lib/node_modules/pm2/node_modules/ts-node/src/index.ts:442:12)\n    at Module.load (module.js:566:32)\n    at tryModuleLoad (module.js:506:12)\n    at Function.Module._load (module.js:498:3)\n    at Module.require (module.js:597:17)","stack":"TSError: ⨯ Unable to compile TypeScript:\nsrc/service/AuthService.ts(64,38): error TS2345: Argument of type 'Error' is not assignable to parameter of type 'string'.\n\n    at createTSError (/usr/local/lib/node_modules/pm2/node_modules/ts-node/src/index.ts:261:12)\n    at getOutput (/usr/local/lib/node_modules/pm2/node_modules/ts-node/src/index.ts:367:40)\n    at Object.compile (/usr/local/lib/node_modules/pm2/node_modules/ts-node/src/index.ts:558:11)\n    at Module.m._compile (/usr/local/lib/node_modules/pm2/node_modules/ts-node/src/index.ts:439:43)\n    at Module._extensions..js (module.js:664:10)\n    at Object.require.extensions.(anonymous function) [as .ts] (/usr/local/lib/node_modules/pm2/node_modules/ts-node/src/index.ts:442:12)\n    at Module.load (module.js:566:32)\n    at tryModuleLoad (module.js:506:12)\n    at Function.Module._load (module.js:498:3)\n    at Module.require (module.js:597:17)","exception":true,"date":"Sun Jan 20 2019 22:57:27 GMT+0000 (UTC)","process":{"pid":1748,"uid":0,"gid":0,"cwd":"/usr/src/app/doodoo-todo-api2","execPath":"/usr/local/bin/node","version":"v8.15.0","argv":["node","/usr/local/lib/node_modules/pm2/lib/ProcessContainerFork.js"],"memoryUsage":{"rss":169754624,"heapTotal":115060736,"heapUsed":87570528,"external":126715}},"os":{"loadavg":[1.04296875,0.3779296875,0.26220703125],"uptime":61171},"trace":[{"column":12,"file":"/usr/local/lib/node_modules/pm2/node_modules/ts-node/src/index.ts","function":"createTSError","line":261,"method":null,"native":false},{"column":40,"file":"/usr/local/lib/node_modules/pm2/node_modules/ts-node/src/index.ts","function":"getOutput","line":367,"method":null,"native":false},{"column":11,"file":"/usr/local/lib/node_modules/pm2/node_modules/ts-node/src/index.ts","function":"Object.compile","line":558,"method":"compile","native":false},{"column":43,"file":"/usr/local/lib/node_modules/pm2/node_modules/ts-node/src/index.ts","function":"Module.m._compile","line":439,"method":"_compile","native":false},{"column":10,"file":"module.js","function":"Module._extensions..js","line":664,"method":".js","native":false},{"column":12,"file":"/usr/local/lib/node_modules/pm2/node_modules/ts-node/src/index.ts","function":"Object.require.extensions.(anonymous function) [as .ts]","line":442,"method":"ts]","native":false},{"column":32,"file":"module.js","function":"Module.load","line":566,"method":"load","native":false},{"column":12,"file":"module.js","function":"tryModuleLoad","line":506,"method":null,"native":false},{"column":3,"file":"module.js","function":"Module._load","line":498,"method":"_load","native":false},{"column":17,"file":"module.js","function":"Module.require","line":597,"method":"require","native":false}]}
{"error":{"diagnosticText":"src/service/AuthService.ts(64,38): error TS2345: Argument of type 'Error' is not assignable to parameter of type 'string'.\n","diagnosticCodes":[2345]},"level":"error","message":"uncaughtException: ⨯ Unable to compile TypeScript:\nsrc/service/AuthService.ts(64,38): error TS2345: Argument of type 'Error' is not assignable to parameter of type 'string'.\n\nTSError: ⨯ Unable to compile TypeScript:\nsrc/service/AuthService.ts(64,38): error TS2345: Argument of type 'Error' is not assignable to parameter of type 'string'.\n\n    at createTSError (/usr/local/lib/node_modules/pm2/node_modules/ts-node/src/index.ts:261:12)\n    at getOutput (/usr/local/lib/node_modules/pm2/node_modules/ts-node/src/index.ts:367:40)\n    at Object.compile (/usr/local/lib/node_modules/pm2/node_modules/ts-node/src/index.ts:558:11)\n    at Module.m._compile (/usr/local/lib/node_modules/pm2/node_modules/ts-node/src/index.ts:439:43)\n    at Module._extensions..js (module.js:664:10)\n    at Object.require.extensions.(anonymous function) [as .ts] (/usr/local/lib/node_modules/pm2/node_modules/ts-node/src/index.ts:442:12)\n    at Module.load (module.js:566:32)\n    at tryModuleLoad (module.js:506:12)\n    at Function.Module._load (module.js:498:3)\n    at Module.require (module.js:597:17)","stack":"TSError: ⨯ Unable to compile TypeScript:\nsrc/service/AuthService.ts(64,38): error TS2345: Argument of type 'Error' is not assignable to parameter of type 'string'.\n\n    at createTSError (/usr/local/lib/node_modules/pm2/node_modules/ts-node/src/index.ts:261:12)\n    at getOutput (/usr/local/lib/node_modules/pm2/node_modules/ts-node/src/index.ts:367:40)\n    at Object.compile (/usr/local/lib/node_modules/pm2/node_modules/ts-node/src/index.ts:558:11)\n    at Module.m._compile (/usr/local/lib/node_modules/pm2/node_modules/ts-node/src/index.ts:439:43)\n    at Module._extensions..js (module.js:664:10)\n    at Object.require.extensions.(anonymous function) [as .ts] (/usr/local/lib/node_modules/pm2/node_modules/ts-node/src/index.ts:442:12)\n    at Module.load (module.js:566:32)\n    at tryModuleLoad (module.js:506:12)\n    at Function.Module._load (module.js:498:3)\n    at Module.require (module.js:597:17)","exception":true,"date":"Sun Jan 20 2019 22:57:39 GMT+0000 (UTC)","process":{"pid":1758,"uid":0,"gid":0,"cwd":"/usr/src/app/doodoo-todo-api2","execPath":"/usr/local/bin/node","version":"v8.15.0","argv":["node","/usr/local/lib/node_modules/pm2/lib/ProcessContainerFork.js"],"memoryUsage":{"rss":170205184,"heapTotal":115060736,"heapUsed":87363920,"external":126715}},"os":{"loadavg":[1.11962890625,0.42578125,0.2802734375],"uptime":61183},"trace":[{"column":12,"file":"/usr/local/lib/node_modules/pm2/node_modules/ts-node/src/index.ts","function":"createTSError","line":261,"method":null,"native":false},{"column":40,"file":"/usr/local/lib/node_modules/pm2/node_modules/ts-node/src/index.ts","function":"getOutput","line":367,"method":null,"native":false},{"column":11,"file":"/usr/local/lib/node_modules/pm2/node_modules/ts-node/src/index.ts","function":"Object.compile","line":558,"method":"compile","native":false},{"column":43,"file":"/usr/local/lib/node_modules/pm2/node_modules/ts-node/src/index.ts","function":"Module.m._compile","line":439,"method":"_compile","native":false},{"column":10,"file":"module.js","function":"Module._extensions..js","line":664,"method":".js","native":false},{"column":12,"file":"/usr/local/lib/node_modules/pm2/node_modules/ts-node/src/index.ts","function":"Object.require.extensions.(anonymous function) [as .ts]","line":442,"method":"ts]","native":false},{"column":32,"file":"module.js","function":"Module.load","line":566,"method":"load","native":false},{"column":12,"file":"module.js","function":"tryModuleLoad","line":506,"method":null,"native":false},{"column":3,"file":"module.js","function":"Module._load","line":498,"method":"_load","native":false},{"column":17,"file":"module.js","function":"Module.require","line":597,"method":"require","native":false}]}
{"error":{"diagnosticText":"src/service/AuthService.ts(69,27): error TS1005: ',' expected.\n","diagnosticCodes":[1005]},"level":"error","message":"uncaughtException: ⨯ Unable to compile TypeScript:\nsrc/service/AuthService.ts(69,27): error TS1005: ',' expected.\n\nTSError: ⨯ Unable to compile TypeScript:\nsrc/service/AuthService.ts(69,27): error TS1005: ',' expected.\n\n    at createTSError (/usr/local/lib/node_modules/pm2/node_modules/ts-node/src/index.ts:261:12)\n    at getOutput (/usr/local/lib/node_modules/pm2/node_modules/ts-node/src/index.ts:367:40)\n    at Object.compile (/usr/local/lib/node_modules/pm2/node_modules/ts-node/src/index.ts:558:11)\n    at Module.m._compile (/usr/local/lib/node_modules/pm2/node_modules/ts-node/src/index.ts:439:43)\n    at Module._extensions..js (module.js:664:10)\n    at Object.require.extensions.(anonymous function) [as .ts] (/usr/local/lib/node_modules/pm2/node_modules/ts-node/src/index.ts:442:12)\n    at Module.load (module.js:566:32)\n    at tryModuleLoad (module.js:506:12)\n    at Function.Module._load (module.js:498:3)\n    at Module.require (module.js:597:17)","stack":"TSError: ⨯ Unable to compile TypeScript:\nsrc/service/AuthService.ts(69,27): error TS1005: ',' expected.\n\n    at createTSError (/usr/local/lib/node_modules/pm2/node_modules/ts-node/src/index.ts:261:12)\n    at getOutput (/usr/local/lib/node_modules/pm2/node_modules/ts-node/src/index.ts:367:40)\n    at Object.compile (/usr/local/lib/node_modules/pm2/node_modules/ts-node/src/index.ts:558:11)\n    at Module.m._compile (/usr/local/lib/node_modules/pm2/node_modules/ts-node/src/index.ts:439:43)\n    at Module._extensions..js (module.js:664:10)\n    at Object.require.extensions.(anonymous function) [as .ts] (/usr/local/lib/node_modules/pm2/node_modules/ts-node/src/index.ts:442:12)\n    at Module.load (module.js:566:32)\n    at tryModuleLoad (module.js:506:12)\n    at Function.Module._load (module.js:498:3)\n    at Module.require (module.js:597:17)","exception":true,"date":"Sun Jan 20 2019 22:59:32 GMT+0000 (UTC)","process":{"pid":1790,"uid":0,"gid":0,"cwd":"/usr/src/app/doodoo-todo-api2","execPath":"/usr/local/bin/node","version":"v8.15.0","argv":["node","/usr/local/lib/node_modules/pm2/lib/ProcessContainerFork.js"],"memoryUsage":{"rss":166637568,"heapTotal":114536448,"heapUsed":87918432,"external":126715}},"os":{"loadavg":[0.26025390625,0.35205078125,0.26708984375],"uptime":61296},"trace":[{"column":12,"file":"/usr/local/lib/node_modules/pm2/node_modules/ts-node/src/index.ts","function":"createTSError","line":261,"method":null,"native":false},{"column":40,"file":"/usr/local/lib/node_modules/pm2/node_modules/ts-node/src/index.ts","function":"getOutput","line":367,"method":null,"native":false},{"column":11,"file":"/usr/local/lib/node_modules/pm2/node_modules/ts-node/src/index.ts","function":"Object.compile","line":558,"method":"compile","native":false},{"column":43,"file":"/usr/local/lib/node_modules/pm2/node_modules/ts-node/src/index.ts","function":"Module.m._compile","line":439,"method":"_compile","native":false},{"column":10,"file":"module.js","function":"Module._extensions..js","line":664,"method":".js","native":false},{"column":12,"file":"/usr/local/lib/node_modules/pm2/node_modules/ts-node/src/index.ts","function":"Object.require.extensions.(anonymous function) [as .ts]","line":442,"method":"ts]","native":false},{"column":32,"file":"module.js","function":"Module.load","line":566,"method":"load","native":false},{"column":12,"file":"module.js","function":"tryModuleLoad","line":506,"method":null,"native":false},{"column":3,"file":"module.js","function":"Module._load","line":498,"method":"_load","native":false},{"column":17,"file":"module.js","function":"Module.require","line":597,"method":"require","native":false}]}
{"error":{"diagnosticText":"src/service/AuthService.ts(58,31): error TS2304: Cannot find name 'Request'.\nsrc/service/AuthService.ts(58,50): error TS2304: Cannot find name 'Response'.\n","diagnosticCodes":[2304,2304]},"level":"error","message":"uncaughtException: ⨯ Unable to compile TypeScript:\nsrc/service/AuthService.ts(58,31): error TS2304: Cannot find name 'Request'.\nsrc/service/AuthService.ts(58,50): error TS2304: Cannot find name 'Response'.\n\nTSError: ⨯ Unable to compile TypeScript:\nsrc/service/AuthService.ts(58,31): error TS2304: Cannot find name 'Request'.\nsrc/service/AuthService.ts(58,50): error TS2304: Cannot find name 'Response'.\n\n    at createTSError (/usr/local/lib/node_modules/pm2/node_modules/ts-node/src/index.ts:261:12)\n    at getOutput (/usr/local/lib/node_modules/pm2/node_modules/ts-node/src/index.ts:367:40)\n    at Object.compile (/usr/local/lib/node_modules/pm2/node_modules/ts-node/src/index.ts:558:11)\n    at Module.m._compile (/usr/local/lib/node_modules/pm2/node_modules/ts-node/src/index.ts:439:43)\n    at Module._extensions..js (module.js:664:10)\n    at Object.require.extensions.(anonymous function) [as .ts] (/usr/local/lib/node_modules/pm2/node_modules/ts-node/src/index.ts:442:12)\n    at Module.load (module.js:566:32)\n    at tryModuleLoad (module.js:506:12)\n    at Function.Module._load (module.js:498:3)\n    at Module.require (module.js:597:17)","stack":"TSError: ⨯ Unable to compile TypeScript:\nsrc/service/AuthService.ts(58,31): error TS2304: Cannot find name 'Request'.\nsrc/service/AuthService.ts(58,50): error TS2304: Cannot find name 'Response'.\n\n    at createTSError (/usr/local/lib/node_modules/pm2/node_modules/ts-node/src/index.ts:261:12)\n    at getOutput (/usr/local/lib/node_modules/pm2/node_modules/ts-node/src/index.ts:367:40)\n    at Object.compile (/usr/local/lib/node_modules/pm2/node_modules/ts-node/src/index.ts:558:11)\n    at Module.m._compile (/usr/local/lib/node_modules/pm2/node_modules/ts-node/src/index.ts:439:43)\n    at Module._extensions..js (module.js:664:10)\n    at Object.require.extensions.(anonymous function) [as .ts] (/usr/local/lib/node_modules/pm2/node_modules/ts-node/src/index.ts:442:12)\n    at Module.load (module.js:566:32)\n    at tryModuleLoad (module.js:506:12)\n    at Function.Module._load (module.js:498:3)\n    at Module.require (module.js:597:17)","exception":true,"date":"Sun Jan 20 2019 23:01:42 GMT+0000 (UTC)","process":{"pid":1863,"uid":0,"gid":0,"cwd":"/usr/src/app/doodoo-todo-api2","execPath":"/usr/local/bin/node","version":"v8.15.0","argv":["node","/usr/local/lib/node_modules/pm2/lib/ProcessContainerFork.js"],"memoryUsage":{"rss":170094592,"heapTotal":119779328,"heapUsed":85707776,"external":80398}},"os":{"loadavg":[0.52734375,0.4375,0.30810546875],"uptime":61426},"trace":[{"column":12,"file":"/usr/local/lib/node_modules/pm2/node_modules/ts-node/src/index.ts","function":"createTSError","line":261,"method":null,"native":false},{"column":40,"file":"/usr/local/lib/node_modules/pm2/node_modules/ts-node/src/index.ts","function":"getOutput","line":367,"method":null,"native":false},{"column":11,"file":"/usr/local/lib/node_modules/pm2/node_modules/ts-node/src/index.ts","function":"Object.compile","line":558,"method":"compile","native":false},{"column":43,"file":"/usr/local/lib/node_modules/pm2/node_modules/ts-node/src/index.ts","function":"Module.m._compile","line":439,"method":"_compile","native":false},{"column":10,"file":"module.js","function":"Module._extensions..js","line":664,"method":".js","native":false},{"column":12,"file":"/usr/local/lib/node_modules/pm2/node_modules/ts-node/src/index.ts","function":"Object.require.extensions.(anonymous function) [as .ts]","line":442,"method":"ts]","native":false},{"column":32,"file":"module.js","function":"Module.load","line":566,"method":"load","native":false},{"column":12,"file":"module.js","function":"tryModuleLoad","line":506,"method":null,"native":false},{"column":3,"file":"module.js","function":"Module._load","line":498,"method":"_load","native":false},{"column":17,"file":"module.js","function":"Module.require","line":597,"method":"require","native":false}]}
{"error":{"diagnosticText":"src/service/AuthService.ts(1,25): error TS6133: 'BadRequestError' is declared but its value is never read.\n","diagnosticCodes":[6133]},"level":"error","message":"uncaughtException: ⨯ Unable to compile TypeScript:\nsrc/service/AuthService.ts(1,25): error TS6133: 'BadRequestError' is declared but its value is never read.\n\nTSError: ⨯ Unable to compile TypeScript:\nsrc/service/AuthService.ts(1,25): error TS6133: 'BadRequestError' is declared but its value is never read.\n\n    at createTSError (/usr/local/lib/node_modules/pm2/node_modules/ts-node/src/index.ts:261:12)\n    at getOutput (/usr/local/lib/node_modules/pm2/node_modules/ts-node/src/index.ts:367:40)\n    at Object.compile (/usr/local/lib/node_modules/pm2/node_modules/ts-node/src/index.ts:558:11)\n    at Module.m._compile (/usr/local/lib/node_modules/pm2/node_modules/ts-node/src/index.ts:439:43)\n    at Module._extensions..js (module.js:664:10)\n    at Object.require.extensions.(anonymous function) [as .ts] (/usr/local/lib/node_modules/pm2/node_modules/ts-node/src/index.ts:442:12)\n    at Module.load (module.js:566:32)\n    at tryModuleLoad (module.js:506:12)\n    at Function.Module._load (module.js:498:3)\n    at Module.require (module.js:597:17)","stack":"TSError: ⨯ Unable to compile TypeScript:\nsrc/service/AuthService.ts(1,25): error TS6133: 'BadRequestError' is declared but its value is never read.\n\n    at createTSError (/usr/local/lib/node_modules/pm2/node_modules/ts-node/src/index.ts:261:12)\n    at getOutput (/usr/local/lib/node_modules/pm2/node_modules/ts-node/src/index.ts:367:40)\n    at Object.compile (/usr/local/lib/node_modules/pm2/node_modules/ts-node/src/index.ts:558:11)\n    at Module.m._compile (/usr/local/lib/node_modules/pm2/node_modules/ts-node/src/index.ts:439:43)\n    at Module._extensions..js (module.js:664:10)\n    at Object.require.extensions.(anonymous function) [as .ts] (/usr/local/lib/node_modules/pm2/node_modules/ts-node/src/index.ts:442:12)\n    at Module.load (module.js:566:32)\n    at tryModuleLoad (module.js:506:12)\n    at Function.Module._load (module.js:498:3)\n    at Module.require (module.js:597:17)","exception":true,"date":"Mon Jan 21 2019 01:39:10 GMT+0000 (UTC)","process":{"pid":2166,"uid":0,"gid":0,"cwd":"/usr/src/app/doodoo-todo-api2","execPath":"/usr/local/bin/node","version":"v8.15.0","argv":["node","/usr/local/lib/node_modules/pm2/lib/ProcessContainerFork.js"],"memoryUsage":{"rss":171368448,"heapTotal":115060736,"heapUsed":87107896,"external":126715}},"os":{"loadavg":[0.166015625,0.09130859375,0.08935546875],"uptime":65710},"trace":[{"column":12,"file":"/usr/local/lib/node_modules/pm2/node_modules/ts-node/src/index.ts","function":"createTSError","line":261,"method":null,"native":false},{"column":40,"file":"/usr/local/lib/node_modules/pm2/node_modules/ts-node/src/index.ts","function":"getOutput","line":367,"method":null,"native":false},{"column":11,"file":"/usr/local/lib/node_modules/pm2/node_modules/ts-node/src/index.ts","function":"Object.compile","line":558,"method":"compile","native":false},{"column":43,"file":"/usr/local/lib/node_modules/pm2/node_modules/ts-node/src/index.ts","function":"Module.m._compile","line":439,"method":"_compile","native":false},{"column":10,"file":"module.js","function":"Module._extensions..js","line":664,"method":".js","native":false},{"column":12,"file":"/usr/local/lib/node_modules/pm2/node_modules/ts-node/src/index.ts","function":"Object.require.extensions.(anonymous function) [as .ts]","line":442,"method":"ts]","native":false},{"column":32,"file":"module.js","function":"Module.load","line":566,"method":"load","native":false},{"column":12,"file":"module.js","function":"tryModuleLoad","line":506,"method":null,"native":false},{"column":3,"file":"module.js","function":"Module._load","line":498,"method":"_load","native":false},{"column":17,"file":"module.js","function":"Module.require","line":597,"method":"require","native":false}]}
{"error":{"diagnosticText":"src/service/AuthService.ts(1,25): error TS6133: 'BadRequestError' is declared but its value is never read.\n","diagnosticCodes":[6133]},"level":"error","message":"uncaughtException: ⨯ Unable to compile TypeScript:\nsrc/service/AuthService.ts(1,25): error TS6133: 'BadRequestError' is declared but its value is never read.\n\nTSError: ⨯ Unable to compile TypeScript:\nsrc/service/AuthService.ts(1,25): error TS6133: 'BadRequestError' is declared but its value is never read.\n\n    at createTSError (/usr/local/lib/node_modules/pm2/node_modules/ts-node/src/index.ts:261:12)\n    at getOutput (/usr/local/lib/node_modules/pm2/node_modules/ts-node/src/index.ts:367:40)\n    at Object.compile (/usr/local/lib/node_modules/pm2/node_modules/ts-node/src/index.ts:558:11)\n    at Module.m._compile (/usr/local/lib/node_modules/pm2/node_modules/ts-node/src/index.ts:439:43)\n    at Module._extensions..js (module.js:664:10)\n    at Object.require.extensions.(anonymous function) [as .ts] (/usr/local/lib/node_modules/pm2/node_modules/ts-node/src/index.ts:442:12)\n    at Module.load (module.js:566:32)\n    at tryModuleLoad (module.js:506:12)\n    at Function.Module._load (module.js:498:3)\n    at Module.require (module.js:597:17)","stack":"TSError: ⨯ Unable to compile TypeScript:\nsrc/service/AuthService.ts(1,25): error TS6133: 'BadRequestError' is declared but its value is never read.\n\n    at createTSError (/usr/local/lib/node_modules/pm2/node_modules/ts-node/src/index.ts:261:12)\n    at getOutput (/usr/local/lib/node_modules/pm2/node_modules/ts-node/src/index.ts:367:40)\n    at Object.compile (/usr/local/lib/node_modules/pm2/node_modules/ts-node/src/index.ts:558:11)\n    at Module.m._compile (/usr/local/lib/node_modules/pm2/node_modules/ts-node/src/index.ts:439:43)\n    at Module._extensions..js (module.js:664:10)\n    at Object.require.extensions.(anonymous function) [as .ts] (/usr/local/lib/node_modules/pm2/node_modules/ts-node/src/index.ts:442:12)\n    at Module.load (module.js:566:32)\n    at tryModuleLoad (module.js:506:12)\n    at Function.Module._load (module.js:498:3)\n    at Module.require (module.js:597:17)","exception":true,"date":"Mon Jan 21 2019 01:39:22 GMT+0000 (UTC)","process":{"pid":2176,"uid":0,"gid":0,"cwd":"/usr/src/app/doodoo-todo-api2","execPath":"/usr/local/bin/node","version":"v8.15.0","argv":["node","/usr/local/lib/node_modules/pm2/lib/ProcessContainerFork.js"],"memoryUsage":{"rss":170934272,"heapTotal":115060736,"heapUsed":87204224,"external":126715}},"os":{"loadavg":[0.283203125,0.11962890625,0.09912109375],"uptime":65722},"trace":[{"column":12,"file":"/usr/local/lib/node_modules/pm2/node_modules/ts-node/src/index.ts","function":"createTSError","line":261,"method":null,"native":false},{"column":40,"file":"/usr/local/lib/node_modules/pm2/node_modules/ts-node/src/index.ts","function":"getOutput","line":367,"method":null,"native":false},{"column":11,"file":"/usr/local/lib/node_modules/pm2/node_modules/ts-node/src/index.ts","function":"Object.compile","line":558,"method":"compile","native":false},{"column":43,"file":"/usr/local/lib/node_modules/pm2/node_modules/ts-node/src/index.ts","function":"Module.m._compile","line":439,"method":"_compile","native":false},{"column":10,"file":"module.js","function":"Module._extensions..js","line":664,"method":".js","native":false},{"column":12,"file":"/usr/local/lib/node_modules/pm2/node_modules/ts-node/src/index.ts","function":"Object.require.extensions.(anonymous function) [as .ts]","line":442,"method":"ts]","native":false},{"column":32,"file":"module.js","function":"Module.load","line":566,"method":"load","native":false},{"column":12,"file":"module.js","function":"tryModuleLoad","line":506,"method":null,"native":false},{"column":3,"file":"module.js","function":"Module._load","line":498,"method":"_load","native":false},{"column":17,"file":"module.js","function":"Module.require","line":597,"method":"require","native":false}]}
{"error":{"diagnosticText":"src/service/AuthService.ts(78,12): error TS2454: Variable 'result' is used before being assigned.\n","diagnosticCodes":[2454]},"level":"error","message":"uncaughtException: ⨯ Unable to compile TypeScript:\nsrc/service/AuthService.ts(78,12): error TS2454: Variable 'result' is used before being assigned.\n\nTSError: ⨯ Unable to compile TypeScript:\nsrc/service/AuthService.ts(78,12): error TS2454: Variable 'result' is used before being assigned.\n\n    at createTSError (/usr/local/lib/node_modules/pm2/node_modules/ts-node/src/index.ts:261:12)\n    at getOutput (/usr/local/lib/node_modules/pm2/node_modules/ts-node/src/index.ts:367:40)\n    at Object.compile (/usr/local/lib/node_modules/pm2/node_modules/ts-node/src/index.ts:558:11)\n    at Module.m._compile (/usr/local/lib/node_modules/pm2/node_modules/ts-node/src/index.ts:439:43)\n    at Module._extensions..js (module.js:664:10)\n    at Object.require.extensions.(anonymous function) [as .ts] (/usr/local/lib/node_modules/pm2/node_modules/ts-node/src/index.ts:442:12)\n    at Module.load (module.js:566:32)\n    at tryModuleLoad (module.js:506:12)\n    at Function.Module._load (module.js:498:3)\n    at Module.require (module.js:597:17)","stack":"TSError: ⨯ Unable to compile TypeScript:\nsrc/service/AuthService.ts(78,12): error TS2454: Variable 'result' is used before being assigned.\n\n    at createTSError (/usr/local/lib/node_modules/pm2/node_modules/ts-node/src/index.ts:261:12)\n    at getOutput (/usr/local/lib/node_modules/pm2/node_modules/ts-node/src/index.ts:367:40)\n    at Object.compile (/usr/local/lib/node_modules/pm2/node_modules/ts-node/src/index.ts:558:11)\n    at Module.m._compile (/usr/local/lib/node_modules/pm2/node_modules/ts-node/src/index.ts:439:43)\n    at Module._extensions..js (module.js:664:10)\n    at Object.require.extensions.(anonymous function) [as .ts] (/usr/local/lib/node_modules/pm2/node_modules/ts-node/src/index.ts:442:12)\n    at Module.load (module.js:566:32)\n    at tryModuleLoad (module.js:506:12)\n    at Function.Module._load (module.js:498:3)\n    at Module.require (module.js:597:17)","exception":true,"date":"Mon Jan 21 2019 01:53:07 GMT+0000 (UTC)","process":{"pid":2259,"uid":0,"gid":0,"cwd":"/usr/src/app/doodoo-todo-api2","execPath":"/usr/local/bin/node","version":"v8.15.0","argv":["node","/usr/local/lib/node_modules/pm2/lib/ProcessContainerFork.js"],"memoryUsage":{"rss":164229120,"heapTotal":116109312,"heapUsed":91112592,"external":126715}},"os":{"loadavg":[0.3828125,0.13134765625,0.0888671875],"uptime":66548},"trace":[{"column":12,"file":"/usr/local/lib/node_modules/pm2/node_modules/ts-node/src/index.ts","function":"createTSError","line":261,"method":null,"native":false},{"column":40,"file":"/usr/local/lib/node_modules/pm2/node_modules/ts-node/src/index.ts","function":"getOutput","line":367,"method":null,"native":false},{"column":11,"file":"/usr/local/lib/node_modules/pm2/node_modules/ts-node/src/index.ts","function":"Object.compile","line":558,"method":"compile","native":false},{"column":43,"file":"/usr/local/lib/node_modules/pm2/node_modules/ts-node/src/index.ts","function":"Module.m._compile","line":439,"method":"_compile","native":false},{"column":10,"file":"module.js","function":"Module._extensions..js","line":664,"method":".js","native":false},{"column":12,"file":"/usr/local/lib/node_modules/pm2/node_modules/ts-node/src/index.ts","function":"Object.require.extensions.(anonymous function) [as .ts]","line":442,"method":"ts]","native":false},{"column":32,"file":"module.js","function":"Module.load","line":566,"method":"load","native":false},{"column":12,"file":"module.js","function":"tryModuleLoad","line":506,"method":null,"native":false},{"column":3,"file":"module.js","function":"Module._load","line":498,"method":"_load","native":false},{"column":17,"file":"module.js","function":"Module.require","line":597,"method":"require","native":false}]}
{"error":{"diagnosticText":"src/service/AuthService.ts(78,12): error TS2454: Variable 'result' is used before being assigned.\n","diagnosticCodes":[2454]},"level":"error","message":"uncaughtException: ⨯ Unable to compile TypeScript:\nsrc/service/AuthService.ts(78,12): error TS2454: Variable 'result' is used before being assigned.\n\nTSError: ⨯ Unable to compile TypeScript:\nsrc/service/AuthService.ts(78,12): error TS2454: Variable 'result' is used before being assigned.\n\n    at createTSError (/usr/local/lib/node_modules/pm2/node_modules/ts-node/src/index.ts:261:12)\n    at getOutput (/usr/local/lib/node_modules/pm2/node_modules/ts-node/src/index.ts:367:40)\n    at Object.compile (/usr/local/lib/node_modules/pm2/node_modules/ts-node/src/index.ts:558:11)\n    at Module.m._compile (/usr/local/lib/node_modules/pm2/node_modules/ts-node/src/index.ts:439:43)\n    at Module._extensions..js (module.js:664:10)\n    at Object.require.extensions.(anonymous function) [as .ts] (/usr/local/lib/node_modules/pm2/node_modules/ts-node/src/index.ts:442:12)\n    at Module.load (module.js:566:32)\n    at tryModuleLoad (module.js:506:12)\n    at Function.Module._load (module.js:498:3)\n    at Module.require (module.js:597:17)","stack":"TSError: ⨯ Unable to compile TypeScript:\nsrc/service/AuthService.ts(78,12): error TS2454: Variable 'result' is used before being assigned.\n\n    at createTSError (/usr/local/lib/node_modules/pm2/node_modules/ts-node/src/index.ts:261:12)\n    at getOutput (/usr/local/lib/node_modules/pm2/node_modules/ts-node/src/index.ts:367:40)\n    at Object.compile (/usr/local/lib/node_modules/pm2/node_modules/ts-node/src/index.ts:558:11)\n    at Module.m._compile (/usr/local/lib/node_modules/pm2/node_modules/ts-node/src/index.ts:439:43)\n    at Module._extensions..js (module.js:664:10)\n    at Object.require.extensions.(anonymous function) [as .ts] (/usr/local/lib/node_modules/pm2/node_modules/ts-node/src/index.ts:442:12)\n    at Module.load (module.js:566:32)\n    at tryModuleLoad (module.js:506:12)\n    at Function.Module._load (module.js:498:3)\n    at Module.require (module.js:597:17)","exception":true,"date":"Mon Jan 21 2019 01:53:18 GMT+0000 (UTC)","process":{"pid":2269,"uid":0,"gid":0,"cwd":"/usr/src/app/doodoo-todo-api2","execPath":"/usr/local/bin/node","version":"v8.15.0","argv":["node","/usr/local/lib/node_modules/pm2/lib/ProcessContainerFork.js"],"memoryUsage":{"rss":169172992,"heapTotal":115060736,"heapUsed":87383936,"external":126715}},"os":{"loadavg":[0.32373046875,0.12646484375,0.087890625],"uptime":66559},"trace":[{"column":12,"file":"/usr/local/lib/node_modules/pm2/node_modules/ts-node/src/index.ts","function":"createTSError","line":261,"method":null,"native":false},{"column":40,"file":"/usr/local/lib/node_modules/pm2/node_modules/ts-node/src/index.ts","function":"getOutput","line":367,"method":null,"native":false},{"column":11,"file":"/usr/local/lib/node_modules/pm2/node_modules/ts-node/src/index.ts","function":"Object.compile","line":558,"method":"compile","native":false},{"column":43,"file":"/usr/local/lib/node_modules/pm2/node_modules/ts-node/src/index.ts","function":"Module.m._compile","line":439,"method":"_compile","native":false},{"column":10,"file":"module.js","function":"Module._extensions..js","line":664,"method":".js","native":false},{"column":12,"file":"/usr/local/lib/node_modules/pm2/node_modules/ts-node/src/index.ts","function":"Object.require.extensions.(anonymous function) [as .ts]","line":442,"method":"ts]","native":false},{"column":32,"file":"module.js","function":"Module.load","line":566,"method":"load","native":false},{"column":12,"file":"module.js","function":"tryModuleLoad","line":506,"method":null,"native":false},{"column":3,"file":"module.js","function":"Module._load","line":498,"method":"_load","native":false},{"column":17,"file":"module.js","function":"Module.require","line":597,"method":"require","native":false}]}
{"error":{"diagnosticText":"src/service/AuthService.ts(78,12): error TS2454: Variable 'result' is used before being assigned.\n","diagnosticCodes":[2454]},"level":"error","message":"uncaughtException: ⨯ Unable to compile TypeScript:\nsrc/service/AuthService.ts(78,12): error TS2454: Variable 'result' is used before being assigned.\n\nTSError: ⨯ Unable to compile TypeScript:\nsrc/service/AuthService.ts(78,12): error TS2454: Variable 'result' is used before being assigned.\n\n    at createTSError (/usr/local/lib/node_modules/pm2/node_modules/ts-node/src/index.ts:261:12)\n    at getOutput (/usr/local/lib/node_modules/pm2/node_modules/ts-node/src/index.ts:367:40)\n    at Object.compile (/usr/local/lib/node_modules/pm2/node_modules/ts-node/src/index.ts:558:11)\n    at Module.m._compile (/usr/local/lib/node_modules/pm2/node_modules/ts-node/src/index.ts:439:43)\n    at Module._extensions..js (module.js:664:10)\n    at Object.require.extensions.(anonymous function) [as .ts] (/usr/local/lib/node_modules/pm2/node_modules/ts-node/src/index.ts:442:12)\n    at Module.load (module.js:566:32)\n    at tryModuleLoad (module.js:506:12)\n    at Function.Module._load (module.js:498:3)\n    at Module.require (module.js:597:17)","stack":"TSError: ⨯ Unable to compile TypeScript:\nsrc/service/AuthService.ts(78,12): error TS2454: Variable 'result' is used before being assigned.\n\n    at createTSError (/usr/local/lib/node_modules/pm2/node_modules/ts-node/src/index.ts:261:12)\n    at getOutput (/usr/local/lib/node_modules/pm2/node_modules/ts-node/src/index.ts:367:40)\n    at Object.compile (/usr/local/lib/node_modules/pm2/node_modules/ts-node/src/index.ts:558:11)\n    at Module.m._compile (/usr/local/lib/node_modules/pm2/node_modules/ts-node/src/index.ts:439:43)\n    at Module._extensions..js (module.js:664:10)\n    at Object.require.extensions.(anonymous function) [as .ts] (/usr/local/lib/node_modules/pm2/node_modules/ts-node/src/index.ts:442:12)\n    at Module.load (module.js:566:32)\n    at tryModuleLoad (module.js:506:12)\n    at Function.Module._load (module.js:498:3)\n    at Module.require (module.js:597:17)","exception":true,"date":"Mon Jan 21 2019 01:53:29 GMT+0000 (UTC)","process":{"pid":2279,"uid":0,"gid":0,"cwd":"/usr/src/app/doodoo-todo-api2","execPath":"/usr/local/bin/node","version":"v8.15.0","argv":["node","/usr/local/lib/node_modules/pm2/lib/ProcessContainerFork.js"],"memoryUsage":{"rss":165441536,"heapTotal":115060736,"heapUsed":87458592,"external":126715}},"os":{"loadavg":[0.5751953125,0.1884765625,0.10888671875],"uptime":66570},"trace":[{"column":12,"file":"/usr/local/lib/node_modules/pm2/node_modules/ts-node/src/index.ts","function":"createTSError","line":261,"method":null,"native":false},{"column":40,"file":"/usr/local/lib/node_modules/pm2/node_modules/ts-node/src/index.ts","function":"getOutput","line":367,"method":null,"native":false},{"column":11,"file":"/usr/local/lib/node_modules/pm2/node_modules/ts-node/src/index.ts","function":"Object.compile","line":558,"method":"compile","native":false},{"column":43,"file":"/usr/local/lib/node_modules/pm2/node_modules/ts-node/src/index.ts","function":"Module.m._compile","line":439,"method":"_compile","native":false},{"column":10,"file":"module.js","function":"Module._extensions..js","line":664,"method":".js","native":false},{"column":12,"file":"/usr/local/lib/node_modules/pm2/node_modules/ts-node/src/index.ts","function":"Object.require.extensions.(anonymous function) [as .ts]","line":442,"method":"ts]","native":false},{"column":32,"file":"module.js","function":"Module.load","line":566,"method":"load","native":false},{"column":12,"file":"module.js","function":"tryModuleLoad","line":506,"method":null,"native":false},{"column":3,"file":"module.js","function":"Module._load","line":498,"method":"_load","native":false},{"column":17,"file":"module.js","function":"Module.require","line":597,"method":"require","native":false}]}
{"error":{"diagnosticText":"src/service/AuthService.ts(78,12): error TS2454: Variable 'result' is used before being assigned.\n","diagnosticCodes":[2454]},"level":"error","message":"uncaughtException: ⨯ Unable to compile TypeScript:\nsrc/service/AuthService.ts(78,12): error TS2454: Variable 'result' is used before being assigned.\n\nTSError: ⨯ Unable to compile TypeScript:\nsrc/service/AuthService.ts(78,12): error TS2454: Variable 'result' is used before being assigned.\n\n    at createTSError (/usr/local/lib/node_modules/pm2/node_modules/ts-node/src/index.ts:261:12)\n    at getOutput (/usr/local/lib/node_modules/pm2/node_modules/ts-node/src/index.ts:367:40)\n    at Object.compile (/usr/local/lib/node_modules/pm2/node_modules/ts-node/src/index.ts:558:11)\n    at Module.m._compile (/usr/local/lib/node_modules/pm2/node_modules/ts-node/src/index.ts:439:43)\n    at Module._extensions..js (module.js:664:10)\n    at Object.require.extensions.(anonymous function) [as .ts] (/usr/local/lib/node_modules/pm2/node_modules/ts-node/src/index.ts:442:12)\n    at Module.load (module.js:566:32)\n    at tryModuleLoad (module.js:506:12)\n    at Function.Module._load (module.js:498:3)\n    at Module.require (module.js:597:17)","stack":"TSError: ⨯ Unable to compile TypeScript:\nsrc/service/AuthService.ts(78,12): error TS2454: Variable 'result' is used before being assigned.\n\n    at createTSError (/usr/local/lib/node_modules/pm2/node_modules/ts-node/src/index.ts:261:12)\n    at getOutput (/usr/local/lib/node_modules/pm2/node_modules/ts-node/src/index.ts:367:40)\n    at Object.compile (/usr/local/lib/node_modules/pm2/node_modules/ts-node/src/index.ts:558:11)\n    at Module.m._compile (/usr/local/lib/node_modules/pm2/node_modules/ts-node/src/index.ts:439:43)\n    at Module._extensions..js (module.js:664:10)\n    at Object.require.extensions.(anonymous function) [as .ts] (/usr/local/lib/node_modules/pm2/node_modules/ts-node/src/index.ts:442:12)\n    at Module.load (module.js:566:32)\n    at tryModuleLoad (module.js:506:12)\n    at Function.Module._load (module.js:498:3)\n    at Module.require (module.js:597:17)","exception":true,"date":"Mon Jan 21 2019 01:55:43 GMT+0000 (UTC)","process":{"pid":2311,"uid":0,"gid":0,"cwd":"/usr/src/app/doodoo-todo-api2","execPath":"/usr/local/bin/node","version":"v8.15.0","argv":["node","/usr/local/lib/node_modules/pm2/lib/ProcessContainerFork.js"],"memoryUsage":{"rss":171053056,"heapTotal":117157888,"heapUsed":86539176,"external":134907}},"os":{"loadavg":[0.20654296875,0.14794921875,0.09716796875],"uptime":66704},"trace":[{"column":12,"file":"/usr/local/lib/node_modules/pm2/node_modules/ts-node/src/index.ts","function":"createTSError","line":261,"method":null,"native":false},{"column":40,"file":"/usr/local/lib/node_modules/pm2/node_modules/ts-node/src/index.ts","function":"getOutput","line":367,"method":null,"native":false},{"column":11,"file":"/usr/local/lib/node_modules/pm2/node_modules/ts-node/src/index.ts","function":"Object.compile","line":558,"method":"compile","native":false},{"column":43,"file":"/usr/local/lib/node_modules/pm2/node_modules/ts-node/src/index.ts","function":"Module.m._compile","line":439,"method":"_compile","native":false},{"column":10,"file":"module.js","function":"Module._extensions..js","line":664,"method":".js","native":false},{"column":12,"file":"/usr/local/lib/node_modules/pm2/node_modules/ts-node/src/index.ts","function":"Object.require.extensions.(anonymous function) [as .ts]","line":442,"method":"ts]","native":false},{"column":32,"file":"module.js","function":"Module.load","line":566,"method":"load","native":false},{"column":12,"file":"module.js","function":"tryModuleLoad","line":506,"method":null,"native":false},{"column":3,"file":"module.js","function":"Module._load","line":498,"method":"_load","native":false},{"column":17,"file":"module.js","function":"Module.require","line":597,"method":"require","native":false}]}
{"error":{"diagnosticText":"src/service/AuthService.ts(78,12): error TS2454: Variable 'result' is used before being assigned.\n","diagnosticCodes":[2454]},"level":"error","message":"uncaughtException: ⨯ Unable to compile TypeScript:\nsrc/service/AuthService.ts(78,12): error TS2454: Variable 'result' is used before being assigned.\n\nTSError: ⨯ Unable to compile TypeScript:\nsrc/service/AuthService.ts(78,12): error TS2454: Variable 'result' is used before being assigned.\n\n    at createTSError (/usr/local/lib/node_modules/pm2/node_modules/ts-node/src/index.ts:261:12)\n    at getOutput (/usr/local/lib/node_modules/pm2/node_modules/ts-node/src/index.ts:367:40)\n    at Object.compile (/usr/local/lib/node_modules/pm2/node_modules/ts-node/src/index.ts:558:11)\n    at Module.m._compile (/usr/local/lib/node_modules/pm2/node_modules/ts-node/src/index.ts:439:43)\n    at Module._extensions..js (module.js:664:10)\n    at Object.require.extensions.(anonymous function) [as .ts] (/usr/local/lib/node_modules/pm2/node_modules/ts-node/src/index.ts:442:12)\n    at Module.load (module.js:566:32)\n    at tryModuleLoad (module.js:506:12)\n    at Function.Module._load (module.js:498:3)\n    at Module.require (module.js:597:17)","stack":"TSError: ⨯ Unable to compile TypeScript:\nsrc/service/AuthService.ts(78,12): error TS2454: Variable 'result' is used before being assigned.\n\n    at createTSError (/usr/local/lib/node_modules/pm2/node_modules/ts-node/src/index.ts:261:12)\n    at getOutput (/usr/local/lib/node_modules/pm2/node_modules/ts-node/src/index.ts:367:40)\n    at Object.compile (/usr/local/lib/node_modules/pm2/node_modules/ts-node/src/index.ts:558:11)\n    at Module.m._compile (/usr/local/lib/node_modules/pm2/node_modules/ts-node/src/index.ts:439:43)\n    at Module._extensions..js (module.js:664:10)\n    at Object.require.extensions.(anonymous function) [as .ts] (/usr/local/lib/node_modules/pm2/node_modules/ts-node/src/index.ts:442:12)\n    at Module.load (module.js:566:32)\n    at tryModuleLoad (module.js:506:12)\n    at Function.Module._load (module.js:498:3)\n    at Module.require (module.js:597:17)","exception":true,"date":"Mon Jan 21 2019 01:55:54 GMT+0000 (UTC)","process":{"pid":2321,"uid":0,"gid":0,"cwd":"/usr/src/app/doodoo-todo-api2","execPath":"/usr/local/bin/node","version":"v8.15.0","argv":["node","/usr/local/lib/node_modules/pm2/lib/ProcessContainerFork.js"],"memoryUsage":{"rss":171835392,"heapTotal":114536448,"heapUsed":87591200,"external":126715}},"os":{"loadavg":[0.24853515625,0.1591796875,0.10107421875],"uptime":66715},"trace":[{"column":12,"file":"/usr/local/lib/node_modules/pm2/node_modules/ts-node/src/index.ts","function":"createTSError","line":261,"method":null,"native":false},{"column":40,"file":"/usr/local/lib/node_modules/pm2/node_modules/ts-node/src/index.ts","function":"getOutput","line":367,"method":null,"native":false},{"column":11,"file":"/usr/local/lib/node_modules/pm2/node_modules/ts-node/src/index.ts","function":"Object.compile","line":558,"method":"compile","native":false},{"column":43,"file":"/usr/local/lib/node_modules/pm2/node_modules/ts-node/src/index.ts","function":"Module.m._compile","line":439,"method":"_compile","native":false},{"column":10,"file":"module.js","function":"Module._extensions..js","line":664,"method":".js","native":false},{"column":12,"file":"/usr/local/lib/node_modules/pm2/node_modules/ts-node/src/index.ts","function":"Object.require.extensions.(anonymous function) [as .ts]","line":442,"method":"ts]","native":false},{"column":32,"file":"module.js","function":"Module.load","line":566,"method":"load","native":false},{"column":12,"file":"module.js","function":"tryModuleLoad","line":506,"method":null,"native":false},{"column":3,"file":"module.js","function":"Module._load","line":498,"method":"_load","native":false},{"column":17,"file":"module.js","function":"Module.require","line":597,"method":"require","native":false}]}
{"error":{"diagnosticText":"src/service/AuthService.ts(78,12): error TS2454: Variable 'result' is used before being assigned.\n","diagnosticCodes":[2454]},"level":"error","message":"uncaughtException: ⨯ Unable to compile TypeScript:\nsrc/service/AuthService.ts(78,12): error TS2454: Variable 'result' is used before being assigned.\n\nTSError: ⨯ Unable to compile TypeScript:\nsrc/service/AuthService.ts(78,12): error TS2454: Variable 'result' is used before being assigned.\n\n    at createTSError (/usr/local/lib/node_modules/pm2/node_modules/ts-node/src/index.ts:261:12)\n    at getOutput (/usr/local/lib/node_modules/pm2/node_modules/ts-node/src/index.ts:367:40)\n    at Object.compile (/usr/local/lib/node_modules/pm2/node_modules/ts-node/src/index.ts:558:11)\n    at Module.m._compile (/usr/local/lib/node_modules/pm2/node_modules/ts-node/src/index.ts:439:43)\n    at Module._extensions..js (module.js:664:10)\n    at Object.require.extensions.(anonymous function) [as .ts] (/usr/local/lib/node_modules/pm2/node_modules/ts-node/src/index.ts:442:12)\n    at Module.load (module.js:566:32)\n    at tryModuleLoad (module.js:506:12)\n    at Function.Module._load (module.js:498:3)\n    at Module.require (module.js:597:17)","stack":"TSError: ⨯ Unable to compile TypeScript:\nsrc/service/AuthService.ts(78,12): error TS2454: Variable 'result' is used before being assigned.\n\n    at createTSError (/usr/local/lib/node_modules/pm2/node_modules/ts-node/src/index.ts:261:12)\n    at getOutput (/usr/local/lib/node_modules/pm2/node_modules/ts-node/src/index.ts:367:40)\n    at Object.compile (/usr/local/lib/node_modules/pm2/node_modules/ts-node/src/index.ts:558:11)\n    at Module.m._compile (/usr/local/lib/node_modules/pm2/node_modules/ts-node/src/index.ts:439:43)\n    at Module._extensions..js (module.js:664:10)\n    at Object.require.extensions.(anonymous function) [as .ts] (/usr/local/lib/node_modules/pm2/node_modules/ts-node/src/index.ts:442:12)\n    at Module.load (module.js:566:32)\n    at tryModuleLoad (module.js:506:12)\n    at Function.Module._load (module.js:498:3)\n    at Module.require (module.js:597:17)","exception":true,"date":"Mon Jan 21 2019 01:56:07 GMT+0000 (UTC)","process":{"pid":2331,"uid":0,"gid":0,"cwd":"/usr/src/app/doodoo-todo-api2","execPath":"/usr/local/bin/node","version":"v8.15.0","argv":["node","/usr/local/lib/node_modules/pm2/lib/ProcessContainerFork.js"],"memoryUsage":{"rss":169746432,"heapTotal":118730752,"heapUsed":85974640,"external":80398}},"os":{"loadavg":[0.50146484375,0.21728515625,0.12060546875],"uptime":66728},"trace":[{"column":12,"file":"/usr/local/lib/node_modules/pm2/node_modules/ts-node/src/index.ts","function":"createTSError","line":261,"method":null,"native":false},{"column":40,"file":"/usr/local/lib/node_modules/pm2/node_modules/ts-node/src/index.ts","function":"getOutput","line":367,"method":null,"native":false},{"column":11,"file":"/usr/local/lib/node_modules/pm2/node_modules/ts-node/src/index.ts","function":"Object.compile","line":558,"method":"compile","native":false},{"column":43,"file":"/usr/local/lib/node_modules/pm2/node_modules/ts-node/src/index.ts","function":"Module.m._compile","line":439,"method":"_compile","native":false},{"column":10,"file":"module.js","function":"Module._extensions..js","line":664,"method":".js","native":false},{"column":12,"file":"/usr/local/lib/node_modules/pm2/node_modules/ts-node/src/index.ts","function":"Object.require.extensions.(anonymous function) [as .ts]","line":442,"method":"ts]","native":false},{"column":32,"file":"module.js","function":"Module.load","line":566,"method":"load","native":false},{"column":12,"file":"module.js","function":"tryModuleLoad","line":506,"method":null,"native":false},{"column":3,"file":"module.js","function":"Module._load","line":498,"method":"_load","native":false},{"column":17,"file":"module.js","function":"Module.require","line":597,"method":"require","native":false}]}
{"error":{"diagnosticText":"src/service/AuthService.ts(78,12): error TS2454: Variable 'result' is used before being assigned.\n","diagnosticCodes":[2454]},"level":"error","message":"uncaughtException: ⨯ Unable to compile TypeScript:\nsrc/service/AuthService.ts(78,12): error TS2454: Variable 'result' is used before being assigned.\n\nTSError: ⨯ Unable to compile TypeScript:\nsrc/service/AuthService.ts(78,12): error TS2454: Variable 'result' is used before being assigned.\n\n    at createTSError (/usr/local/lib/node_modules/pm2/node_modules/ts-node/src/index.ts:261:12)\n    at getOutput (/usr/local/lib/node_modules/pm2/node_modules/ts-node/src/index.ts:367:40)\n    at Object.compile (/usr/local/lib/node_modules/pm2/node_modules/ts-node/src/index.ts:558:11)\n    at Module.m._compile (/usr/local/lib/node_modules/pm2/node_modules/ts-node/src/index.ts:439:43)\n    at Module._extensions..js (module.js:664:10)\n    at Object.require.extensions.(anonymous function) [as .ts] (/usr/local/lib/node_modules/pm2/node_modules/ts-node/src/index.ts:442:12)\n    at Module.load (module.js:566:32)\n    at tryModuleLoad (module.js:506:12)\n    at Function.Module._load (module.js:498:3)\n    at Module.require (module.js:597:17)","stack":"TSError: ⨯ Unable to compile TypeScript:\nsrc/service/AuthService.ts(78,12): error TS2454: Variable 'result' is used before being assigned.\n\n    at createTSError (/usr/local/lib/node_modules/pm2/node_modules/ts-node/src/index.ts:261:12)\n    at getOutput (/usr/local/lib/node_modules/pm2/node_modules/ts-node/src/index.ts:367:40)\n    at Object.compile (/usr/local/lib/node_modules/pm2/node_modules/ts-node/src/index.ts:558:11)\n    at Module.m._compile (/usr/local/lib/node_modules/pm2/node_modules/ts-node/src/index.ts:439:43)\n    at Module._extensions..js (module.js:664:10)\n    at Object.require.extensions.(anonymous function) [as .ts] (/usr/local/lib/node_modules/pm2/node_modules/ts-node/src/index.ts:442:12)\n    at Module.load (module.js:566:32)\n    at tryModuleLoad (module.js:506:12)\n    at Function.Module._load (module.js:498:3)\n    at Module.require (module.js:597:17)","exception":true,"date":"Mon Jan 21 2019 01:56:22 GMT+0000 (UTC)","process":{"pid":2341,"uid":0,"gid":0,"cwd":"/usr/src/app/doodoo-todo-api2","execPath":"/usr/local/bin/node","version":"v8.15.0","argv":["node","/usr/local/lib/node_modules/pm2/lib/ProcessContainerFork.js"],"memoryUsage":{"rss":169385984,"heapTotal":115060736,"heapUsed":87519512,"external":126715}},"os":{"loadavg":[0.61279296875,0.25634765625,0.13525390625],"uptime":66743},"trace":[{"column":12,"file":"/usr/local/lib/node_modules/pm2/node_modules/ts-node/src/index.ts","function":"createTSError","line":261,"method":null,"native":false},{"column":40,"file":"/usr/local/lib/node_modules/pm2/node_modules/ts-node/src/index.ts","function":"getOutput","line":367,"method":null,"native":false},{"column":11,"file":"/usr/local/lib/node_modules/pm2/node_modules/ts-node/src/index.ts","function":"Object.compile","line":558,"method":"compile","native":false},{"column":43,"file":"/usr/local/lib/node_modules/pm2/node_modules/ts-node/src/index.ts","function":"Module.m._compile","line":439,"method":"_compile","native":false},{"column":10,"file":"module.js","function":"Module._extensions..js","line":664,"method":".js","native":false},{"column":12,"file":"/usr/local/lib/node_modules/pm2/node_modules/ts-node/src/index.ts","function":"Object.require.extensions.(anonymous function) [as .ts]","line":442,"method":"ts]","native":false},{"column":32,"file":"module.js","function":"Module.load","line":566,"method":"load","native":false},{"column":12,"file":"module.js","function":"tryModuleLoad","line":506,"method":null,"native":false},{"column":3,"file":"module.js","function":"Module._load","line":498,"method":"_load","native":false},{"column":17,"file":"module.js","function":"Module.require","line":597,"method":"require","native":false}]}
{"error":{"diagnosticText":"src/service/AuthService.ts(78,12): error TS2454: Variable 'result' is used before being assigned.\n","diagnosticCodes":[2454]},"level":"error","message":"uncaughtException: ⨯ Unable to compile TypeScript:\nsrc/service/AuthService.ts(78,12): error TS2454: Variable 'result' is used before being assigned.\n\nTSError: ⨯ Unable to compile TypeScript:\nsrc/service/AuthService.ts(78,12): error TS2454: Variable 'result' is used before being assigned.\n\n    at createTSError (/usr/local/lib/node_modules/pm2/node_modules/ts-node/src/index.ts:261:12)\n    at getOutput (/usr/local/lib/node_modules/pm2/node_modules/ts-node/src/index.ts:367:40)\n    at Object.compile (/usr/local/lib/node_modules/pm2/node_modules/ts-node/src/index.ts:558:11)\n    at Module.m._compile (/usr/local/lib/node_modules/pm2/node_modules/ts-node/src/index.ts:439:43)\n    at Module._extensions..js (module.js:664:10)\n    at Object.require.extensions.(anonymous function) [as .ts] (/usr/local/lib/node_modules/pm2/node_modules/ts-node/src/index.ts:442:12)\n    at Module.load (module.js:566:32)\n    at tryModuleLoad (module.js:506:12)\n    at Function.Module._load (module.js:498:3)\n    at Module.require (module.js:597:17)","stack":"TSError: ⨯ Unable to compile TypeScript:\nsrc/service/AuthService.ts(78,12): error TS2454: Variable 'result' is used before being assigned.\n\n    at createTSError (/usr/local/lib/node_modules/pm2/node_modules/ts-node/src/index.ts:261:12)\n    at getOutput (/usr/local/lib/node_modules/pm2/node_modules/ts-node/src/index.ts:367:40)\n    at Object.compile (/usr/local/lib/node_modules/pm2/node_modules/ts-node/src/index.ts:558:11)\n    at Module.m._compile (/usr/local/lib/node_modules/pm2/node_modules/ts-node/src/index.ts:439:43)\n    at Module._extensions..js (module.js:664:10)\n    at Object.require.extensions.(anonymous function) [as .ts] (/usr/local/lib/node_modules/pm2/node_modules/ts-node/src/index.ts:442:12)\n    at Module.load (module.js:566:32)\n    at tryModuleLoad (module.js:506:12)\n    at Function.Module._load (module.js:498:3)\n    at Module.require (module.js:597:17)","exception":true,"date":"Mon Jan 21 2019 01:56:36 GMT+0000 (UTC)","process":{"pid":2351,"uid":0,"gid":0,"cwd":"/usr/src/app/doodoo-todo-api2","execPath":"/usr/local/bin/node","version":"v8.15.0","argv":["node","/usr/local/lib/node_modules/pm2/lib/ProcessContainerFork.js"],"memoryUsage":{"rss":168996864,"heapTotal":114536448,"heapUsed":87372728,"external":126715}},"os":{"loadavg":[0.7529296875,0.2978515625,0.150390625],"uptime":66757},"trace":[{"column":12,"file":"/usr/local/lib/node_modules/pm2/node_modules/ts-node/src/index.ts","function":"createTSError","line":261,"method":null,"native":false},{"column":40,"file":"/usr/local/lib/node_modules/pm2/node_modules/ts-node/src/index.ts","function":"getOutput","line":367,"method":null,"native":false},{"column":11,"file":"/usr/local/lib/node_modules/pm2/node_modules/ts-node/src/index.ts","function":"Object.compile","line":558,"method":"compile","native":false},{"column":43,"file":"/usr/local/lib/node_modules/pm2/node_modules/ts-node/src/index.ts","function":"Module.m._compile","line":439,"method":"_compile","native":false},{"column":10,"file":"module.js","function":"Module._extensions..js","line":664,"method":".js","native":false},{"column":12,"file":"/usr/local/lib/node_modules/pm2/node_modules/ts-node/src/index.ts","function":"Object.require.extensions.(anonymous function) [as .ts]","line":442,"method":"ts]","native":false},{"column":32,"file":"module.js","function":"Module.load","line":566,"method":"load","native":false},{"column":12,"file":"module.js","function":"tryModuleLoad","line":506,"method":null,"native":false},{"column":3,"file":"module.js","function":"Module._load","line":498,"method":"_load","native":false},{"column":17,"file":"module.js","function":"Module.require","line":597,"method":"require","native":false}]}
{"error":{"diagnosticText":"src/service/AuthService.ts(78,12): error TS2454: Variable 'result' is used before being assigned.\n","diagnosticCodes":[2454]},"level":"error","message":"uncaughtException: ⨯ Unable to compile TypeScript:\nsrc/service/AuthService.ts(78,12): error TS2454: Variable 'result' is used before being assigned.\n\nTSError: ⨯ Unable to compile TypeScript:\nsrc/service/AuthService.ts(78,12): error TS2454: Variable 'result' is used before being assigned.\n\n    at createTSError (/usr/local/lib/node_modules/pm2/node_modules/ts-node/src/index.ts:261:12)\n    at getOutput (/usr/local/lib/node_modules/pm2/node_modules/ts-node/src/index.ts:367:40)\n    at Object.compile (/usr/local/lib/node_modules/pm2/node_modules/ts-node/src/index.ts:558:11)\n    at Module.m._compile (/usr/local/lib/node_modules/pm2/node_modules/ts-node/src/index.ts:439:43)\n    at Module._extensions..js (module.js:664:10)\n    at Object.require.extensions.(anonymous function) [as .ts] (/usr/local/lib/node_modules/pm2/node_modules/ts-node/src/index.ts:442:12)\n    at Module.load (module.js:566:32)\n    at tryModuleLoad (module.js:506:12)\n    at Function.Module._load (module.js:498:3)\n    at Module.require (module.js:597:17)","stack":"TSError: ⨯ Unable to compile TypeScript:\nsrc/service/AuthService.ts(78,12): error TS2454: Variable 'result' is used before being assigned.\n\n    at createTSError (/usr/local/lib/node_modules/pm2/node_modules/ts-node/src/index.ts:261:12)\n    at getOutput (/usr/local/lib/node_modules/pm2/node_modules/ts-node/src/index.ts:367:40)\n    at Object.compile (/usr/local/lib/node_modules/pm2/node_modules/ts-node/src/index.ts:558:11)\n    at Module.m._compile (/usr/local/lib/node_modules/pm2/node_modules/ts-node/src/index.ts:439:43)\n    at Module._extensions..js (module.js:664:10)\n    at Object.require.extensions.(anonymous function) [as .ts] (/usr/local/lib/node_modules/pm2/node_modules/ts-node/src/index.ts:442:12)\n    at Module.load (module.js:566:32)\n    at tryModuleLoad (module.js:506:12)\n    at Function.Module._load (module.js:498:3)\n    at Module.require (module.js:597:17)","exception":true,"date":"Mon Jan 21 2019 01:56:49 GMT+0000 (UTC)","process":{"pid":2361,"uid":0,"gid":0,"cwd":"/usr/src/app/doodoo-todo-api2","execPath":"/usr/local/bin/node","version":"v8.15.0","argv":["node","/usr/local/lib/node_modules/pm2/lib/ProcessContainerFork.js"],"memoryUsage":{"rss":168943616,"heapTotal":116633600,"heapUsed":86673688,"external":134907}},"os":{"loadavg":[0.58544921875,0.28271484375,0.1474609375],"uptime":66770},"trace":[{"column":12,"file":"/usr/local/lib/node_modules/pm2/node_modules/ts-node/src/index.ts","function":"createTSError","line":261,"method":null,"native":false},{"column":40,"file":"/usr/local/lib/node_modules/pm2/node_modules/ts-node/src/index.ts","function":"getOutput","line":367,"method":null,"native":false},{"column":11,"file":"/usr/local/lib/node_modules/pm2/node_modules/ts-node/src/index.ts","function":"Object.compile","line":558,"method":"compile","native":false},{"column":43,"file":"/usr/local/lib/node_modules/pm2/node_modules/ts-node/src/index.ts","function":"Module.m._compile","line":439,"method":"_compile","native":false},{"column":10,"file":"module.js","function":"Module._extensions..js","line":664,"method":".js","native":false},{"column":12,"file":"/usr/local/lib/node_modules/pm2/node_modules/ts-node/src/index.ts","function":"Object.require.extensions.(anonymous function) [as .ts]","line":442,"method":"ts]","native":false},{"column":32,"file":"module.js","function":"Module.load","line":566,"method":"load","native":false},{"column":12,"file":"module.js","function":"tryModuleLoad","line":506,"method":null,"native":false},{"column":3,"file":"module.js","function":"Module._load","line":498,"method":"_load","native":false},{"column":17,"file":"module.js","function":"Module.require","line":597,"method":"require","native":false}]}
{"error":{"diagnosticText":"src/service/AuthService.ts(78,12): error TS2454: Variable 'result' is used before being assigned.\n","diagnosticCodes":[2454]},"level":"error","message":"uncaughtException: ⨯ Unable to compile TypeScript:\nsrc/service/AuthService.ts(78,12): error TS2454: Variable 'result' is used before being assigned.\n\nTSError: ⨯ Unable to compile TypeScript:\nsrc/service/AuthService.ts(78,12): error TS2454: Variable 'result' is used before being assigned.\n\n    at createTSError (/usr/local/lib/node_modules/pm2/node_modules/ts-node/src/index.ts:261:12)\n    at getOutput (/usr/local/lib/node_modules/pm2/node_modules/ts-node/src/index.ts:367:40)\n    at Object.compile (/usr/local/lib/node_modules/pm2/node_modules/ts-node/src/index.ts:558:11)\n    at Module.m._compile (/usr/local/lib/node_modules/pm2/node_modules/ts-node/src/index.ts:439:43)\n    at Module._extensions..js (module.js:664:10)\n    at Object.require.extensions.(anonymous function) [as .ts] (/usr/local/lib/node_modules/pm2/node_modules/ts-node/src/index.ts:442:12)\n    at Module.load (module.js:566:32)\n    at tryModuleLoad (module.js:506:12)\n    at Function.Module._load (module.js:498:3)\n    at Module.require (module.js:597:17)","stack":"TSError: ⨯ Unable to compile TypeScript:\nsrc/service/AuthService.ts(78,12): error TS2454: Variable 'result' is used before being assigned.\n\n    at createTSError (/usr/local/lib/node_modules/pm2/node_modules/ts-node/src/index.ts:261:12)\n    at getOutput (/usr/local/lib/node_modules/pm2/node_modules/ts-node/src/index.ts:367:40)\n    at Object.compile (/usr/local/lib/node_modules/pm2/node_modules/ts-node/src/index.ts:558:11)\n    at Module.m._compile (/usr/local/lib/node_modules/pm2/node_modules/ts-node/src/index.ts:439:43)\n    at Module._extensions..js (module.js:664:10)\n    at Object.require.extensions.(anonymous function) [as .ts] (/usr/local/lib/node_modules/pm2/node_modules/ts-node/src/index.ts:442:12)\n    at Module.load (module.js:566:32)\n    at tryModuleLoad (module.js:506:12)\n    at Function.Module._load (module.js:498:3)\n    at Module.require (module.js:597:17)","exception":true,"date":"Mon Jan 21 2019 01:57:02 GMT+0000 (UTC)","process":{"pid":2371,"uid":0,"gid":0,"cwd":"/usr/src/app/doodoo-todo-api2","execPath":"/usr/local/bin/node","version":"v8.15.0","argv":["node","/usr/local/lib/node_modules/pm2/lib/ProcessContainerFork.js"],"memoryUsage":{"rss":169607168,"heapTotal":115060736,"heapUsed":87312320,"external":126715}},"os":{"loadavg":[0.603515625,0.3017578125,0.15625],"uptime":66783},"trace":[{"column":12,"file":"/usr/local/lib/node_modules/pm2/node_modules/ts-node/src/index.ts","function":"createTSError","line":261,"method":null,"native":false},{"column":40,"file":"/usr/local/lib/node_modules/pm2/node_modules/ts-node/src/index.ts","function":"getOutput","line":367,"method":null,"native":false},{"column":11,"file":"/usr/local/lib/node_modules/pm2/node_modules/ts-node/src/index.ts","function":"Object.compile","line":558,"method":"compile","native":false},{"column":43,"file":"/usr/local/lib/node_modules/pm2/node_modules/ts-node/src/index.ts","function":"Module.m._compile","line":439,"method":"_compile","native":false},{"column":10,"file":"module.js","function":"Module._extensions..js","line":664,"method":".js","native":false},{"column":12,"file":"/usr/local/lib/node_modules/pm2/node_modules/ts-node/src/index.ts","function":"Object.require.extensions.(anonymous function) [as .ts]","line":442,"method":"ts]","native":false},{"column":32,"file":"module.js","function":"Module.load","line":566,"method":"load","native":false},{"column":12,"file":"module.js","function":"tryModuleLoad","line":506,"method":null,"native":false},{"column":3,"file":"module.js","function":"Module._load","line":498,"method":"_load","native":false},{"column":17,"file":"module.js","function":"Module.require","line":597,"method":"require","native":false}]}
